#
# There is insufficient memory for the Java Runtime Environment to continue.
# Native memory allocation (mmap) failed to map 62914560 bytes for G1 virtual space
# Possible reasons:
#   The system is out of physical RAM or swap space
#   The process is running with CompressedOops enabled, and the Java Heap may be blocking the growth of the native heap
# Possible solutions:
#   Reduce memory load on the system
#   Increase physical memory or swap space
#   Check if swap backing store is full
#   Decrease Java heap size (-Xmx/-Xms)
#   Decrease number of Java threads
#   Decrease Java thread stack sizes (-Xss)
#   Set larger code cache with -XX:ReservedCodeCacheSize=
#   JVM is running with Unscaled Compressed Oops mode in which the Java heap is
#     placed in the first 4GB address space. The Java Heap base address is the
#     maximum limit for the native heap growth. Please use -XX:HeapBaseMinAddress
#     to set the Java Heap base and to place the Java Heap above 4GB virtual address.
# This output file may be truncated or incomplete.
#
#  Out of Memory Error (os_windows.cpp:3535), pid=12768, tid=17336
#
# JRE version: OpenJDK Runtime Environment Temurin-17.0.3+7 (17.0.3+7) (build 17.0.3+7)
# Java VM: OpenJDK 64-Bit Server VM Temurin-17.0.3+7 (17.0.3+7, mixed mode, sharing, tiered, compressed oops, compressed class ptrs, g1 gc, windows-amd64)
# No core dump will be written. Minidumps are not enabled by default on client versions of Windows
#

---------------  S U M M A R Y ------------

Command Line: --add-opens=java.base/java.util=ALL-UNNAMED --add-opens=java.base/java.lang=ALL-UNNAMED --add-opens=java.base/java.lang.invoke=ALL-UNNAMED --add-opens=java.base/java.util=ALL-UNNAMED --add-opens=java.prefs/java.util.prefs=ALL-UNNAMED --add-opens=java.prefs/java.util.prefs=ALL-UNNAMED --add-opens=java.base/java.nio.charset=ALL-UNNAMED --add-opens=java.base/java.net=ALL-UNNAMED --add-opens=java.base/java.util.concurrent.atomic=ALL-UNNAMED -Xmx2048m -Dfile.encoding=UTF-8 -Duser.country=US -Duser.language=en -Duser.variant org.gradle.launcher.daemon.bootstrap.GradleDaemon 7.4

Host: Intel(R) Core(TM) i7-10510U CPU @ 1.80GHz, 8 cores, 15G,  Windows 11 , 64 bit Build 22000 (10.0.22000.1219)
Time: Mon Nov 28 21:33:21 2022 South Africa Standard Time elapsed time: 21.525420 seconds (0d 0h 0m 21s)

---------------  T H R E A D  ---------------

Current thread (0x0000023cfeae7ea0):  VMThread "VM Thread" [stack: 0x000000eb8ac00000,0x000000eb8ad00000] [id=17336]

Stack: [0x000000eb8ac00000,0x000000eb8ad00000]
Native frames: (J=compiled Java code, j=interpreted, Vv=VM code, C=native code)
V  [jvm.dll+0x675efa]
V  [jvm.dll+0x830a24]
V  [jvm.dll+0x8321ce]
V  [jvm.dll+0x832833]
V  [jvm.dll+0x2454b5]
V  [jvm.dll+0x672de9]
V  [jvm.dll+0x667732]
V  [jvm.dll+0x3043ab]
V  [jvm.dll+0x30b8f6]
V  [jvm.dll+0x35b62e]
V  [jvm.dll+0x35b85f]
V  [jvm.dll+0x2db248]
V  [jvm.dll+0x2d94fc]
V  [jvm.dll+0x2d8acc]
V  [jvm.dll+0x31ca2b]
V  [jvm.dll+0x836cdb]
V  [jvm.dll+0x837a14]
V  [jvm.dll+0x837f2c]
V  [jvm.dll+0x838304]
V  [jvm.dll+0x8383d0]
V  [jvm.dll+0x7e0cfa]
V  [jvm.dll+0x674d85]
C  [ucrtbase.dll+0x26c0c]
C  [KERNEL32.DLL+0x15550]
C  [ntdll.dll+0x485b]

VM_Operation (0x000000eb922fa460): G1CollectForAllocation, mode: safepoint, requested by thread 0x0000023ca0f02f10


---------------  P R O C E S S  ---------------

Threads class SMR info:
_java_thread_list=0x0000023c9d5d33d0, length=148, elements={
0x0000023cfb0f3930, 0x0000023cfeaed3f0, 0x0000023cfeaedeb0, 0x0000023cfeb05d40,
0x0000023cfeb08610, 0x0000023cfeb09ee0, 0x0000023cfeb0a7a0, 0x0000023cfeb0b390,
0x0000023cfeb0f190, 0x0000023cfeb1cad0, 0x0000023cff638440, 0x0000023cff63c920,
0x0000023c9da707c0, 0x0000023c9e4a77a0, 0x0000023c9e500020, 0x0000023c9d4c7b50,
0x0000023c9e9ff440, 0x0000023c9da13dd0, 0x0000023c9ed02830, 0x0000023c9d67dbe0,
0x0000023c9d67fd90, 0x0000023c9d680c00, 0x0000023c9d67ea50, 0x0000023c9d67ef20,
0x0000023c9d67f3f0, 0x0000023c9d680260, 0x0000023c9d67e580, 0x0000023c9d67e0b0,
0x0000023c9d680730, 0x0000023c9d6810d0, 0x0000023c9d6815a0, 0x0000023ca10850c0,
0x0000023ca1084720, 0x0000023ca10833e0, 0x0000023ca1085f30, 0x0000023ca1081230,
0x0000023ca10838b0, 0x0000023ca107fef0, 0x0000023ca1082570, 0x0000023ca10868d0,
0x0000023ca1086400, 0x0000023ca107f080, 0x0000023ca1082f10, 0x0000023ca1083d80,
0x0000023ca1084250, 0x0000023ca1084bf0, 0x0000023ca107f550, 0x0000023ca107fa20,
0x0000023ca1080890, 0x0000023ca0b08e90, 0x0000023ca0b089c0, 0x0000023ca0b0b510,
0x0000023ca0b09d00, 0x0000023ca0b0b9e0, 0x0000023ca0b09830, 0x0000023ca0b0beb0,
0x0000023ca0b0e060, 0x0000023ca0b0ab70, 0x0000023ca0b0a1d0, 0x0000023ca0b0f870,
0x0000023ca0b0e530, 0x0000023ca0b0cd20, 0x0000023ca0b0c850, 0x0000023ca0b0ea00,
0x0000023ca0b0b040, 0x0000023ca0b0d1f0, 0x0000023ca0b0c380, 0x0000023ca0b0d6c0,
0x0000023ca0b0eed0, 0x0000023ca0b0db90, 0x0000023ca0b0f3a0, 0x0000023ca0b08020,
0x0000023ca0b084f0, 0x0000023ca0b0a6a0, 0x0000023ca0b09360, 0x0000023c9f005470,
0x0000023c9f0067b0, 0x0000023c9f005e10, 0x0000023c9f006c80, 0x0000023c9f004ad0,
0x0000023c9f004130, 0x0000023c9f005940, 0x0000023c9f007150, 0x0000023c9f0062e0,
0x0000023c9f004fa0, 0x0000023c9f004600, 0x0000023c9f007620, 0x0000023c9f007af0,
0x0000023ca0f04250, 0x0000023ca0f06400, 0x0000023ca0f01bd0, 0x0000023ca0f068d0,
0x0000023ca0f003c0, 0x0000023ca0f05590, 0x0000023ca0f04bf0, 0x0000023ca0f07740,
0x0000023ca0f01230, 0x0000023ca0f050c0, 0x0000023ca0f03d80, 0x0000023ca0f05a60,
0x0000023ca0f01700, 0x0000023ca0f06da0, 0x0000023ca0f05f30, 0x0000023ca0f07270,
0x0000023ca0f020a0, 0x0000023ca0effef0, 0x0000023ca0f02570, 0x0000023ca0f02f10,
0x0000023ca0f04720, 0x0000023ca0f00890, 0x0000023ca0f00d60, 0x0000023ca0f033e0,
0x0000023ca0f02a40, 0x0000023ca0f038b0, 0x0000023ca08b4310, 0x0000023ca08b5ff0,
0x0000023ca08b64c0, 0x0000023ca08b34a0, 0x0000023ca08b2160, 0x0000023ca08b2b00,
0x0000023ca08b7cd0, 0x0000023ca08b4cb0, 0x0000023ca08b2fd0, 0x0000023ca08b1c90,
0x0000023ca08b8670, 0x0000023c9f0e2440, 0x0000023c9f0e8480, 0x0000023c9f0e5460,
0x0000023c9f0e5930, 0x0000023c9f0e1100, 0x0000023c9f0e2de0, 0x0000023c9f0e8950,
0x0000023c9f0e5e00, 0x0000023c9f0e15d0, 0x0000023c9f0e1aa0, 0x0000023c9f0e7ae0,
0x0000023c9f0e45f0, 0x0000023c9f0e3c50, 0x0000023c9f0e32b0, 0x0000023c9f0e7610,
0x0000023ca08b5650, 0x0000023ca08b5b20, 0x0000023ca2859ee0, 0x0000023ca285e240,
0x0000023ca285dd70, 0x0000023ca285c090, 0x0000023ca1e56030, 0x0000023ca1e52880
}

Java Threads: ( => current thread )
  0x0000023cfb0f3930 JavaThread "main" [_thread_blocked, id=5168, stack(0x000000eb8a600000,0x000000eb8a700000)]
  0x0000023cfeaed3f0 JavaThread "Reference Handler" daemon [_thread_blocked, id=19968, stack(0x000000eb8ad00000,0x000000eb8ae00000)]
  0x0000023cfeaedeb0 JavaThread "Finalizer" daemon [_thread_blocked, id=8388, stack(0x000000eb8ae00000,0x000000eb8af00000)]
  0x0000023cfeb05d40 JavaThread "Signal Dispatcher" daemon [_thread_blocked, id=8376, stack(0x000000eb8af00000,0x000000eb8b000000)]
  0x0000023cfeb08610 JavaThread "Attach Listener" daemon [_thread_blocked, id=11452, stack(0x000000eb8b000000,0x000000eb8b100000)]
  0x0000023cfeb09ee0 JavaThread "Service Thread" daemon [_thread_blocked, id=7156, stack(0x000000eb8b100000,0x000000eb8b200000)]
  0x0000023cfeb0a7a0 JavaThread "Monitor Deflation Thread" daemon [_thread_blocked, id=8164, stack(0x000000eb8b200000,0x000000eb8b300000)]
  0x0000023cfeb0b390 JavaThread "C2 CompilerThread0" daemon [_thread_blocked, id=12900, stack(0x000000eb8b300000,0x000000eb8b400000)]
  0x0000023cfeb0f190 JavaThread "C1 CompilerThread0" daemon [_thread_blocked, id=7912, stack(0x000000eb8b400000,0x000000eb8b500000)]
  0x0000023cfeb1cad0 JavaThread "Sweeper thread" daemon [_thread_blocked, id=15356, stack(0x000000eb8b500000,0x000000eb8b600000)]
  0x0000023cff638440 JavaThread "Common-Cleaner" daemon [_thread_blocked, id=7200, stack(0x000000eb8b600000,0x000000eb8b700000)]
  0x0000023cff63c920 JavaThread "Notification Thread" daemon [_thread_blocked, id=20008, stack(0x000000eb8b700000,0x000000eb8b800000)]
  0x0000023c9da707c0 JavaThread "Daemon health stats" [_thread_blocked, id=14408, stack(0x000000eb8c000000,0x000000eb8c100000)]
  0x0000023c9e4a77a0 JavaThread "Incoming local TCP Connector on port 53120" [_thread_in_native, id=7500, stack(0x000000eb8bf00000,0x000000eb8c000000)]
  0x0000023c9e500020 JavaThread "Daemon periodic checks" [_thread_blocked, id=11748, stack(0x000000eb8c100000,0x000000eb8c200000)]
  0x0000023c9d4c7b50 JavaThread "Daemon" [_thread_blocked, id=18052, stack(0x000000eb8c200000,0x000000eb8c300000)]
  0x0000023c9e9ff440 JavaThread "Handler for socket connection from /127.0.0.1:53120 to /127.0.0.1:53121" [_thread_in_native, id=14960, stack(0x000000eb8c300000,0x000000eb8c400000)]
  0x0000023c9da13dd0 JavaThread "Cancel handler" [_thread_blocked, id=19964, stack(0x000000eb8c400000,0x000000eb8c500000)]
  0x0000023c9ed02830 JavaThread "Daemon worker" [_thread_blocked, id=1504, stack(0x000000eb8c500000,0x000000eb8c600000)]
  0x0000023c9d67dbe0 JavaThread "Asynchronous log dispatcher for DefaultDaemonConnection: socket connection from /127.0.0.1:53120 to /127.0.0.1:53121" [_thread_blocked, id=19644, stack(0x000000eb8c600000,0x000000eb8c700000)]
  0x0000023c9d67fd90 JavaThread "Stdin handler" [_thread_blocked, id=14840, stack(0x000000eb8c700000,0x000000eb8c800000)]
  0x0000023c9d680c00 JavaThread "Daemon client event forwarder" [_thread_blocked, id=6464, stack(0x000000eb8c800000,0x000000eb8c900000)]
  0x0000023c9d67ea50 JavaThread "Cache worker for journal cache (C:\Users\Hp\.gradle\caches\journal-1)" [_thread_blocked, id=18284, stack(0x000000eb8c900000,0x000000eb8ca00000)]
  0x0000023c9d67ef20 JavaThread "File lock request listener" [_thread_in_native, id=15596, stack(0x000000eb8ca00000,0x000000eb8cb00000)]
  0x0000023c9d67f3f0 JavaThread "Cache worker for file hash cache (C:\Users\Hp\.gradle\caches\7.4\fileHashes)" [_thread_blocked, id=19608, stack(0x000000eb8cb00000,0x000000eb8cc00000)]
  0x0000023c9d680260 JavaThread "File watcher server" daemon [_thread_blocked, id=13088, stack(0x000000eb8cd00000,0x000000eb8ce00000)]
  0x0000023c9d67e580 JavaThread "File watcher consumer" daemon [_thread_blocked, id=20292, stack(0x000000eb8ce00000,0x000000eb8cf00000)]
  0x0000023c9d67e0b0 JavaThread "Cache worker for checksums cache (C:\Users\Hp\Desktop\Fall_2022\MAD\Coding\Project\.gradle\7.4\checksums)" [_thread_blocked, id=4844, stack(0x000000eb8cf00000,0x000000eb8d000000)]
  0x0000023c9d680730 JavaThread "Cache worker for cache directory md-rule (C:\Users\Hp\.gradle\caches\7.4\md-rule)" [_thread_blocked, id=10516, stack(0x000000eb8d000000,0x000000eb8d100000)]
  0x0000023c9d6810d0 JavaThread "Cache worker for file hash cache (C:\Users\Hp\Desktop\Fall_2022\MAD\Coding\Project\.gradle\7.4\fileHashes)" [_thread_blocked, id=3020, stack(0x000000eb8d100000,0x000000eb8d200000)]
  0x0000023c9d6815a0 JavaThread "Cache worker for cache directory md-supplier (C:\Users\Hp\.gradle\caches\7.4\md-supplier)" [_thread_blocked, id=6188, stack(0x000000eb8d200000,0x000000eb8d300000)]
  0x0000023ca10850c0 JavaThread "Cache worker for execution history cache (C:\Users\Hp\.gradle\caches\7.4\executionHistory)" [_thread_blocked, id=18276, stack(0x000000eb8d600000,0x000000eb8d700000)]
  0x0000023ca1084720 JavaThread "jar transforms" [_thread_blocked, id=18748, stack(0x000000eb8d700000,0x000000eb8d800000)]
  0x0000023ca10833e0 JavaThread "Cache worker for file content cache (C:\Users\Hp\.gradle\caches\7.4\fileContent)" [_thread_blocked, id=18864, stack(0x000000eb8d800000,0x000000eb8d900000)]
  0x0000023ca1085f30 JavaThread "jar transforms Thread 2" [_thread_blocked, id=16916, stack(0x000000eb8d900000,0x000000eb8da00000)]
  0x0000023ca1081230 JavaThread "Cache worker for dependencies-accessors (C:\Users\Hp\Desktop\Fall_2022\MAD\Coding\Project\.gradle\7.4\dependencies-accessors)" [_thread_blocked, id=15112, stack(0x000000eb8da00000,0x000000eb8db00000)]
  0x0000023ca10838b0 JavaThread "jar transforms Thread 3" [_thread_blocked, id=10476, stack(0x000000eb8db00000,0x000000eb8dc00000)]
  0x0000023ca107fef0 JavaThread "Cache worker for Build Output Cleanup Cache (C:\Users\Hp\Desktop\Fall_2022\MAD\Coding\Project\.gradle\buildOutputCleanup)" [_thread_blocked, id=19636, stack(0x000000eb8dc00000,0x000000eb8dd00000)]
  0x0000023ca1082570 JavaThread "Unconstrained build operations" [_thread_blocked, id=19316, stack(0x000000eb8dd00000,0x000000eb8de00000)]
  0x0000023ca10868d0 JavaThread "Unconstrained build operations Thread 2" [_thread_blocked, id=19248, stack(0x000000eb8de00000,0x000000eb8df00000)]
  0x0000023ca1086400 JavaThread "Unconstrained build operations Thread 3" [_thread_blocked, id=8272, stack(0x000000eb8df00000,0x000000eb8e000000)]
  0x0000023ca107f080 JavaThread "Unconstrained build operations Thread 4" [_thread_blocked, id=18424, stack(0x000000eb8e000000,0x000000eb8e100000)]
  0x0000023ca1082f10 JavaThread "Unconstrained build operations Thread 5" [_thread_blocked, id=8844, stack(0x000000eb8e100000,0x000000eb8e200000)]
  0x0000023ca1083d80 JavaThread "Unconstrained build operations Thread 6" [_thread_blocked, id=19668, stack(0x000000eb8e200000,0x000000eb8e300000)]
  0x0000023ca1084250 JavaThread "Unconstrained build operations Thread 7" [_thread_blocked, id=19844, stack(0x000000eb8e300000,0x000000eb8e400000)]
  0x0000023ca1084bf0 JavaThread "Unconstrained build operations Thread 8" [_thread_blocked, id=9732, stack(0x000000eb8e400000,0x000000eb8e500000)]
  0x0000023ca107f550 JavaThread "Unconstrained build operations Thread 9" [_thread_blocked, id=1924, stack(0x000000eb8e500000,0x000000eb8e600000)]
  0x0000023ca107fa20 JavaThread "Unconstrained build operations Thread 10" [_thread_blocked, id=16212, stack(0x000000eb8e600000,0x000000eb8e700000)]
  0x0000023ca1080890 JavaThread "Unconstrained build operations Thread 11" [_thread_blocked, id=9588, stack(0x000000eb8e700000,0x000000eb8e800000)]
  0x0000023ca0b08e90 JavaThread "Unconstrained build operations Thread 12" [_thread_blocked, id=12296, stack(0x000000eb8e800000,0x000000eb8e900000)]
  0x0000023ca0b089c0 JavaThread "Unconstrained build operations Thread 13" [_thread_blocked, id=18852, stack(0x000000eb8e900000,0x000000eb8ea00000)]
  0x0000023ca0b0b510 JavaThread "Unconstrained build operations Thread 14" [_thread_blocked, id=12240, stack(0x000000eb8ea00000,0x000000eb8eb00000)]
  0x0000023ca0b09d00 JavaThread "Unconstrained build operations Thread 15" [_thread_blocked, id=4824, stack(0x000000eb8eb00000,0x000000eb8ec00000)]
  0x0000023ca0b0b9e0 JavaThread "Unconstrained build operations Thread 16" [_thread_blocked, id=19004, stack(0x000000eb8ec00000,0x000000eb8ed00000)]
  0x0000023ca0b09830 JavaThread "Unconstrained build operations Thread 17" [_thread_blocked, id=18148, stack(0x000000eb8ed00000,0x000000eb8ee00000)]
  0x0000023ca0b0beb0 JavaThread "Unconstrained build operations Thread 18" [_thread_blocked, id=2208, stack(0x000000eb8ee00000,0x000000eb8ef00000)]
  0x0000023ca0b0e060 JavaThread "Unconstrained build operations Thread 19" [_thread_blocked, id=19364, stack(0x000000eb8ef00000,0x000000eb8f000000)]
  0x0000023ca0b0ab70 JavaThread "Unconstrained build operations Thread 20" [_thread_blocked, id=16124, stack(0x000000eb8f000000,0x000000eb8f100000)]
  0x0000023ca0b0a1d0 JavaThread "Unconstrained build operations Thread 21" [_thread_blocked, id=17376, stack(0x000000eb8f100000,0x000000eb8f200000)]
  0x0000023ca0b0f870 JavaThread "Unconstrained build operations Thread 22" [_thread_blocked, id=10576, stack(0x000000eb8f200000,0x000000eb8f300000)]
  0x0000023ca0b0e530 JavaThread "Unconstrained build operations Thread 23" [_thread_blocked, id=2952, stack(0x000000eb8f300000,0x000000eb8f400000)]
  0x0000023ca0b0cd20 JavaThread "Unconstrained build operations Thread 24" [_thread_blocked, id=18980, stack(0x000000eb8f400000,0x000000eb8f500000)]
  0x0000023ca0b0c850 JavaThread "Unconstrained build operations Thread 25" [_thread_blocked, id=14508, stack(0x000000eb8f500000,0x000000eb8f600000)]
  0x0000023ca0b0ea00 JavaThread "Unconstrained build operations Thread 26" [_thread_blocked, id=18692, stack(0x000000eb8f600000,0x000000eb8f700000)]
  0x0000023ca0b0b040 JavaThread "Unconstrained build operations Thread 27" [_thread_blocked, id=11412, stack(0x000000eb8f700000,0x000000eb8f800000)]
  0x0000023ca0b0d1f0 JavaThread "Unconstrained build operations Thread 28" [_thread_blocked, id=18796, stack(0x000000eb8f800000,0x000000eb8f900000)]
  0x0000023ca0b0c380 JavaThread "Unconstrained build operations Thread 29" [_thread_blocked, id=20072, stack(0x000000eb8f900000,0x000000eb8fa00000)]
  0x0000023ca0b0d6c0 JavaThread "Unconstrained build operations Thread 30" [_thread_blocked, id=17476, stack(0x000000eb8fa00000,0x000000eb8fb00000)]
  0x0000023ca0b0eed0 JavaThread "Unconstrained build operations Thread 31" [_thread_blocked, id=3260, stack(0x000000eb8fb00000,0x000000eb8fc00000)]
  0x0000023ca0b0db90 JavaThread "Unconstrained build operations Thread 32" [_thread_blocked, id=8672, stack(0x000000eb8fc00000,0x000000eb8fd00000)]
  0x0000023ca0b0f3a0 JavaThread "Unconstrained build operations Thread 33" [_thread_blocked, id=6640, stack(0x000000eb8fd00000,0x000000eb8fe00000)]
  0x0000023ca0b08020 JavaThread "Unconstrained build operations Thread 34" [_thread_blocked, id=5784, stack(0x000000eb8fe00000,0x000000eb8ff00000)]
  0x0000023ca0b084f0 JavaThread "Unconstrained build operations Thread 35" [_thread_blocked, id=8896, stack(0x000000eb8ff00000,0x000000eb90000000)]
  0x0000023ca0b0a6a0 JavaThread "Unconstrained build operations Thread 36" [_thread_blocked, id=7880, stack(0x000000eb90000000,0x000000eb90100000)]
  0x0000023ca0b09360 JavaThread "Unconstrained build operations Thread 37" [_thread_blocked, id=12352, stack(0x000000eb90100000,0x000000eb90200000)]
  0x0000023c9f005470 JavaThread "Unconstrained build operations Thread 38" [_thread_blocked, id=8868, stack(0x000000eb90200000,0x000000eb90300000)]
  0x0000023c9f0067b0 JavaThread "Unconstrained build operations Thread 39" [_thread_blocked, id=16940, stack(0x000000eb90300000,0x000000eb90400000)]
  0x0000023c9f005e10 JavaThread "Unconstrained build operations Thread 40" [_thread_blocked, id=9772, stack(0x000000eb90400000,0x000000eb90500000)]
  0x0000023c9f006c80 JavaThread "Unconstrained build operations Thread 41" [_thread_blocked, id=4612, stack(0x000000eb90500000,0x000000eb90600000)]
  0x0000023c9f004ad0 JavaThread "Unconstrained build operations Thread 42" [_thread_blocked, id=10236, stack(0x000000eb90600000,0x000000eb90700000)]
  0x0000023c9f004130 JavaThread "Unconstrained build operations Thread 43" [_thread_blocked, id=9956, stack(0x000000eb90700000,0x000000eb90800000)]
  0x0000023c9f005940 JavaThread "Unconstrained build operations Thread 44" [_thread_blocked, id=16152, stack(0x000000eb90800000,0x000000eb90900000)]
  0x0000023c9f007150 JavaThread "Unconstrained build operations Thread 45" [_thread_blocked, id=15580, stack(0x000000eb90900000,0x000000eb90a00000)]
  0x0000023c9f0062e0 JavaThread "Unconstrained build operations Thread 46" [_thread_blocked, id=16148, stack(0x000000eb90a00000,0x000000eb90b00000)]
  0x0000023c9f004fa0 JavaThread "Unconstrained build operations Thread 47" [_thread_blocked, id=15620, stack(0x000000eb90b00000,0x000000eb90c00000)]
  0x0000023c9f004600 JavaThread "Unconstrained build operations Thread 48" [_thread_blocked, id=11276, stack(0x000000eb90c00000,0x000000eb90d00000)]
  0x0000023c9f007620 JavaThread "Unconstrained build operations Thread 49" [_thread_blocked, id=16144, stack(0x000000eb90d00000,0x000000eb90e00000)]
  0x0000023c9f007af0 JavaThread "Unconstrained build operations Thread 50" [_thread_blocked, id=16136, stack(0x000000eb90e00000,0x000000eb90f00000)]
  0x0000023ca0f04250 JavaThread "Unconstrained build operations Thread 51" [_thread_blocked, id=14360, stack(0x000000eb90f00000,0x000000eb91000000)]
  0x0000023ca0f06400 JavaThread "Unconstrained build operations Thread 52" [_thread_blocked, id=15584, stack(0x000000eb91000000,0x000000eb91100000)]
  0x0000023ca0f01bd0 JavaThread "Unconstrained build operations Thread 53" [_thread_blocked, id=4228, stack(0x000000eb91100000,0x000000eb91200000)]
  0x0000023ca0f068d0 JavaThread "Unconstrained build operations Thread 54" [_thread_blocked, id=20068, stack(0x000000eb91200000,0x000000eb91300000)]
  0x0000023ca0f003c0 JavaThread "Unconstrained build operations Thread 55" [_thread_blocked, id=8000, stack(0x000000eb91300000,0x000000eb91400000)]
  0x0000023ca0f05590 JavaThread "Unconstrained build operations Thread 56" [_thread_blocked, id=14068, stack(0x000000eb91400000,0x000000eb91500000)]
  0x0000023ca0f04bf0 JavaThread "Unconstrained build operations Thread 57" [_thread_blocked, id=2028, stack(0x000000eb91500000,0x000000eb91600000)]
  0x0000023ca0f07740 JavaThread "Unconstrained build operations Thread 58" [_thread_blocked, id=7372, stack(0x000000eb91600000,0x000000eb91700000)]
  0x0000023ca0f01230 JavaThread "Unconstrained build operations Thread 59" [_thread_blocked, id=7580, stack(0x000000eb91700000,0x000000eb91800000)]
  0x0000023ca0f050c0 JavaThread "Unconstrained build operations Thread 60" [_thread_blocked, id=20460, stack(0x000000eb91800000,0x000000eb91900000)]
  0x0000023ca0f03d80 JavaThread "Unconstrained build operations Thread 61" [_thread_blocked, id=8708, stack(0x000000eb91900000,0x000000eb91a00000)]
  0x0000023ca0f05a60 JavaThread "Unconstrained build operations Thread 62" [_thread_blocked, id=20036, stack(0x000000eb91a00000,0x000000eb91b00000)]
  0x0000023ca0f01700 JavaThread "Unconstrained build operations Thread 63" [_thread_blocked, id=18184, stack(0x000000eb91b00000,0x000000eb91c00000)]
  0x0000023ca0f06da0 JavaThread "Unconstrained build operations Thread 64" [_thread_blocked, id=19884, stack(0x000000eb91c00000,0x000000eb91d00000)]
  0x0000023ca0f05f30 JavaThread "Unconstrained build operations Thread 65" [_thread_blocked, id=18032, stack(0x000000eb91d00000,0x000000eb91e00000)]
  0x0000023ca0f07270 JavaThread "Unconstrained build operations Thread 66" [_thread_blocked, id=18580, stack(0x000000eb91e00000,0x000000eb91f00000)]
  0x0000023ca0f020a0 JavaThread "Unconstrained build operations Thread 67" [_thread_blocked, id=18576, stack(0x000000eb91f00000,0x000000eb92000000)]
  0x0000023ca0effef0 JavaThread "Unconstrained build operations Thread 68" [_thread_blocked, id=19360, stack(0x000000eb92000000,0x000000eb92100000)]
  0x0000023ca0f02570 JavaThread "Unconstrained build operations Thread 69" [_thread_blocked, id=12548, stack(0x000000eb92100000,0x000000eb92200000)]
  0x0000023ca0f02f10 JavaThread "Unconstrained build operations Thread 70" [_thread_blocked, id=5828, stack(0x000000eb92200000,0x000000eb92300000)]
  0x0000023ca0f04720 JavaThread "Unconstrained build operations Thread 71" [_thread_blocked, id=18800, stack(0x000000eb92300000,0x000000eb92400000)]
  0x0000023ca0f00890 JavaThread "Unconstrained build operations Thread 72" [_thread_blocked, id=20348, stack(0x000000eb92400000,0x000000eb92500000)]
  0x0000023ca0f00d60 JavaThread "Unconstrained build operations Thread 73" [_thread_blocked, id=9592, stack(0x000000eb92500000,0x000000eb92600000)]
  0x0000023ca0f033e0 JavaThread "Unconstrained build operations Thread 74" [_thread_blocked, id=20124, stack(0x000000eb92600000,0x000000eb92700000)]
  0x0000023ca0f02a40 JavaThread "Unconstrained build operations Thread 75" [_thread_blocked, id=20412, stack(0x000000eb92700000,0x000000eb92800000)]
  0x0000023ca0f038b0 JavaThread "Unconstrained build operations Thread 76" [_thread_blocked, id=20304, stack(0x000000eb92800000,0x000000eb92900000)]
  0x0000023ca08b4310 JavaThread "Unconstrained build operations Thread 77" [_thread_blocked, id=20420, stack(0x000000eb92900000,0x000000eb92a00000)]
  0x0000023ca08b5ff0 JavaThread "Unconstrained build operations Thread 78" [_thread_blocked, id=584, stack(0x000000eb92a00000,0x000000eb92b00000)]
  0x0000023ca08b64c0 JavaThread "Unconstrained build operations Thread 79" [_thread_blocked, id=20372, stack(0x000000eb92b00000,0x000000eb92c00000)]
  0x0000023ca08b34a0 JavaThread "Unconstrained build operations Thread 80" [_thread_blocked, id=13960, stack(0x000000eb92c00000,0x000000eb92d00000)]
  0x0000023ca08b2160 JavaThread "jar transforms Thread 4" [_thread_blocked, id=2976, stack(0x000000eb92d00000,0x000000eb92e00000)]
  0x0000023ca08b2b00 JavaThread "jar transforms Thread 5" [_thread_blocked, id=12944, stack(0x000000eb92e00000,0x000000eb92f00000)]
  0x0000023ca08b7cd0 JavaThread "jar transforms Thread 6" [_thread_blocked, id=7904, stack(0x000000eb92f00000,0x000000eb93000000)]
  0x0000023ca08b4cb0 JavaThread "jar transforms Thread 7" [_thread_blocked, id=19772, stack(0x000000eb93000000,0x000000eb93100000)]
  0x0000023ca08b2fd0 JavaThread "jar transforms Thread 8" [_thread_blocked, id=12704, stack(0x000000eb93100000,0x000000eb93200000)]
  0x0000023ca08b1c90 JavaThread "Memory manager" [_thread_blocked, id=7452, stack(0x000000eb93200000,0x000000eb93300000)]
  0x0000023ca08b8670 JavaThread "build event listener" [_thread_blocked, id=5336, stack(0x000000eb93300000,0x000000eb93400000)]
  0x0000023c9f0e2440 JavaThread "build event listener" [_thread_blocked, id=16068, stack(0x000000eb93400000,0x000000eb93500000)]
  0x0000023c9f0e8480 JavaThread "included builds" [_thread_blocked, id=7004, stack(0x000000eb93500000,0x000000eb93600000)]
  0x0000023c9f0e5460 JavaThread "Execution worker for ':'" [_thread_blocked, id=6776, stack(0x000000eb93600000,0x000000eb93700000)]
  0x0000023c9f0e5930 JavaThread "Execution worker for ':' Thread 2" [_thread_blocked, id=6304, stack(0x000000eb93700000,0x000000eb93800000)]
  0x0000023c9f0e1100 JavaThread "Execution worker for ':' Thread 3" [_thread_blocked, id=16488, stack(0x000000eb93800000,0x000000eb93900000)]
  0x0000023c9f0e2de0 JavaThread "Execution worker for ':' Thread 4" [_thread_blocked, id=19492, stack(0x000000eb93900000,0x000000eb93a00000)]
  0x0000023c9f0e8950 JavaThread "Execution worker for ':' Thread 5" [_thread_blocked, id=11524, stack(0x000000eb93a00000,0x000000eb93b00000)]
  0x0000023c9f0e5e00 JavaThread "Execution worker for ':' Thread 6" [_thread_blocked, id=16396, stack(0x000000eb93b00000,0x000000eb93c00000)]
  0x0000023c9f0e15d0 JavaThread "Execution worker for ':' Thread 7" [_thread_blocked, id=11380, stack(0x000000eb93c00000,0x000000eb93d00000)]
  0x0000023c9f0e1aa0 JavaThread "Cache worker for execution history cache (C:\Users\Hp\Desktop\Fall_2022\MAD\Coding\Project\.gradle\7.4\executionHistory)" [_thread_blocked, id=2596, stack(0x000000eb93d00000,0x000000eb93e00000)]
  0x0000023c9f0e7ae0 JavaThread "WorkerExecutor Queue" [_thread_blocked, id=4532, stack(0x000000eb93e00000,0x000000eb93f00000)]
  0x0000023c9f0e45f0 JavaThread "WorkerExecutor Queue Thread 2" [_thread_blocked, id=6324, stack(0x000000eb93f00000,0x000000eb94000000)]
  0x0000023c9f0e3c50 JavaThread "WorkerExecutor Queue Thread 3" [_thread_blocked, id=20336, stack(0x000000eb94000000,0x000000eb94100000)]
  0x0000023c9f0e32b0 JavaThread "WorkerExecutor Queue Thread 4" [_thread_blocked, id=14308, stack(0x000000eb94100000,0x000000eb94200000)]
  0x0000023c9f0e7610 JavaThread "WorkerExecutor Queue Thread 5" [_thread_blocked, id=20228, stack(0x000000eb94200000,0x000000eb94300000)]
  0x0000023ca08b5650 JavaThread "WorkerExecutor Queue Thread 6" [_thread_blocked, id=15308, stack(0x000000eb94300000,0x000000eb94400000)]
  0x0000023ca08b5b20 JavaThread "WorkerExecutor Queue Thread 7" [_thread_blocked, id=15908, stack(0x000000eb94400000,0x000000eb94500000)]
  0x0000023ca2859ee0 JavaThread "WorkerExecutor Queue Thread 8" [_thread_blocked, id=9872, stack(0x000000eb94500000,0x000000eb94600000)]
  0x0000023ca285e240 JavaThread "pool-3-thread-1" [_thread_blocked, id=18676, stack(0x000000eb94600000,0x000000eb94700000)]
  0x0000023ca285dd70 JavaThread "stderr" [_thread_in_native, id=20324, stack(0x000000eb94700000,0x000000eb94800000)]
  0x0000023ca285c090 JavaThread "stdout" [_thread_in_native, id=20204, stack(0x000000eb94800000,0x000000eb94900000)]
  0x0000023ca1e56030 JavaThread "C2 CompilerThread1" daemon [_thread_blocked, id=8436, stack(0x000000eb8b900000,0x000000eb8ba00000)]
  0x0000023ca1e52880 JavaThread "C2 CompilerThread2" daemon [_thread_blocked, id=9684, stack(0x000000eb8cc00000,0x000000eb8cd00000)]

Other Threads:
=>0x0000023cfeae7ea0 VMThread "VM Thread" [stack: 0x000000eb8ac00000,0x000000eb8ad00000] [id=17336]
  0x0000023cff63cdf0 WatcherThread [stack: 0x000000eb8b800000,0x000000eb8b900000] [id=13192]
  0x0000023cfb1517e0 GCTaskThread "GC Thread#0" [stack: 0x000000eb8a700000,0x000000eb8a800000] [id=16260]
  0x0000023c9d1ab830 GCTaskThread "GC Thread#1" [stack: 0x000000eb8ba00000,0x000000eb8bb00000] [id=10636]
  0x0000023c9d5f8700 GCTaskThread "GC Thread#2" [stack: 0x000000eb8bb00000,0x000000eb8bc00000] [id=2124]
  0x0000023c9d5f89b0 GCTaskThread "GC Thread#3" [stack: 0x000000eb8bc00000,0x000000eb8bd00000] [id=18744]
  0x0000023c9d5f8c60 GCTaskThread "GC Thread#4" [stack: 0x000000eb8bd00000,0x000000eb8be00000] [id=18132]
  0x0000023c9cf810e0 GCTaskThread "GC Thread#5" [stack: 0x000000eb8be00000,0x000000eb8bf00000] [id=15696]
  0x0000023c9e184b50 GCTaskThread "GC Thread#6" [stack: 0x000000eb8d300000,0x000000eb8d400000] [id=19932]
  0x0000023c9e183320 GCTaskThread "GC Thread#7" [stack: 0x000000eb8d400000,0x000000eb8d500000] [id=3240]
  0x0000023cfb162790 ConcurrentGCThread "G1 Main Marker" [stack: 0x000000eb8a800000,0x000000eb8a900000] [id=10948]
  0x0000023cfb164860 ConcurrentGCThread "G1 Conc#0" [stack: 0x000000eb8a900000,0x000000eb8aa00000] [id=16448]
  0x0000023c9e184340 ConcurrentGCThread "G1 Conc#1" [stack: 0x000000eb8d500000,0x000000eb8d600000] [id=15936]
  0x0000023cfb1cdcf0 ConcurrentGCThread "G1 Refine#0" [stack: 0x000000eb8aa00000,0x000000eb8ab00000] [id=12932]
  0x0000023cfb1ce620 ConcurrentGCThread "G1 Service" [stack: 0x000000eb8ab00000,0x000000eb8ac00000] [id=18840]

Threads with active compile tasks:
C2 CompilerThread0    21557 14924   !   4       org.gradle.cache.internal.LockOnDemandCrossProcessCacheAccess::withFileLock (24 bytes)
C2 CompilerThread1    21557 14948       4       org.gradle.internal.snapshot.DirectorySnapshot$$Lambda$1265/0x00000008016d3388::accept (16 bytes)
C2 CompilerThread2    21557 14963       4       org.gradle.internal.snapshot.ChildMap$Entry::handlePath (135 bytes)

VM state: at safepoint (normal execution)

VM Mutex/Monitor currently owned by a thread:  ([mutex/lock_event])
[0x0000023cfb0ee830] Threads_lock - owner thread: 0x0000023cfeae7ea0
[0x0000023cfb0efac0] Heap_lock - owner thread: 0x0000023ca0f02f10

Heap address: 0x0000000080000000, size: 2048 MB, Compressed Oops mode: 32-bit

CDS archive(s) mapped at: [0x0000000800000000-0x0000000800bc0000-0x0000000800bc0000), size 12320768, SharedBaseAddress: 0x0000000800000000, ArchiveRelocationMode: 0.
Compressed class space mapped at: 0x0000000800c00000-0x0000000840c00000, reserved size: 1073741824
Narrow klass base: 0x0000000800000000, Narrow klass shift: 0, Narrow klass range: 0x100000000

GC Precious Log:
 CPUs: 8 total, 8 available
 Memory: 16221M
 Large Page Support: Disabled
 NUMA Support: Disabled
 Compressed Oops: Enabled (32-bit)
 Heap Region Size: 1M
 Heap Min Capacity: 8M
 Heap Initial Capacity: 254M
 Heap Max Capacity: 2G
 Pre-touch: Disabled
 Parallel Workers: 8
 Concurrent Workers: 2
 Concurrent Refinement Workers: 8
 Periodic GC: Disabled

Heap:
 garbage-first heap   total 198656K, used 108393K [0x0000000080000000, 0x0000000100000000)
  region size 1024K, 2 young (2048K), 2 survivors (2048K)
 Metaspace       used 90858K, committed 91520K, reserved 1130496K
  class space    used 12061K, committed 12352K, reserved 1048576K

Heap Regions: E=young(eden), S=young(survivor), O=old, HS=humongous(starts), HC=humongous(continues), CS=collection set, F=free, OA=open archive, CA=closed archive, TAMS=top-at-mark-start (previous, next)
|   0|0x0000000080000000, 0x0000000080100000, 0x0000000080100000|100%| O|  |TAMS 0x0000000080100000, 0x0000000080000000| Untracked 
|   1|0x0000000080100000, 0x0000000080200000, 0x0000000080200000|100%| O|  |TAMS 0x0000000080200000, 0x0000000080100000| Untracked 
|   2|0x0000000080200000, 0x0000000080300000, 0x0000000080300000|100%| O|  |TAMS 0x0000000080300000, 0x0000000080200000| Untracked 
|   3|0x0000000080300000, 0x0000000080400000, 0x0000000080400000|100%|HS|  |TAMS 0x0000000080400000, 0x0000000080300000| Complete 
|   4|0x0000000080400000, 0x0000000080500000, 0x0000000080500000|100%|HC|  |TAMS 0x0000000080500000, 0x0000000080400000| Complete 
|   5|0x0000000080500000, 0x0000000080600000, 0x0000000080600000|100%|HC|  |TAMS 0x0000000080600000, 0x0000000080500000| Complete 
|   6|0x0000000080600000, 0x0000000080700000, 0x0000000080700000|100%| O|  |TAMS 0x0000000080700000, 0x0000000080600000| Untracked 
|   7|0x0000000080700000, 0x0000000080800000, 0x0000000080800000|100%| O|  |TAMS 0x0000000080800000, 0x0000000080700000| Untracked 
|   8|0x0000000080800000, 0x0000000080900000, 0x0000000080900000|100%| O|  |TAMS 0x0000000080900000, 0x0000000080800000| Untracked 
|   9|0x0000000080900000, 0x00000000809f8000, 0x0000000080a00000| 96%| O|  |TAMS 0x00000000809f8000, 0x0000000080900000| Untracked 
|  10|0x0000000080a00000, 0x0000000080b00000, 0x0000000080b00000|100%| O|  |TAMS 0x0000000080b00000, 0x0000000080a00000| Untracked 
|  11|0x0000000080b00000, 0x0000000080c00000, 0x0000000080c00000|100%| O|  |TAMS 0x0000000080c00000, 0x0000000080b00000| Untracked 
|  12|0x0000000080c00000, 0x0000000080d00000, 0x0000000080d00000|100%| O|  |TAMS 0x0000000080d00000, 0x0000000080c00000| Untracked 
|  13|0x0000000080d00000, 0x0000000080e00000, 0x0000000080e00000|100%| O|  |TAMS 0x0000000080e00000, 0x0000000080d00000| Untracked 
|  14|0x0000000080e00000, 0x0000000080f00000, 0x0000000080f00000|100%| O|  |TAMS 0x0000000080f00000, 0x0000000080e00000| Untracked 
|  15|0x0000000080f00000, 0x0000000081000000, 0x0000000081000000|100%| O|  |TAMS 0x0000000081000000, 0x0000000080f00000| Untracked 
|  16|0x0000000081000000, 0x0000000081000000, 0x0000000081100000|  0%| F|  |TAMS 0x0000000081000000, 0x0000000081000000| Untracked 
|  17|0x0000000081100000, 0x0000000081200000, 0x0000000081200000|100%| O|  |TAMS 0x0000000081200000, 0x0000000081100000| Untracked 
|  18|0x0000000081200000, 0x0000000081300000, 0x0000000081300000|100%| O|  |TAMS 0x0000000081300000, 0x0000000081200000| Untracked 
|  19|0x0000000081300000, 0x0000000081400000, 0x0000000081400000|100%| O|  |TAMS 0x0000000081400000, 0x0000000081300000| Untracked 
|  20|0x0000000081400000, 0x0000000081500000, 0x0000000081500000|100%| O|  |TAMS 0x0000000081500000, 0x0000000081400000| Untracked 
|  21|0x0000000081500000, 0x0000000081600000, 0x0000000081600000|100%|HS|  |TAMS 0x0000000081600000, 0x0000000081500000| Complete 
|  22|0x0000000081600000, 0x0000000081700000, 0x0000000081700000|100%|HS|  |TAMS 0x0000000081700000, 0x0000000081600000| Complete 
|  23|0x0000000081700000, 0x0000000081800000, 0x0000000081800000|100%|HS|  |TAMS 0x0000000081800000, 0x0000000081700000| Complete 
|  24|0x0000000081800000, 0x0000000081900000, 0x0000000081900000|100%| O|  |TAMS 0x0000000081900000, 0x0000000081800000| Untracked 
|  25|0x0000000081900000, 0x0000000081a00000, 0x0000000081a00000|100%| O|  |TAMS 0x0000000081a00000, 0x0000000081900000| Untracked 
|  26|0x0000000081a00000, 0x0000000081b00000, 0x0000000081b00000|100%| O|  |TAMS 0x0000000081b00000, 0x0000000081a00000| Untracked 
|  27|0x0000000081b00000, 0x0000000081c00000, 0x0000000081c00000|100%| O|  |TAMS 0x0000000081c00000, 0x0000000081b00000| Untracked 
|  28|0x0000000081c00000, 0x0000000081d00000, 0x0000000081d00000|100%| O|  |TAMS 0x0000000081d00000, 0x0000000081c00000| Untracked 
|  29|0x0000000081d00000, 0x0000000081e00000, 0x0000000081e00000|100%| O|  |TAMS 0x0000000081e00000, 0x0000000081d00000| Untracked 
|  30|0x0000000081e00000, 0x0000000081f00000, 0x0000000081f00000|100%| O|  |TAMS 0x0000000081f00000, 0x0000000081e00000| Untracked 
|  31|0x0000000081f00000, 0x0000000082000000, 0x0000000082000000|100%| O|  |TAMS 0x0000000082000000, 0x0000000081f00000| Untracked 
|  32|0x0000000082000000, 0x0000000082100000, 0x0000000082100000|100%| O|  |TAMS 0x0000000082100000, 0x0000000082000000| Untracked 
|  33|0x0000000082100000, 0x0000000082200000, 0x0000000082200000|100%| O|  |TAMS 0x0000000082200000, 0x0000000082100000| Untracked 
|  34|0x0000000082200000, 0x0000000082300000, 0x0000000082300000|100%| O|  |TAMS 0x0000000082300000, 0x0000000082200000| Untracked 
|  35|0x0000000082300000, 0x0000000082400000, 0x0000000082400000|100%| O|  |TAMS 0x0000000082400000, 0x0000000082300000| Untracked 
|  36|0x0000000082400000, 0x0000000082500000, 0x0000000082500000|100%| O|  |TAMS 0x0000000082500000, 0x0000000082400000| Untracked 
|  37|0x0000000082500000, 0x0000000082600000, 0x0000000082600000|100%| O|  |TAMS 0x0000000082600000, 0x0000000082500000| Untracked 
|  38|0x0000000082600000, 0x0000000082700000, 0x0000000082700000|100%| O|  |TAMS 0x0000000082700000, 0x0000000082600000| Untracked 
|  39|0x0000000082700000, 0x0000000082800000, 0x0000000082800000|100%|HS|  |TAMS 0x0000000082800000, 0x0000000082700000| Complete 
|  40|0x0000000082800000, 0x0000000082900000, 0x0000000082900000|100%|HC|  |TAMS 0x0000000082900000, 0x0000000082800000| Complete 
|  41|0x0000000082900000, 0x0000000082a00000, 0x0000000082a00000|100%|HC|  |TAMS 0x0000000082a00000, 0x0000000082900000| Complete 
|  42|0x0000000082a00000, 0x0000000082b00000, 0x0000000082b00000|100%| O|  |TAMS 0x0000000082b00000, 0x0000000082a00000| Untracked 
|  43|0x0000000082b00000, 0x0000000082c00000, 0x0000000082c00000|100%| O|  |TAMS 0x0000000082c00000, 0x0000000082b00000| Untracked 
|  44|0x0000000082c00000, 0x0000000082d00000, 0x0000000082d00000|100%| O|  |TAMS 0x0000000082d00000, 0x0000000082c00000| Untracked 
|  45|0x0000000082d00000, 0x0000000082e00000, 0x0000000082e00000|100%| O|  |TAMS 0x0000000082e00000, 0x0000000082d00000| Untracked 
|  46|0x0000000082e00000, 0x0000000082f00000, 0x0000000082f00000|100%| O|  |TAMS 0x0000000082f00000, 0x0000000082e00000| Untracked 
|  47|0x0000000082f00000, 0x0000000083000000, 0x0000000083000000|100%| O|  |TAMS 0x0000000083000000, 0x0000000082f00000| Untracked 
|  48|0x0000000083000000, 0x0000000083100000, 0x0000000083100000|100%|HS|  |TAMS 0x0000000083100000, 0x0000000083000000| Complete 
|  49|0x0000000083100000, 0x0000000083200000, 0x0000000083200000|100%|HC|  |TAMS 0x0000000083200000, 0x0000000083100000| Complete 
|  50|0x0000000083200000, 0x0000000083300000, 0x0000000083300000|100%| O|  |TAMS 0x0000000083300000, 0x0000000083200000| Untracked 
|  51|0x0000000083300000, 0x0000000083400000, 0x0000000083400000|100%| O|  |TAMS 0x0000000083400000, 0x0000000083300000| Untracked 
|  52|0x0000000083400000, 0x0000000083500000, 0x0000000083500000|100%| O|  |TAMS 0x0000000083500000, 0x0000000083400000| Untracked 
|  53|0x0000000083500000, 0x0000000083600000, 0x0000000083600000|100%| O|  |TAMS 0x0000000083600000, 0x0000000083500000| Untracked 
|  54|0x0000000083600000, 0x0000000083700000, 0x0000000083700000|100%| O|  |TAMS 0x0000000083700000, 0x0000000083600000| Untracked 
|  55|0x0000000083700000, 0x0000000083800000, 0x0000000083800000|100%| O|  |TAMS 0x0000000083800000, 0x0000000083700000| Untracked 
|  56|0x0000000083800000, 0x0000000083900000, 0x0000000083900000|100%| O|  |TAMS 0x0000000083900000, 0x0000000083800000| Untracked 
|  57|0x0000000083900000, 0x0000000083a00000, 0x0000000083a00000|100%| O|  |TAMS 0x0000000083a00000, 0x0000000083900000| Untracked 
|  58|0x0000000083a00000, 0x0000000083b00000, 0x0000000083b00000|100%| O|  |TAMS 0x0000000083b00000, 0x0000000083a00000| Untracked 
|  59|0x0000000083b00000, 0x0000000083c00000, 0x0000000083c00000|100%| O|  |TAMS 0x0000000083c00000, 0x0000000083b00000| Untracked 
|  60|0x0000000083c00000, 0x0000000083d00000, 0x0000000083d00000|100%| O|  |TAMS 0x0000000083d00000, 0x0000000083c00000| Untracked 
|  61|0x0000000083d00000, 0x0000000083e00000, 0x0000000083e00000|100%| O|  |TAMS 0x0000000083e00000, 0x0000000083d00000| Untracked 
|  62|0x0000000083e00000, 0x0000000083f00000, 0x0000000083f00000|100%| O|  |TAMS 0x0000000083f00000, 0x0000000083e00000| Untracked 
|  63|0x0000000083f00000, 0x0000000084000000, 0x0000000084000000|100%| O|  |TAMS 0x0000000084000000, 0x0000000083f00000| Untracked 
|  64|0x0000000084000000, 0x0000000084100000, 0x0000000084100000|100%| O|  |TAMS 0x0000000084100000, 0x0000000084000000| Untracked 
|  65|0x0000000084100000, 0x0000000084200000, 0x0000000084200000|100%| O|  |TAMS 0x0000000084200000, 0x0000000084100000| Untracked 
|  66|0x0000000084200000, 0x0000000084300000, 0x0000000084300000|100%| O|  |TAMS 0x0000000084300000, 0x0000000084200000| Untracked 
|  67|0x0000000084300000, 0x0000000084400000, 0x0000000084400000|100%| O|  |TAMS 0x0000000084400000, 0x0000000084300000| Untracked 
|  68|0x0000000084400000, 0x0000000084500000, 0x0000000084500000|100%| O|  |TAMS 0x0000000084500000, 0x0000000084400000| Untracked 
|  69|0x0000000084500000, 0x0000000084600000, 0x0000000084600000|100%| O|  |TAMS 0x0000000084600000, 0x0000000084500000| Untracked 
|  70|0x0000000084600000, 0x0000000084700000, 0x0000000084700000|100%| O|  |TAMS 0x0000000084700000, 0x0000000084600000| Untracked 
|  71|0x0000000084700000, 0x0000000084800000, 0x0000000084800000|100%| O|  |TAMS 0x0000000084800000, 0x0000000084700000| Untracked 
|  72|0x0000000084800000, 0x0000000084900000, 0x0000000084900000|100%| O|  |TAMS 0x0000000084900000, 0x0000000084800000| Untracked 
|  73|0x0000000084900000, 0x0000000084a00000, 0x0000000084a00000|100%| O|  |TAMS 0x0000000084a00000, 0x0000000084900000| Untracked 
|  74|0x0000000084a00000, 0x0000000084b00000, 0x0000000084b00000|100%| O|  |TAMS 0x0000000084b00000, 0x0000000084a00000| Untracked 
|  75|0x0000000084b00000, 0x0000000084c00000, 0x0000000084c00000|100%| O|  |TAMS 0x0000000084c00000, 0x0000000084b00000| Untracked 
|  76|0x0000000084c00000, 0x0000000084d00000, 0x0000000084d00000|100%| O|  |TAMS 0x0000000084d00000, 0x0000000084c00000| Untracked 
|  77|0x0000000084d00000, 0x0000000084e00000, 0x0000000084e00000|100%| O|  |TAMS 0x0000000084e00000, 0x0000000084d00000| Untracked 
|  78|0x0000000084e00000, 0x0000000084f00000, 0x0000000084f00000|100%| O|  |TAMS 0x0000000084f00000, 0x0000000084e00000| Untracked 
|  79|0x0000000084f00000, 0x0000000085000000, 0x0000000085000000|100%| O|  |TAMS 0x0000000085000000, 0x0000000084f00000| Untracked 
|  80|0x0000000085000000, 0x0000000085100000, 0x0000000085100000|100%| O|  |TAMS 0x0000000085100000, 0x0000000085000000| Untracked 
|  81|0x0000000085100000, 0x0000000085200000, 0x0000000085200000|100%| O|  |TAMS 0x0000000085200000, 0x0000000085100000| Untracked 
|  82|0x0000000085200000, 0x0000000085300000, 0x0000000085300000|100%| O|  |TAMS 0x0000000085300000, 0x0000000085200000| Untracked 
|  83|0x0000000085300000, 0x0000000085400000, 0x0000000085400000|100%| O|  |TAMS 0x0000000085400000, 0x0000000085300000| Untracked 
|  84|0x0000000085400000, 0x0000000085500000, 0x0000000085500000|100%| O|  |TAMS 0x0000000085500000, 0x0000000085400000| Untracked 
|  85|0x0000000085500000, 0x0000000085600000, 0x0000000085600000|100%| O|  |TAMS 0x0000000085500000, 0x0000000085500000| Untracked 
|  86|0x0000000085600000, 0x0000000085700000, 0x0000000085700000|100%| O|  |TAMS 0x0000000085700000, 0x0000000085600000| Untracked 
|  87|0x0000000085700000, 0x0000000085800000, 0x0000000085800000|100%| O|  |TAMS 0x0000000085800000, 0x0000000085700000| Untracked 
|  88|0x0000000085800000, 0x0000000085900000, 0x0000000085900000|100%| O|  |TAMS 0x0000000085900000, 0x0000000085800000| Untracked 
|  89|0x0000000085900000, 0x0000000085a00000, 0x0000000085a00000|100%| O|  |TAMS 0x0000000085a00000, 0x0000000085900000| Untracked 
|  90|0x0000000085a00000, 0x0000000085b00000, 0x0000000085b00000|100%| O|  |TAMS 0x0000000085b00000, 0x0000000085a00000| Untracked 
|  91|0x0000000085b00000, 0x0000000085c00000, 0x0000000085c00000|100%| O|  |TAMS 0x0000000085b00000, 0x0000000085b00000| Untracked 
|  92|0x0000000085c00000, 0x0000000085c00000, 0x0000000085d00000|  0%| F|  |TAMS 0x0000000085c00000, 0x0000000085c00000| Untracked 
|  93|0x0000000085d00000, 0x0000000085d00000, 0x0000000085e00000|  0%| F|  |TAMS 0x0000000085d00000, 0x0000000085d00000| Untracked 
|  94|0x0000000085e00000, 0x0000000085f00000, 0x0000000085f00000|100%| O|  |TAMS 0x0000000085f00000, 0x0000000085e00000| Untracked 
|  95|0x0000000085f00000, 0x0000000086000000, 0x0000000086000000|100%| O|  |TAMS 0x0000000086000000, 0x0000000085f00000| Untracked 
|  96|0x0000000086000000, 0x0000000086100000, 0x0000000086100000|100%| O|  |TAMS 0x0000000086100000, 0x0000000086000000| Untracked 
|  97|0x0000000086100000, 0x0000000086200000, 0x0000000086200000|100%| O|  |TAMS 0x0000000086200000, 0x0000000086100000| Untracked 
|  98|0x0000000086200000, 0x0000000086300000, 0x0000000086300000|100%| O|  |TAMS 0x0000000086300000, 0x0000000086200000| Untracked 
|  99|0x0000000086300000, 0x0000000086400000, 0x0000000086400000|100%| O|  |TAMS 0x0000000086328000, 0x0000000086300000| Untracked 
| 100|0x0000000086400000, 0x0000000086500000, 0x0000000086500000|100%| O|  |TAMS 0x0000000086400000, 0x0000000086400000| Untracked 
| 101|0x0000000086500000, 0x0000000086600000, 0x0000000086600000|100%| O|  |TAMS 0x0000000086500000, 0x0000000086500000| Untracked 
| 102|0x0000000086600000, 0x0000000086700000, 0x0000000086700000|100%| O|  |TAMS 0x0000000086600000, 0x0000000086600000| Untracked 
| 103|0x0000000086700000, 0x0000000086800000, 0x0000000086800000|100%| O|  |TAMS 0x0000000086700000, 0x0000000086700000| Untracked 
| 104|0x0000000086800000, 0x0000000086900000, 0x0000000086900000|100%| O|  |TAMS 0x0000000086800000, 0x0000000086800000| Untracked 
| 105|0x0000000086900000, 0x0000000086a00000, 0x0000000086a00000|100%| O|  |TAMS 0x0000000086900000, 0x0000000086900000| Untracked 
| 106|0x0000000086a00000, 0x0000000086b00000, 0x0000000086b00000|100%| O|  |TAMS 0x0000000086a00000, 0x0000000086a00000| Untracked 
| 107|0x0000000086b00000, 0x0000000086b00000, 0x0000000086c00000|  0%| F|  |TAMS 0x0000000086b00000, 0x0000000086b00000| Untracked 
| 108|0x0000000086c00000, 0x0000000086c00000, 0x0000000086d00000|  0%| F|  |TAMS 0x0000000086c00000, 0x0000000086c00000| Untracked 
| 109|0x0000000086d00000, 0x0000000086d00000, 0x0000000086e00000|  0%| F|  |TAMS 0x0000000086d00000, 0x0000000086d00000| Untracked 
| 110|0x0000000086e00000, 0x0000000086e00000, 0x0000000086f00000|  0%| F|  |TAMS 0x0000000086e00000, 0x0000000086e00000| Untracked 
| 111|0x0000000086f00000, 0x0000000086f00000, 0x0000000087000000|  0%| F|  |TAMS 0x0000000086f00000, 0x0000000086f00000| Untracked 
| 112|0x0000000087000000, 0x0000000087000000, 0x0000000087100000|  0%| F|  |TAMS 0x0000000087000000, 0x0000000087000000| Untracked 
| 113|0x0000000087100000, 0x0000000087100000, 0x0000000087200000|  0%| F|  |TAMS 0x0000000087100000, 0x0000000087100000| Untracked 
| 114|0x0000000087200000, 0x0000000087200000, 0x0000000087300000|  0%| F|  |TAMS 0x0000000087200000, 0x0000000087200000| Untracked 
| 115|0x0000000087300000, 0x0000000087300000, 0x0000000087400000|  0%| F|  |TAMS 0x0000000087300000, 0x0000000087300000| Untracked 
| 116|0x0000000087400000, 0x0000000087400000, 0x0000000087500000|  0%| F|  |TAMS 0x0000000087400000, 0x0000000087400000| Untracked 
| 117|0x0000000087500000, 0x0000000087500000, 0x0000000087600000|  0%| F|  |TAMS 0x0000000087500000, 0x0000000087500000| Untracked 
| 118|0x0000000087600000, 0x0000000087600000, 0x0000000087700000|  0%| F|  |TAMS 0x0000000087600000, 0x0000000087600000| Untracked 
| 119|0x0000000087700000, 0x0000000087700000, 0x0000000087800000|  0%| F|  |TAMS 0x0000000087700000, 0x0000000087700000| Untracked 
| 120|0x0000000087800000, 0x0000000087800000, 0x0000000087900000|  0%| F|  |TAMS 0x0000000087800000, 0x0000000087800000| Untracked 
| 121|0x0000000087900000, 0x0000000087900000, 0x0000000087a00000|  0%| F|  |TAMS 0x0000000087900000, 0x0000000087900000| Untracked 
| 122|0x0000000087a00000, 0x0000000087a00000, 0x0000000087b00000|  0%| F|  |TAMS 0x0000000087a00000, 0x0000000087a00000| Untracked 
| 123|0x0000000087b00000, 0x0000000087b00000, 0x0000000087c00000|  0%| F|  |TAMS 0x0000000087b00000, 0x0000000087b00000| Untracked 
| 124|0x0000000087c00000, 0x0000000087c00000, 0x0000000087d00000|  0%| F|  |TAMS 0x0000000087c00000, 0x0000000087c00000| Untracked 
| 125|0x0000000087d00000, 0x0000000087d00000, 0x0000000087e00000|  0%| F|  |TAMS 0x0000000087d00000, 0x0000000087d00000| Untracked 
| 126|0x0000000087e00000, 0x0000000087e00000, 0x0000000087f00000|  0%| F|  |TAMS 0x0000000087e00000, 0x0000000087e00000| Untracked 
| 127|0x0000000087f00000, 0x0000000087f00000, 0x0000000088000000|  0%| F|  |TAMS 0x0000000087f00000, 0x0000000087f00000| Untracked 
| 128|0x0000000088000000, 0x0000000088000000, 0x0000000088100000|  0%| F|  |TAMS 0x0000000088000000, 0x0000000088000000| Untracked 
| 129|0x0000000088100000, 0x0000000088100000, 0x0000000088200000|  0%| F|  |TAMS 0x0000000088100000, 0x0000000088100000| Untracked 
| 130|0x0000000088200000, 0x0000000088200000, 0x0000000088300000|  0%| F|  |TAMS 0x0000000088200000, 0x0000000088200000| Untracked 
| 131|0x0000000088300000, 0x0000000088300000, 0x0000000088400000|  0%| F|  |TAMS 0x0000000088300000, 0x0000000088300000| Untracked 
| 132|0x0000000088400000, 0x0000000088400000, 0x0000000088500000|  0%| F|  |TAMS 0x0000000088400000, 0x0000000088400000| Untracked 
| 133|0x0000000088500000, 0x0000000088500000, 0x0000000088600000|  0%| F|  |TAMS 0x0000000088500000, 0x0000000088500000| Untracked 
| 134|0x0000000088600000, 0x0000000088600000, 0x0000000088700000|  0%| F|  |TAMS 0x0000000088600000, 0x0000000088600000| Untracked 
| 135|0x0000000088700000, 0x0000000088700000, 0x0000000088800000|  0%| F|  |TAMS 0x0000000088700000, 0x0000000088700000| Untracked 
| 136|0x0000000088800000, 0x00000000888e2600, 0x0000000088900000| 88%| S|CS|TAMS 0x0000000088800000, 0x0000000088800000| Complete 
| 137|0x0000000088900000, 0x0000000088a00000, 0x0000000088a00000|100%| S|CS|TAMS 0x0000000088900000, 0x0000000088900000| Complete 
| 138|0x0000000088a00000, 0x0000000088a00000, 0x0000000088b00000|  0%| F|  |TAMS 0x0000000088a00000, 0x0000000088a00000| Untracked 
| 139|0x0000000088b00000, 0x0000000088b00000, 0x0000000088c00000|  0%| F|  |TAMS 0x0000000088b00000, 0x0000000088b00000| Untracked 
| 140|0x0000000088c00000, 0x0000000088c00000, 0x0000000088d00000|  0%| F|  |TAMS 0x0000000088c00000, 0x0000000088c00000| Untracked 
| 141|0x0000000088d00000, 0x0000000088d00000, 0x0000000088e00000|  0%| F|  |TAMS 0x0000000088d00000, 0x0000000088d00000| Untracked 
| 142|0x0000000088e00000, 0x0000000088e00000, 0x0000000088f00000|  0%| F|  |TAMS 0x0000000088e00000, 0x0000000088e00000| Untracked 
| 143|0x0000000088f00000, 0x0000000088f00000, 0x0000000089000000|  0%| F|  |TAMS 0x0000000088f00000, 0x0000000088f00000| Untracked 
| 144|0x0000000089000000, 0x0000000089000000, 0x0000000089100000|  0%| F|  |TAMS 0x0000000089000000, 0x0000000089000000| Untracked 
| 145|0x0000000089100000, 0x0000000089100000, 0x0000000089200000|  0%| F|  |TAMS 0x0000000089100000, 0x0000000089100000| Untracked 
| 146|0x0000000089200000, 0x0000000089200000, 0x0000000089300000|  0%| F|  |TAMS 0x0000000089200000, 0x0000000089200000| Untracked 
| 147|0x0000000089300000, 0x0000000089300000, 0x0000000089400000|  0%| F|  |TAMS 0x0000000089300000, 0x0000000089300000| Untracked 
| 148|0x0000000089400000, 0x0000000089400000, 0x0000000089500000|  0%| F|  |TAMS 0x0000000089400000, 0x0000000089400000| Untracked 
| 149|0x0000000089500000, 0x0000000089500000, 0x0000000089600000|  0%| F|  |TAMS 0x0000000089500000, 0x0000000089500000| Untracked 
| 150|0x0000000089600000, 0x0000000089600000, 0x0000000089700000|  0%| F|  |TAMS 0x0000000089600000, 0x0000000089600000| Untracked 
| 151|0x0000000089700000, 0x0000000089700000, 0x0000000089800000|  0%| F|  |TAMS 0x0000000089700000, 0x0000000089700000| Untracked 
| 152|0x0000000089800000, 0x0000000089800000, 0x0000000089900000|  0%| F|  |TAMS 0x0000000089800000, 0x0000000089800000| Untracked 
| 153|0x0000000089900000, 0x0000000089900000, 0x0000000089a00000|  0%| F|  |TAMS 0x0000000089900000, 0x0000000089900000| Untracked 
| 154|0x0000000089a00000, 0x0000000089a00000, 0x0000000089b00000|  0%| F|  |TAMS 0x0000000089a00000, 0x0000000089a00000| Untracked 
| 155|0x0000000089b00000, 0x0000000089b00000, 0x0000000089c00000|  0%| F|  |TAMS 0x0000000089b00000, 0x0000000089b00000| Untracked 
| 156|0x0000000089c00000, 0x0000000089c00000, 0x0000000089d00000|  0%| F|  |TAMS 0x0000000089c00000, 0x0000000089c00000| Untracked 
| 157|0x0000000089d00000, 0x0000000089d00000, 0x0000000089e00000|  0%| F|  |TAMS 0x0000000089d00000, 0x0000000089d00000| Untracked 
| 158|0x0000000089e00000, 0x0000000089e00000, 0x0000000089f00000|  0%| F|  |TAMS 0x0000000089e00000, 0x0000000089e00000| Untracked 
| 159|0x0000000089f00000, 0x0000000089f00000, 0x000000008a000000|  0%| F|  |TAMS 0x0000000089f00000, 0x0000000089f00000| Untracked 
| 160|0x000000008a000000, 0x000000008a000000, 0x000000008a100000|  0%| F|  |TAMS 0x000000008a000000, 0x000000008a000000| Untracked 
| 161|0x000000008a100000, 0x000000008a100000, 0x000000008a200000|  0%| F|  |TAMS 0x000000008a100000, 0x000000008a100000| Untracked 
| 162|0x000000008a200000, 0x000000008a200000, 0x000000008a300000|  0%| F|  |TAMS 0x000000008a200000, 0x000000008a200000| Untracked 
| 163|0x000000008a300000, 0x000000008a300000, 0x000000008a400000|  0%| F|  |TAMS 0x000000008a300000, 0x000000008a300000| Untracked 
| 164|0x000000008a400000, 0x000000008a400000, 0x000000008a500000|  0%| F|  |TAMS 0x000000008a400000, 0x000000008a400000| Untracked 
| 165|0x000000008a500000, 0x000000008a500000, 0x000000008a600000|  0%| F|  |TAMS 0x000000008a500000, 0x000000008a500000| Untracked 
| 166|0x000000008a600000, 0x000000008a600000, 0x000000008a700000|  0%| F|  |TAMS 0x000000008a600000, 0x000000008a600000| Untracked 
| 167|0x000000008a700000, 0x000000008a700000, 0x000000008a800000|  0%| F|  |TAMS 0x000000008a700000, 0x000000008a700000| Untracked 
| 168|0x000000008a800000, 0x000000008a800000, 0x000000008a900000|  0%| F|  |TAMS 0x000000008a800000, 0x000000008a800000| Untracked 
| 169|0x000000008a900000, 0x000000008a900000, 0x000000008aa00000|  0%| F|  |TAMS 0x000000008a900000, 0x000000008a900000| Untracked 
| 170|0x000000008aa00000, 0x000000008aa00000, 0x000000008ab00000|  0%| F|  |TAMS 0x000000008aa00000, 0x000000008aa00000| Untracked 
| 171|0x000000008ab00000, 0x000000008ab00000, 0x000000008ac00000|  0%| F|  |TAMS 0x000000008ab00000, 0x000000008ab00000| Untracked 
| 172|0x000000008ac00000, 0x000000008ac00000, 0x000000008ad00000|  0%| F|  |TAMS 0x000000008ac00000, 0x000000008ac00000| Untracked 
| 173|0x000000008ad00000, 0x000000008ad00000, 0x000000008ae00000|  0%| F|  |TAMS 0x000000008ad00000, 0x000000008ad00000| Untracked 
| 174|0x000000008ae00000, 0x000000008ae00000, 0x000000008af00000|  0%| F|  |TAMS 0x000000008ae00000, 0x000000008ae00000| Untracked 
| 175|0x000000008af00000, 0x000000008af00000, 0x000000008b000000|  0%| F|  |TAMS 0x000000008af00000, 0x000000008af00000| Untracked 
| 176|0x000000008b000000, 0x000000008b000000, 0x000000008b100000|  0%| F|  |TAMS 0x000000008b000000, 0x000000008b000000| Untracked 
| 177|0x000000008b100000, 0x000000008b100000, 0x000000008b200000|  0%| F|  |TAMS 0x000000008b100000, 0x000000008b100000| Untracked 
| 178|0x000000008b200000, 0x000000008b200000, 0x000000008b300000|  0%| F|  |TAMS 0x000000008b200000, 0x000000008b200000| Untracked 
| 179|0x000000008b300000, 0x000000008b300000, 0x000000008b400000|  0%| F|  |TAMS 0x000000008b300000, 0x000000008b300000| Untracked 
| 180|0x000000008b400000, 0x000000008b400000, 0x000000008b500000|  0%| F|  |TAMS 0x000000008b400000, 0x000000008b400000| Untracked 
| 181|0x000000008b500000, 0x000000008b500000, 0x000000008b600000|  0%| F|  |TAMS 0x000000008b500000, 0x000000008b500000| Untracked 
| 182|0x000000008b600000, 0x000000008b600000, 0x000000008b700000|  0%| F|  |TAMS 0x000000008b600000, 0x000000008b600000| Untracked 
| 183|0x000000008b700000, 0x000000008b700000, 0x000000008b800000|  0%| F|  |TAMS 0x000000008b700000, 0x000000008b700000| Untracked 
| 184|0x000000008b800000, 0x000000008b800000, 0x000000008b900000|  0%| F|  |TAMS 0x000000008b800000, 0x000000008b800000| Untracked 
| 185|0x000000008b900000, 0x000000008b900000, 0x000000008ba00000|  0%| F|  |TAMS 0x000000008b900000, 0x000000008b900000| Untracked 
| 186|0x000000008ba00000, 0x000000008ba00000, 0x000000008bb00000|  0%| F|  |TAMS 0x000000008ba00000, 0x000000008ba00000| Untracked 
| 187|0x000000008bb00000, 0x000000008bb00000, 0x000000008bc00000|  0%| F|  |TAMS 0x000000008bb00000, 0x000000008bb00000| Untracked 
| 188|0x000000008bc00000, 0x000000008bc00000, 0x000000008bd00000|  0%| F|  |TAMS 0x000000008bc00000, 0x000000008bc00000| Untracked 
| 189|0x000000008bd00000, 0x000000008bd00000, 0x000000008be00000|  0%| F|  |TAMS 0x000000008bd00000, 0x000000008bd00000| Untracked 
| 190|0x000000008be00000, 0x000000008be00000, 0x000000008bf00000|  0%| F|  |TAMS 0x000000008be00000, 0x000000008be00000| Untracked 
| 191|0x000000008bf00000, 0x000000008bf00000, 0x000000008c000000|  0%| F|  |TAMS 0x000000008bf00000, 0x000000008bf00000| Untracked 
| 192|0x000000008c000000, 0x000000008c000000, 0x000000008c100000|  0%| F|  |TAMS 0x000000008c000000, 0x000000008c000000| Untracked 
| 253|0x000000008fd00000, 0x000000008fd00000, 0x000000008fe00000|  0%| F|  |TAMS 0x000000008fd00000, 0x000000008fd00000| Untracked 

Card table byte_map: [0x0000023cfd810000,0x0000023cfdc10000] _byte_map_base: 0x0000023cfd410000

Marking Bits (Prev, Next): (CMBitMap*) 0x0000023cfb151d00, (CMBitMap*) 0x0000023cfb151d40
 Prev Bits: [0x0000023c96a10000, 0x0000023c98a10000)
 Next Bits: [0x0000023c98a10000, 0x0000023c9aa10000)

Polling page: 0x0000023cfc980000

Metaspace:

Usage:
  Non-class:     76.95 MB used.
      Class:     11.78 MB used.
       Both:     88.73 MB used.

Virtual space:
  Non-class space:       80.00 MB reserved,      77.31 MB ( 97%) committed,  10 nodes.
      Class space:        1.00 GB reserved,      12.06 MB (  1%) committed,  1 nodes.
             Both:        1.08 GB reserved,      89.38 MB (  8%) committed. 

Chunk freelists:
   Non-Class:  2.28 MB
       Class:  3.88 MB
        Both:  6.16 MB

MaxMetaspaceSize: unlimited
CompressedClassSpaceSize: 1.00 GB
Initial GC threshold: 21.00 MB
Current GC threshold: 147.75 MB
CDS: on
MetaspaceReclaimPolicy: balanced
 - commit_granule_bytes: 65536.
 - commit_granule_words: 8192.
 - virtual_space_node_default_size: 1048576.
 - enlarge_chunks_in_place: 1.
 - new_chunks_are_fully_committed: 0.
 - uncommit_free_chunks: 1.
 - use_allocation_guard: 0.
 - handle_deallocations: 1.


Internal statistics:

num_allocs_failed_limit: 6.
num_arena_births: 832.
num_arena_deaths: 16.
num_vsnodes_births: 11.
num_vsnodes_deaths: 0.
num_space_committed: 1429.
num_space_uncommitted: 0.
num_chunks_returned_to_freelist: 28.
num_chunks_taken_from_freelist: 4458.
num_chunk_merges: 14.
num_chunk_splits: 2976.
num_chunks_enlarged: 2031.
num_purges: 2.
num_inconsistent_stats: 0.

CodeHeap 'non-profiled nmethods': size=120000Kb used=8164Kb max_used=8164Kb free=111835Kb
 bounds [0x0000023c8f4e0000, 0x0000023c8fce0000, 0x0000023c96a10000]
CodeHeap 'profiled nmethods': size=120000Kb used=25797Kb max_used=25797Kb free=94202Kb
 bounds [0x0000023c87fb0000, 0x0000023c898f0000, 0x0000023c8f4e0000]
CodeHeap 'non-nmethods': size=5760Kb used=2409Kb max_used=2534Kb free=3351Kb
 bounds [0x0000023c87a10000, 0x0000023c87c90000, 0x0000023c87fb0000]
 total_blobs=13630 nmethods=12687 adapters=852
 compilation: enabled
              stopped_count=0, restarted_count=0
 full_count=0

Compilation events (20 events):
Event: 21.483 Thread 0x0000023ca1e52880 nmethod 14940 0x0000023c8fcd6b10 code [0x0000023c8fcd6ca0, 0x0000023c8fcd6fb8]
Event: 21.483 Thread 0x0000023ca1e52880 14931       4       org.gradle.internal.snapshot.RelativePathTrackingFileSystemSnapshotHierarchyVisitor::leaveDirectory (1 bytes)
Event: 21.483 Thread 0x0000023ca1e52880 nmethod 14931 0x0000023c8fcd7290 code [0x0000023c8fcd7400, 0x0000023c8fcd7478]
Event: 21.484 Thread 0x0000023ca1e52880 14957       4       com.google.common.collect.ImmutableMultimap$EntryCollection::size (8 bytes)
Event: 21.484 Thread 0x0000023ca1e52880 nmethod 14957 0x0000023c8fcd7590 code [0x0000023c8fcd7700, 0x0000023c8fcd7798]
Event: 21.484 Thread 0x0000023ca1e52880 14952       4       org.gradle.internal.execution.UnitOfWork::getTypeOriginInspector (4 bytes)
Event: 21.484 Thread 0x0000023ca1e52880 nmethod 14952 0x0000023c8fcd7890 code [0x0000023c8fcd7a00, 0x0000023c8fcd7a78]
Event: 21.484 Thread 0x0000023ca1e52880 14953       4       org.gradle.api.internal.file.DefaultFileCollectionFactory$EmptyFileCollection::visitContents (1 bytes)
Event: 21.485 Thread 0x0000023ca1e52880 nmethod 14953 0x0000023c8fcd7b90 code [0x0000023c8fcd7d00, 0x0000023c8fcd7d78]
Event: 21.485 Thread 0x0000023ca1e52880 14929       4       java.util.concurrent.ArrayBlockingQueue::dequeue (75 bytes)
Event: 21.500 Thread 0x0000023cfeb0f190 14961       3       org.apache.commons.io.FilenameUtils::indexOfExtension (29 bytes)
Event: 21.501 Thread 0x0000023cfeb0f190 nmethod 14961 0x0000023c898dff10 code [0x0000023c898e0180, 0x0000023c898e0b78]
Event: 21.501 Thread 0x0000023cfeb0f190 14962       3       org.apache.commons.io.FilenameUtils::indexOfLastSeparator (26 bytes)
Event: 21.501 Thread 0x0000023cfeb0f190 nmethod 14962 0x0000023c898e0f10 code [0x0000023c898e1160, 0x0000023c898e1a38]
Event: 21.503 Thread 0x0000023ca1e52880 nmethod 14929 0x0000023c8fcd7e90 code [0x0000023c8fcd8040, 0x0000023c8fcd8948]
Event: 21.503 Thread 0x0000023ca1e52880 14959       4       java.util.ArrayDeque::peekLast (19 bytes)
Event: 21.504 Thread 0x0000023ca1e52880 nmethod 14959 0x0000023c8fcd8c90 code [0x0000023c8fcd8e00, 0x0000023c8fcd8eb8]
Event: 21.504 Thread 0x0000023ca1e52880 14955       4       jdk.internal.misc.Unsafe::checkNativeAddress (28 bytes)
Event: 21.504 Thread 0x0000023ca1e52880 nmethod 14955 0x0000023c8fcd8f90 code [0x0000023c8fcd9100, 0x0000023c8fcd9178]
Event: 21.504 Thread 0x0000023ca1e52880 14963       4       org.gradle.internal.snapshot.ChildMap$Entry::handlePath (135 bytes)

GC Heap History (20 events):
Event: 16.275 GC heap after
{Heap after GC invocations=48 (full 0):
 garbage-first heap   total 153600K, used 94331K [0x0000000080000000, 0x0000000100000000)
  region size 1024K, 1 young (1024K), 1 survivors (1024K)
 Metaspace       used 79393K, committed 80000K, reserved 1122304K
  class space    used 10883K, committed 11200K, reserved 1048576K
}
Event: 16.850 GC heap before
{Heap before GC invocations=48 (full 0):
 garbage-first heap   total 153600K, used 117883K [0x0000000080000000, 0x0000000100000000)
  region size 1024K, 25 young (25600K), 1 survivors (1024K)
 Metaspace       used 79911K, committed 80512K, reserved 1122304K
  class space    used 10927K, committed 11200K, reserved 1048576K
}
Event: 16.857 GC heap after
{Heap after GC invocations=49 (full 0):
 garbage-first heap   total 198656K, used 97482K [0x0000000080000000, 0x0000000100000000)
  region size 1024K, 5 young (5120K), 5 survivors (5120K)
 Metaspace       used 79911K, committed 80512K, reserved 1122304K
  class space    used 10927K, committed 11200K, reserved 1048576K
}
Event: 17.911 GC heap before
{Heap before GC invocations=50 (full 0):
 garbage-first heap   total 198656K, used 155850K [0x0000000080000000, 0x0000000100000000)
  region size 1024K, 60 young (61440K), 5 survivors (5120K)
 Metaspace       used 84209K, committed 84864K, reserved 1122304K
  class space    used 11262K, committed 11584K, reserved 1048576K
}
Event: 17.918 GC heap after
{Heap after GC invocations=51 (full 0):
 garbage-first heap   total 198656K, used 100069K [0x0000000080000000, 0x0000000100000000)
  region size 1024K, 7 young (7168K), 7 survivors (7168K)
 Metaspace       used 84209K, committed 84864K, reserved 1122304K
  class space    used 11262K, committed 11584K, reserved 1048576K
}
Event: 17.935 GC heap before
{Heap before GC invocations=51 (full 0):
 garbage-first heap   total 198656K, used 102117K [0x0000000080000000, 0x0000000100000000)
  region size 1024K, 9 young (9216K), 7 survivors (7168K)
 Metaspace       used 84231K, committed 84928K, reserved 1122304K
  class space    used 11263K, committed 11584K, reserved 1048576K
}
Event: 17.942 GC heap after
{Heap after GC invocations=52 (full 0):
 garbage-first heap   total 198656K, used 99995K [0x0000000080000000, 0x0000000100000000)
  region size 1024K, 1 young (1024K), 1 survivors (1024K)
 Metaspace       used 84231K, committed 84928K, reserved 1122304K
  class space    used 11263K, committed 11584K, reserved 1048576K
}
Event: 18.043 GC heap before
{Heap before GC invocations=52 (full 0):
 garbage-first heap   total 198656K, used 106139K [0x0000000080000000, 0x0000000100000000)
  region size 1024K, 8 young (8192K), 1 survivors (1024K)
 Metaspace       used 84375K, committed 85056K, reserved 1130496K
  class space    used 11275K, committed 11584K, reserved 1048576K
}
Event: 18.045 GC heap after
{Heap after GC invocations=53 (full 0):
 garbage-first heap   total 198656K, used 99551K [0x0000000080000000, 0x0000000100000000)
  region size 1024K, 1 young (1024K), 1 survivors (1024K)
 Metaspace       used 84375K, committed 85056K, reserved 1130496K
  class space    used 11275K, committed 11584K, reserved 1048576K
}
Event: 19.420 GC heap before
{Heap before GC invocations=54 (full 0):
 garbage-first heap   total 198656K, used 181471K [0x0000000080000000, 0x0000000100000000)
  region size 1024K, 60 young (61440K), 1 survivors (1024K)
 Metaspace       used 86132K, committed 86784K, reserved 1130496K
  class space    used 11463K, committed 11776K, reserved 1048576K
}
Event: 19.424 GC heap after
{Heap after GC invocations=55 (full 0):
 garbage-first heap   total 198656K, used 102257K [0x0000000080000000, 0x0000000100000000)
  region size 1024K, 4 young (4096K), 4 survivors (4096K)
 Metaspace       used 86132K, committed 86784K, reserved 1130496K
  class space    used 11463K, committed 11776K, reserved 1048576K
}
Event: 19.499 GC heap before
{Heap before GC invocations=55 (full 0):
 garbage-first heap   total 198656K, used 106353K [0x0000000080000000, 0x0000000100000000)
  region size 1024K, 9 young (9216K), 4 survivors (4096K)
 Metaspace       used 86407K, committed 87040K, reserved 1130496K
  class space    used 11499K, committed 11840K, reserved 1048576K
}
Event: 19.502 GC heap after
{Heap after GC invocations=56 (full 0):
 garbage-first heap   total 198656K, used 99930K [0x0000000080000000, 0x0000000100000000)
  region size 1024K, 1 young (1024K), 1 survivors (1024K)
 Metaspace       used 86407K, committed 87040K, reserved 1130496K
  class space    used 11499K, committed 11840K, reserved 1048576K
}
Event: 20.201 GC heap before
{Heap before GC invocations=56 (full 0):
 garbage-first heap   total 198656K, used 160346K [0x0000000080000000, 0x0000000100000000)
  region size 1024K, 61 young (62464K), 1 survivors (1024K)
 Metaspace       used 90012K, committed 90624K, reserved 1130496K
  class space    used 11972K, committed 12288K, reserved 1048576K
}
Event: 20.207 GC heap after
{Heap after GC invocations=57 (full 0):
 garbage-first heap   total 198656K, used 104177K [0x0000000080000000, 0x0000000100000000)
  region size 1024K, 5 young (5120K), 5 survivors (5120K)
 Metaspace       used 90012K, committed 90624K, reserved 1130496K
  class space    used 11972K, committed 12288K, reserved 1048576K
}
Event: 20.925 GC heap before
{Heap before GC invocations=58 (full 0):
 garbage-first heap   total 198656K, used 161521K [0x0000000080000000, 0x0000000100000000)
  region size 1024K, 62 young (63488K), 5 survivors (5120K)
 Metaspace       used 90384K, committed 91072K, reserved 1130496K
  class space    used 12001K, committed 12352K, reserved 1048576K
}
Event: 20.935 GC heap after
{Heap after GC invocations=59 (full 0):
 garbage-first heap   total 198656K, used 109363K [0x0000000080000000, 0x0000000100000000)
  region size 1024K, 6 young (6144K), 6 survivors (6144K)
 Metaspace       used 90384K, committed 91072K, reserved 1130496K
  class space    used 12001K, committed 12352K, reserved 1048576K
}
Event: 20.954 GC heap before
{Heap before GC invocations=59 (full 0):
 garbage-first heap   total 198656K, used 112435K [0x0000000080000000, 0x0000000100000000)
  region size 1024K, 9 young (9216K), 6 survivors (6144K)
 Metaspace       used 90429K, committed 91072K, reserved 1130496K
  class space    used 12014K, committed 12352K, reserved 1048576K
}
Event: 20.960 GC heap after
{Heap after GC invocations=60 (full 0):
 garbage-first heap   total 198656K, used 107361K [0x0000000080000000, 0x0000000100000000)
  region size 1024K, 1 young (1024K), 1 survivors (1024K)
 Metaspace       used 90429K, committed 91072K, reserved 1130496K
  class space    used 12014K, committed 12352K, reserved 1048576K
}
Event: 21.513 GC heap before
{Heap before GC invocations=60 (full 0):
 garbage-first heap   total 198656K, used 162657K [0x0000000080000000, 0x0000000100000000)
  region size 1024K, 56 young (57344K), 1 survivors (1024K)
 Metaspace       used 90858K, committed 91520K, reserved 1130496K
  class space    used 12061K, committed 12352K, reserved 1048576K
}

Deoptimization events (20 events):
Event: 21.217 Thread 0x0000023ca1086400 Uncommon trap: trap_request=0xffffff45 fr.pc=0x0000023c8f5b890c relative=0x00000000000003ac
Event: 21.217 Thread 0x0000023ca1086400 Uncommon trap: reason=unstable_if action=reinterpret pc=0x0000023c8f5b890c method=jdk.internal.org.objectweb.asm.MethodWriter.visitFieldInsn(ILjava/lang/String;Ljava/lang/String;Ljava/lang/String;)V @ 223 c2
Event: 21.217 Thread 0x0000023ca1086400 DEOPT PACKING pc=0x0000023c8f5b890c sp=0x000000eb8dff9bb0
Event: 21.217 Thread 0x0000023ca1086400 DEOPT UNPACKING pc=0x0000023c87a623a3 sp=0x000000eb8dff9b30 mode 2
Event: 21.459 Thread 0x0000023ca1086400 Uncommon trap: trap_request=0xffffffd6 fr.pc=0x0000023c8fcc2864 relative=0x00000000000003a4
Event: 21.459 Thread 0x0000023ca1086400 Uncommon trap: reason=array_check action=maybe_recompile pc=0x0000023c8fcc2864 method=java.util.AbstractCollection.toArray([Ljava/lang/Object;)[Ljava/lang/Object; @ 116 c2
Event: 21.459 Thread 0x0000023ca1086400 DEOPT PACKING pc=0x0000023c8fcc2864 sp=0x000000eb8dffc760
Event: 21.459 Thread 0x0000023ca1086400 DEOPT UNPACKING pc=0x0000023c87a623a3 sp=0x000000eb8dffc700 mode 2
Event: 21.464 Thread 0x0000023c9f0e8950 Uncommon trap: trap_request=0xffffffd6 fr.pc=0x0000023c8fcc2864 relative=0x00000000000003a4
Event: 21.464 Thread 0x0000023c9f0e8950 Uncommon trap: reason=array_check action=maybe_recompile pc=0x0000023c8fcc2864 method=java.util.AbstractCollection.toArray([Ljava/lang/Object;)[Ljava/lang/Object; @ 116 c2
Event: 21.464 Thread 0x0000023c9f0e8950 DEOPT PACKING pc=0x0000023c8fcc2864 sp=0x000000eb93afb560
Event: 21.464 Thread 0x0000023c9f0e8950 DEOPT UNPACKING pc=0x0000023c87a623a3 sp=0x000000eb93afb500 mode 2
Event: 21.464 Thread 0x0000023c9f0e8950 Uncommon trap: trap_request=0xffffffd6 fr.pc=0x0000023c8fcc2864 relative=0x00000000000003a4
Event: 21.464 Thread 0x0000023c9f0e8950 Uncommon trap: reason=array_check action=maybe_recompile pc=0x0000023c8fcc2864 method=java.util.AbstractCollection.toArray([Ljava/lang/Object;)[Ljava/lang/Object; @ 116 c2
Event: 21.464 Thread 0x0000023c9f0e8950 DEOPT PACKING pc=0x0000023c8fcc2864 sp=0x000000eb93afb560
Event: 21.464 Thread 0x0000023c9f0e8950 DEOPT UNPACKING pc=0x0000023c87a623a3 sp=0x000000eb93afb500 mode 2
Event: 21.464 Thread 0x0000023c9f0e8950 Uncommon trap: trap_request=0xffffffd6 fr.pc=0x0000023c8fcc2864 relative=0x00000000000003a4
Event: 21.464 Thread 0x0000023c9f0e8950 Uncommon trap: reason=array_check action=maybe_recompile pc=0x0000023c8fcc2864 method=java.util.AbstractCollection.toArray([Ljava/lang/Object;)[Ljava/lang/Object; @ 116 c2
Event: 21.464 Thread 0x0000023c9f0e8950 DEOPT PACKING pc=0x0000023c8fcc2864 sp=0x000000eb93afb560
Event: 21.464 Thread 0x0000023c9f0e8950 DEOPT UNPACKING pc=0x0000023c87a623a3 sp=0x000000eb93afb500 mode 2

Classes unloaded (8 events):
Event: 14.951 Thread 0x0000023cfeae7ea0 Unloading class 0x00000008016b4400 'java/lang/invoke/LambdaForm$DMH+0x00000008016b4400'
Event: 14.951 Thread 0x0000023cfeae7ea0 Unloading class 0x00000008016a5c00 'java/lang/invoke/LambdaForm$DMH+0x00000008016a5c00'
Event: 14.951 Thread 0x0000023cfeae7ea0 Unloading class 0x00000008016a5800 'java/lang/invoke/LambdaForm$DMH+0x00000008016a5800'
Event: 14.951 Thread 0x0000023cfeae7ea0 Unloading class 0x00000008016a5400 'java/lang/invoke/LambdaForm$DMH+0x00000008016a5400'
Event: 14.951 Thread 0x0000023cfeae7ea0 Unloading class 0x00000008016a4c00 'java/lang/invoke/LambdaForm$DMH+0x00000008016a4c00'
Event: 14.951 Thread 0x0000023cfeae7ea0 Unloading class 0x00000008016a4800 'java/lang/invoke/LambdaForm$DMH+0x00000008016a4800'
Event: 14.951 Thread 0x0000023cfeae7ea0 Unloading class 0x00000008016a5000 'java/lang/invoke/LambdaForm$DMH+0x00000008016a5000'
Event: 14.951 Thread 0x0000023cfeae7ea0 Unloading class 0x00000008016a4400 'java/lang/invoke/LambdaForm$DMH+0x00000008016a4400'

Classes redefined (0 events):
No events

Internal exceptions (20 events):
Event: 20.517 Thread 0x0000023ca1084250 Exception <a 'sun/nio/fs/WindowsException'{0x000000008adaa998}> (0x000000008adaa998) 
thrown [e:\jenkins\tmp\workspace\build\src\src\hotspot\share\prims\jni.cpp, line 516]
Event: 20.523 Thread 0x0000023ca0f05590 Exception <a 'sun/nio/fs/WindowsException'{0x000000008ac9a478}> (0x000000008ac9a478) 
thrown [e:\jenkins\tmp\workspace\build\src\src\hotspot\share\prims\jni.cpp, line 516]
Event: 20.537 Thread 0x0000023ca0b0db90 Exception <a 'sun/nio/fs/WindowsException'{0x000000008ab4d358}> (0x000000008ab4d358) 
thrown [e:\jenkins\tmp\workspace\build\src\src\hotspot\share\prims\jni.cpp, line 516]
Event: 20.544 Thread 0x0000023ca1084250 Exception <a 'sun/nio/fs/WindowsException'{0x000000008abb2238}> (0x000000008abb2238) 
thrown [e:\jenkins\tmp\workspace\build\src\src\hotspot\share\prims\jni.cpp, line 516]
Event: 20.573 Thread 0x0000023c9f004ad0 Exception <a 'sun/nio/fs/WindowsException'{0x000000008a95c560}> (0x000000008a95c560) 
thrown [e:\jenkins\tmp\workspace\build\src\src\hotspot\share\prims\jni.cpp, line 516]
Event: 20.584 Thread 0x0000023ca0b0d6c0 Exception <a 'sun/nio/fs/WindowsException'{0x000000008a8aae18}> (0x000000008a8aae18) 
thrown [e:\jenkins\tmp\workspace\build\src\src\hotspot\share\prims\jni.cpp, line 516]
Event: 20.595 Thread 0x0000023c9f004ad0 Exception <a 'sun/nio/fs/WindowsException'{0x000000008a792078}> (0x000000008a792078) 
thrown [e:\jenkins\tmp\workspace\build\src\src\hotspot\share\prims\jni.cpp, line 516]
Event: 20.599 Thread 0x0000023ca0f04720 Exception <a 'sun/nio/fs/WindowsException'{0x000000008a7f8260}> (0x000000008a7f8260) 
thrown [e:\jenkins\tmp\workspace\build\src\src\hotspot\share\prims\jni.cpp, line 516]
Event: 20.872 Thread 0x0000023c9f0e8950 Exception <a 'java/lang/NoSuchMethodError'{0x0000000088db76b8}: static Lcom/android/build/gradle/internal/scope/InternalArtifactType;.<clinit>()V> (0x0000000088db76b8) 
thrown [e:\jenkins\tmp\workspace\build\src\src\hotspot\share\prims\jni.cpp, line 1107]
Event: 20.872 Thread 0x0000023c9f0e8950 Exception <a 'java/lang/NoSuchMethodError'{0x0000000088db8c48}: static Lcom/android/build/gradle/internal/scope/InternalArtifactType;.<clinit>()V> (0x0000000088db8c48) 
thrown [e:\jenkins\tmp\workspace\build\src\src\hotspot\share\prims\jni.cpp, line 1107]
Event: 20.873 Thread 0x0000023c9f0e8950 Exception <a 'java/lang/NoSuchMethodError'{0x0000000088dbb7c0}: static Lcom/android/build/api/artifact/Artifact$Single;.<clinit>()V> (0x0000000088dbb7c0) 
thrown [e:\jenkins\tmp\workspace\build\src\src\hotspot\share\prims\jni.cpp, line 1107]
Event: 20.873 Thread 0x0000023c9f0e8950 Exception <a 'java/lang/NoSuchMethodError'{0x0000000088dbdd18}: static Ljava/lang/Object;.<clinit>()V> (0x0000000088dbdd18) 
thrown [e:\jenkins\tmp\workspace\build\src\src\hotspot\share\prims\jni.cpp, line 1107]
Event: 20.874 Thread 0x0000023c9f0e8950 Exception <a 'java/lang/NoSuchMethodError'{0x0000000088dd20c0}: static Lcom/android/build/api/artifact/ArtifactKind;.<clinit>()V> (0x0000000088dd20c0) 
thrown [e:\jenkins\tmp\workspace\build\src\src\hotspot\share\prims\jni.cpp, line 1107]
Event: 20.874 Thread 0x0000023c9f0e8950 Exception <a 'java/lang/NoSuchMethodError'{0x0000000088dd3280}: static Lcom/android/build/api/artifact/ArtifactKind;.<clinit>()V> (0x0000000088dd3280) 
thrown [e:\jenkins\tmp\workspace\build\src\src\hotspot\share\prims\jni.cpp, line 1107]
Event: 21.217 Thread 0x0000023ca1086400 Exception <a 'java/lang/NoSuchMethodError'{0x0000000089bfd118}: 'void java.lang.invoke.DirectMethodHandle$Holder.invokeStatic(java.lang.Object, long)'> (0x0000000089bfd118) 
thrown [e:\jenkins\tmp\workspace\build\src\src\hotspot\share\interpreter\linkResolver.cpp, line 766]
Event: 21.218 Thread 0x0000023ca1086400 Exception <a 'java/lang/NoSuchMethodError'{0x00000000896bfef0}: 'java.lang.Object java.lang.invoke.DirectMethodHandle$Holder.newInvokeSpecial(java.lang.Object, long)'> (0x00000000896bfef0) 
thrown [e:\jenkins\tmp\workspace\build\src\src\hotspot\share\interpreter\linkResolver.cpp, line 766]
Event: 21.219 Thread 0x0000023ca1086400 Exception <a 'java/lang/NoSuchMethodError'{0x00000000896c71d0}: 'java.lang.Object java.lang.invoke.DirectMethodHandle$Holder.invokeStatic(java.lang.Object, java.lang.Object, long, java.lang.Object)'> (0x00000000896c71d0) 
thrown [e:\jenkins\tmp\workspace\build\src\src\hotspot\share\interpreter\linkResolver.cpp, line 766]
Event: 21.220 Thread 0x0000023ca1086400 Exception <a 'java/lang/NoSuchMethodError'{0x00000000896cb418}: 'java.lang.Object java.lang.invoke.DirectMethodHandle$Holder.invokeStaticInit(java.lang.Object, java.lang.Object, long, java.lang.Object)'> (0x00000000896cb418) 
thrown [e:\jenkins\tmp\workspace\build\src\src\hotspot\share\interpreter\linkResolver.cpp, line 766]
Event: 21.221 Thread 0x0000023ca1086400 Exception <a 'java/lang/NoSuchMethodError'{0x00000000896d2590}: 'java.lang.Object java.lang.invoke.DirectMethodHandle$Holder.newInvokeSpecial(java.lang.Object, java.lang.Object, long)'> (0x00000000896d2590) 
thrown [e:\jenkins\tmp\workspace\build\src\src\hotspot\share\interpreter\linkResolver.cpp, line 766]
Event: 21.221 Thread 0x0000023ca1086400 Exception <a 'java/lang/NoSuchMethodError'{0x00000000896d68b0}: 'java.lang.Object java.lang.invoke.Invokers$Holder.linkToTargetMethod(java.lang.Object, long, java.lang.Object)'> (0x00000000896d68b0) 
thrown [e:\jenkins\tmp\workspace\build\src\src\hotspot\share\interpreter\linkResolver.cpp, line 766]

VM Operations (20 events):
Event: 19.502 Executing VM operation: G1CollectForAllocation done
Event: 20.020 Executing VM operation: ICBufferFull
Event: 20.020 Executing VM operation: ICBufferFull done
Event: 20.201 Executing VM operation: G1CollectForAllocation
Event: 20.207 Executing VM operation: G1CollectForAllocation done
Event: 20.341 Executing VM operation: G1Concurrent
Event: 20.350 Executing VM operation: G1Concurrent done
Event: 20.410 Executing VM operation: G1Concurrent
Event: 20.411 Executing VM operation: G1Concurrent done
Event: 20.782 Executing VM operation: ICBufferFull
Event: 20.785 Executing VM operation: ICBufferFull done
Event: 20.894 Executing VM operation: HandshakeAllThreads
Event: 20.895 Executing VM operation: HandshakeAllThreads done
Event: 20.925 Executing VM operation: G1CollectForAllocation
Event: 20.940 Executing VM operation: G1CollectForAllocation done
Event: 20.954 Executing VM operation: G1CollectForAllocation
Event: 20.963 Executing VM operation: G1CollectForAllocation done
Event: 21.223 Executing VM operation: HandshakeAllThreads
Event: 21.223 Executing VM operation: HandshakeAllThreads done
Event: 21.513 Executing VM operation: G1CollectForAllocation

Events (20 events):
Event: 21.157 loading class java/lang/ProcessBuilder
Event: 21.157 loading class java/lang/ProcessBuilder done
Event: 21.157 loading class java/lang/ProcessImpl
Event: 21.158 loading class java/lang/ProcessImpl done
Event: 21.218 loading class java/lang/ProcessHandleImpl
Event: 21.219 loading class java/lang/ProcessHandleImpl done
Event: 21.221 loading class java/lang/ProcessImpl$2
Event: 21.222 loading class java/lang/ProcessImpl$2 done
Event: 21.222 loading class java/lang/Process$PipeInputStream
Event: 21.222 loading class java/lang/Process$PipeInputStream done
Event: 21.223 loading class jdk/internal/event/ProcessStartEvent
Event: 21.223 loading class jdk/internal/event/ProcessStartEvent done
Event: 21.226 Thread 0x0000023ca285dd70 Thread added: 0x0000023ca285dd70
Event: 21.226 Thread 0x0000023ca285c090 Thread added: 0x0000023ca285c090
Event: 21.339 Thread 0x0000023ca4b26fd0 Thread exited: 0x0000023ca4b26fd0
Event: 21.339 Thread 0x0000023ca45dd7b0 Thread exited: 0x0000023ca45dd7b0
Event: 21.460 Thread 0x0000023ca1e56030 Thread added: 0x0000023ca1e56030
Event: 21.464 Thread 0x0000023ca1e52880 Thread added: 0x0000023ca1e52880
Event: 21.507 loading class java/io/BufferedReader$1
Event: 21.507 loading class java/io/BufferedReader$1 done


Dynamic libraries:
0x00007ff7c6450000 - 0x00007ff7c645e000 	C:\Program Files\Eclipse Adoptium\jdk-17.0.3.7-hotspot\bin\java.exe
0x00007ffea48c0000 - 0x00007ffea4ac9000 	C:\WINDOWS\SYSTEM32\ntdll.dll
0x00007ffea3ea0000 - 0x00007ffea3f5e000 	C:\WINDOWS\System32\KERNEL32.DLL
0x00007ffea1d90000 - 0x00007ffea210b000 	C:\WINDOWS\System32\KERNELBASE.dll
0x00007ffea2390000 - 0x00007ffea24a1000 	C:\WINDOWS\System32\ucrtbase.dll
0x00007ffe9df00000 - 0x00007ffe9df18000 	C:\Program Files\Eclipse Adoptium\jdk-17.0.3.7-hotspot\bin\jli.dll
0x00007ffe9a110000 - 0x00007ffe9a129000 	C:\Program Files\Eclipse Adoptium\jdk-17.0.3.7-hotspot\bin\VCRUNTIME140.dll
0x00007ffea3a30000 - 0x00007ffea3bdd000 	C:\WINDOWS\System32\USER32.dll
0x00007ffe87bc0000 - 0x00007ffe87e65000 	C:\WINDOWS\WinSxS\amd64_microsoft.windows.common-controls_6595b64144ccf1df_6.0.22000.120_none_9d947278b86cc467\COMCTL32.dll
0x00007ffea2230000 - 0x00007ffea2256000 	C:\WINDOWS\System32\win32u.dll
0x00007ffea3ca0000 - 0x00007ffea3d43000 	C:\WINDOWS\System32\msvcrt.dll
0x00007ffea4850000 - 0x00007ffea4879000 	C:\WINDOWS\System32\GDI32.dll
0x00007ffea2110000 - 0x00007ffea2228000 	C:\WINDOWS\System32\gdi32full.dll
0x00007ffea26a0000 - 0x00007ffea273d000 	C:\WINDOWS\System32\msvcp_win.dll
0x00007ffea4450000 - 0x00007ffea4482000 	C:\WINDOWS\System32\IMM32.DLL
0x00007ffe9d1e0000 - 0x00007ffe9d1ec000 	C:\Program Files\Eclipse Adoptium\jdk-17.0.3.7-hotspot\bin\vcruntime140_1.dll
0x00007ffe73880000 - 0x00007ffe73911000 	C:\Program Files\Eclipse Adoptium\jdk-17.0.3.7-hotspot\bin\msvcp140.dll
0x00007ffe23130000 - 0x00007ffe23d78000 	C:\Program Files\Eclipse Adoptium\jdk-17.0.3.7-hotspot\bin\server\jvm.dll
0x00007ffea4190000 - 0x00007ffea423e000 	C:\WINDOWS\System32\ADVAPI32.dll
0x00007ffea3160000 - 0x00007ffea31fe000 	C:\WINDOWS\System32\sechost.dll
0x00007ffea4250000 - 0x00007ffea4370000 	C:\WINDOWS\System32\RPCRT4.dll
0x00007ffea4180000 - 0x00007ffea4188000 	C:\WINDOWS\System32\PSAPI.DLL
0x00007ffe7d000000 - 0x00007ffe7d009000 	C:\WINDOWS\SYSTEM32\WSOCK32.dll
0x00007ffe9b7f0000 - 0x00007ffe9b823000 	C:\WINDOWS\SYSTEM32\WINMM.dll
0x00007ffe9b100000 - 0x00007ffe9b10a000 	C:\WINDOWS\SYSTEM32\VERSION.dll
0x00007ffea28e0000 - 0x00007ffea294f000 	C:\WINDOWS\System32\WS2_32.dll
0x00007ffea0dd0000 - 0x00007ffea0de8000 	C:\WINDOWS\SYSTEM32\kernel.appcore.dll
0x00007ffe9c920000 - 0x00007ffe9c92a000 	C:\Program Files\Eclipse Adoptium\jdk-17.0.3.7-hotspot\bin\jimage.dll
0x00007ffe9f850000 - 0x00007ffe9fa71000 	C:\WINDOWS\SYSTEM32\DBGHELP.DLL
0x00007ffe80eb0000 - 0x00007ffe80ee1000 	C:\WINDOWS\SYSTEM32\dbgcore.DLL
0x00007ffea24b0000 - 0x00007ffea252f000 	C:\WINDOWS\System32\bcryptPrimitives.dll
0x00007ffe9a0e0000 - 0x00007ffe9a105000 	C:\Program Files\Eclipse Adoptium\jdk-17.0.3.7-hotspot\bin\java.dll
0x00007ffe6ffb0000 - 0x00007ffe70086000 	C:\Program Files\Eclipse Adoptium\jdk-17.0.3.7-hotspot\bin\jsvml.dll
0x00007ffea3270000 - 0x00007ffea3a28000 	C:\WINDOWS\System32\SHELL32.dll
0x00007ffe9fe40000 - 0x00007ffea06a5000 	C:\WINDOWS\SYSTEM32\windows.storage.dll
0x00007ffea2950000 - 0x00007ffea2cc8000 	C:\WINDOWS\System32\combase.dll
0x00007ffe9fcd0000 - 0x00007ffe9fe36000 	C:\WINDOWS\SYSTEM32\wintypes.dll
0x00007ffea3d50000 - 0x00007ffea3e3a000 	C:\WINDOWS\System32\SHCORE.dll
0x00007ffea3e40000 - 0x00007ffea3e9d000 	C:\WINDOWS\System32\shlwapi.dll
0x00007ffea1cc0000 - 0x00007ffea1ce1000 	C:\WINDOWS\SYSTEM32\profapi.dll
0x00007ffe9a0c0000 - 0x00007ffe9a0d9000 	C:\Program Files\Eclipse Adoptium\jdk-17.0.3.7-hotspot\bin\net.dll
0x00007ffe9b470000 - 0x00007ffe9b584000 	C:\WINDOWS\SYSTEM32\WINHTTP.dll
0x00007ffea1260000 - 0x00007ffea12c7000 	C:\WINDOWS\system32\mswsock.dll
0x00007ffe8e7e0000 - 0x00007ffe8e7f5000 	C:\Program Files\Eclipse Adoptium\jdk-17.0.3.7-hotspot\bin\nio.dll
0x00007ffe8cd10000 - 0x00007ffe8cd28000 	C:\Program Files\Eclipse Adoptium\jdk-17.0.3.7-hotspot\bin\zip.dll
0x00007ffe9a0b0000 - 0x00007ffe9a0c0000 	C:\Program Files\Eclipse Adoptium\jdk-17.0.3.7-hotspot\bin\verify.dll
0x00007ffe9d1f0000 - 0x00007ffe9d217000 	C:\Users\Hp\.gradle\native\e1d6ef7f7dcc3fd88c89a11ec53ec762bb8ba0a96d01ffa2cd45eb1d1d8dd5c5\windows-amd64\native-platform.dll
0x00007ffe6e810000 - 0x00007ffe6e954000 	C:\Users\Hp\.gradle\native\0d407fdbe67a94daf76414ababcb853783967236a71b16ec16e742cd7a986fd3\windows-amd64\native-platform-file-events.dll
0x00007ffe99eb0000 - 0x00007ffe99eb9000 	C:\Program Files\Eclipse Adoptium\jdk-17.0.3.7-hotspot\bin\management.dll
0x00007ffe839f0000 - 0x00007ffe839fb000 	C:\Program Files\Eclipse Adoptium\jdk-17.0.3.7-hotspot\bin\management_ext.dll
0x00007ffea1540000 - 0x00007ffea1558000 	C:\WINDOWS\SYSTEM32\CRYPTSP.dll
0x00007ffea0d30000 - 0x00007ffea0d65000 	C:\WINDOWS\system32\rsaenh.dll
0x00007ffea1300000 - 0x00007ffea1329000 	C:\WINDOWS\SYSTEM32\USERENV.dll
0x00007ffea16f0000 - 0x00007ffea1717000 	C:\WINDOWS\SYSTEM32\bcrypt.dll
0x00007ffea1450000 - 0x00007ffea145c000 	C:\WINDOWS\SYSTEM32\CRYPTBASE.dll
0x00007ffea0900000 - 0x00007ffea092d000 	C:\WINDOWS\SYSTEM32\IPHLPAPI.DLL
0x00007ffea4240000 - 0x00007ffea4249000 	C:\WINDOWS\System32\NSI.dll
0x00007ffe9b030000 - 0x00007ffe9b049000 	C:\WINDOWS\SYSTEM32\dhcpcsvc6.DLL
0x00007ffe9bbe0000 - 0x00007ffe9bbfe000 	C:\WINDOWS\SYSTEM32\dhcpcsvc.DLL
0x00007ffea0970000 - 0x00007ffea0a58000 	C:\WINDOWS\SYSTEM32\DNSAPI.dll
0x00007ffe839e0000 - 0x00007ffe839ee000 	C:\Program Files\Eclipse Adoptium\jdk-17.0.3.7-hotspot\bin\sunmscapi.dll
0x00007ffea2530000 - 0x00007ffea2692000 	C:\WINDOWS\System32\CRYPT32.dll
0x00007ffea16c0000 - 0x00007ffea16e8000 	C:\WINDOWS\SYSTEM32\ncrypt.dll
0x00007ffea1680000 - 0x00007ffea16b7000 	C:\WINDOWS\SYSTEM32\NTASN1.dll
0x00007ffe839d0000 - 0x00007ffe839d8000 	C:\WINDOWS\system32\wshunix.dll
0x00007ffea0df0000 - 0x00007ffea0e24000 	C:\WINDOWS\SYSTEM32\ntmarta.dll
0x00007ffe9ecf0000 - 0x00007ffe9ed82000 	C:\WINDOWS\system32\apphelp.dll

dbghelp: loaded successfully - version: 4.0.5 - missing functions: none
symbol engine: initialized successfully - sym options: 0x614 - pdb path: .;C:\Program Files\Eclipse Adoptium\jdk-17.0.3.7-hotspot\bin;C:\WINDOWS\SYSTEM32;C:\WINDOWS\WinSxS\amd64_microsoft.windows.common-controls_6595b64144ccf1df_6.0.22000.120_none_9d947278b86cc467;C:\Program Files\Eclipse Adoptium\jdk-17.0.3.7-hotspot\bin\server;C:\Users\Hp\.gradle\native\e1d6ef7f7dcc3fd88c89a11ec53ec762bb8ba0a96d01ffa2cd45eb1d1d8dd5c5\windows-amd64;C:\Users\Hp\.gradle\native\0d407fdbe67a94daf76414ababcb853783967236a71b16ec16e742cd7a986fd3\windows-amd64

VM Arguments:
jvm_args: --add-opens=java.base/java.util=ALL-UNNAMED --add-opens=java.base/java.lang=ALL-UNNAMED --add-opens=java.base/java.lang.invoke=ALL-UNNAMED --add-opens=java.base/java.util=ALL-UNNAMED --add-opens=java.prefs/java.util.prefs=ALL-UNNAMED --add-opens=java.prefs/java.util.prefs=ALL-UNNAMED --add-opens=java.base/java.nio.charset=ALL-UNNAMED --add-opens=java.base/java.net=ALL-UNNAMED --add-opens=java.base/java.util.concurrent.atomic=ALL-UNNAMED -Xmx2048m -Dfile.encoding=UTF-8 -Duser.country=US -Duser.language=en -Duser.variant 
java_command: org.gradle.launcher.daemon.bootstrap.GradleDaemon 7.4
java_class_path (initial): C:\Users\Hp\.gradle\wrapper\dists\gradle-7.4-bin\c0gwcg53nkjbqw7r0h0umtfvt\gradle-7.4\lib\gradle-launcher-7.4.jar
Launcher Type: SUN_STANDARD

[Global flags]
     intx CICompilerCount                          = 4                                         {product} {ergonomic}
     uint ConcGCThreads                            = 2                                         {product} {ergonomic}
     uint G1ConcRefinementThreads                  = 8                                         {product} {ergonomic}
   size_t G1HeapRegionSize                         = 1048576                                   {product} {ergonomic}
    uintx GCDrainStackTargetSize                   = 64                                        {product} {ergonomic}
   size_t InitialHeapSize                          = 266338304                                 {product} {ergonomic}
   size_t MarkStackSize                            = 4194304                                   {product} {ergonomic}
   size_t MaxHeapSize                              = 2147483648                                {product} {command line}
   size_t MaxNewSize                               = 1287651328                                {product} {ergonomic}
   size_t MinHeapDeltaBytes                        = 1048576                                   {product} {ergonomic}
   size_t MinHeapSize                              = 8388608                                   {product} {ergonomic}
    uintx NonNMethodCodeHeapSize                   = 5839372                                {pd product} {ergonomic}
    uintx NonProfiledCodeHeapSize                  = 122909434                              {pd product} {ergonomic}
    uintx ProfiledCodeHeapSize                     = 122909434                              {pd product} {ergonomic}
    uintx ReservedCodeCacheSize                    = 251658240                              {pd product} {ergonomic}
     bool SegmentedCodeCache                       = true                                      {product} {ergonomic}
   size_t SoftMaxHeapSize                          = 2147483648                             {manageable} {ergonomic}
     bool UseCompressedClassPointers               = true                           {product lp64_product} {ergonomic}
     bool UseCompressedOops                        = true                           {product lp64_product} {ergonomic}
     bool UseG1GC                                  = true                                      {product} {ergonomic}
     bool UseLargePagesIndividualAllocation        = false                                  {pd product} {ergonomic}

Logging:
Log output configuration:
 #0: stdout all=warning uptime,level,tags
 #1: stderr all=off uptime,level,tags

Environment Variables:
JAVA_HOME=C:\Program Files\Eclipse Adoptium\jdk-17.0.3.7-hotspot\
PATH=C:\Program Files (x86)\NVIDIA Corporation\PhysX\Common;C:\Program Files (x86)\VMware\VMware Workstation\bin\;C:\Program Files\Eclipse Adoptium\jdk-17.0.3.7-hotspot\bin;C:\Program Files\Common Files\Oracle\Java\javapath;C:\WINDOWS\system32;C:\WINDOWS;C:\WINDOWS\System32\Wbem;C:\WINDOWS\System32\WindowsPowerShell\v1.0\;C:\WINDOWS\System32\OpenSSH\;C:\Program Files\nodejs\;C:\ProgramData\chocolatey\bin;C:\Program Files\Git\cmd;C:\Program Files\Docker\Docker\resources\bin;C:\ProgramData\DockerDesktop\version-bin;C:\Program Files (x86)\BaseX\bin;C:\Users\Hp\AppData\Local\Programs\Python\Python310\Scripts\;C:\Users\Hp\AppData\Local\Programs\Python\Python310\;C:\Users\Hp\AppData\Local\Microsoft\WindowsApps;C:\Users\Hp\AppData\Roaming\npm;C:\Users\Hp\AppData\Local\Programs\Microsoft VS Code\bin;;C:\Program Files\JetBrains\CLion 2022.1.3\bin;;C:\Program Files\JetBrains\PyCharm Community Edition 2022.1.3\bin;;C:\Program Files\JetBrains\IntelliJ IDEA Community Edition 2022.2.2\bin;
USERNAME=Hp
OS=Windows_NT
PROCESSOR_IDENTIFIER=Intel64 Family 6 Model 142 Stepping 12, GenuineIntel



---------------  S Y S T E M  ---------------

OS:
 Windows 11 , 64 bit Build 22000 (10.0.22000.1219)
OS uptime: 0 days 4:07 hours
Hyper-V role detected

CPU: total 8 (initial active 8) (4 cores per cpu, 2 threads per core) family 6 model 142 stepping 12 microcode 0xf0, cx8, cmov, fxsr, ht, mmx, 3dnowpref, sse, sse2, sse3, ssse3, sse4.1, sse4.2, popcnt, lzcnt, tsc, tscinvbit, avx, avx2, aes, erms, clmul, bmi1, bmi2, adx, fma, vzeroupper, clflush, clflushopt, hv

Memory: 4k page, system-wide physical 16221M (1808M free)
TotalPageFile size 16221M (AvailPageFile size 39M)
current process WorkingSet (physical memory assigned to process): 463M, peak: 479M
current process commit charge ("private bytes"): 504M, peak: 564M

vm_info: OpenJDK 64-Bit Server VM (17.0.3+7) for windows-amd64 JRE (17.0.3+7), built on Apr 19 2022 16:55:35 by "" with MS VC++ 16.7 (VS2019)

END.
