#
# There is insufficient memory for the Java Runtime Environment to continue.
# Native memory allocation (malloc) failed to allocate 32744 bytes for ChunkPool::allocate
# Possible reasons:
#   The system is out of physical RAM or swap space
#   The process is running with CompressedOops enabled, and the Java Heap may be blocking the growth of the native heap
# Possible solutions:
#   Reduce memory load on the system
#   Increase physical memory or swap space
#   Check if swap backing store is full
#   Decrease Java heap size (-Xmx/-Xms)
#   Decrease number of Java threads
#   Decrease Java thread stack sizes (-Xss)
#   Set larger code cache with -XX:ReservedCodeCacheSize=
#   JVM is running with Unscaled Compressed Oops mode in which the Java heap is
#     placed in the first 4GB address space. The Java Heap base address is the
#     maximum limit for the native heap growth. Please use -XX:HeapBaseMinAddress
#     to set the Java Heap base and to place the Java Heap above 4GB virtual address.
# This output file may be truncated or incomplete.
#
#  Out of Memory Error (arena.cpp:78), pid=13552, tid=11556
#
# JRE version: OpenJDK Runtime Environment Temurin-17.0.3+7 (17.0.3+7) (build 17.0.3+7)
# Java VM: OpenJDK 64-Bit Server VM Temurin-17.0.3+7 (17.0.3+7, mixed mode, sharing, tiered, compressed oops, compressed class ptrs, g1 gc, windows-amd64)
# No core dump will be written. Minidumps are not enabled by default on client versions of Windows
#

---------------  S U M M A R Y ------------

Command Line: --add-opens=java.base/java.util=ALL-UNNAMED --add-opens=java.base/java.lang=ALL-UNNAMED --add-opens=java.base/java.lang.invoke=ALL-UNNAMED --add-opens=java.base/java.util=ALL-UNNAMED --add-opens=java.prefs/java.util.prefs=ALL-UNNAMED --add-opens=java.prefs/java.util.prefs=ALL-UNNAMED --add-opens=java.base/java.nio.charset=ALL-UNNAMED --add-opens=java.base/java.net=ALL-UNNAMED --add-opens=java.base/java.util.concurrent.atomic=ALL-UNNAMED -Xmx2048m -Dfile.encoding=UTF-8 -Duser.country=US -Duser.language=en -Duser.variant org.gradle.launcher.daemon.bootstrap.GradleDaemon 7.4

Host: Intel(R) Core(TM) i7-10510U CPU @ 1.80GHz, 8 cores, 15G,  Windows 11 , 64 bit Build 22000 (10.0.22000.1219)
Time: Mon Nov 28 21:34:00 2022 South Africa Standard Time elapsed time: 10.932156 seconds (0d 0h 0m 10s)

---------------  T H R E A D  ---------------

Current thread (0x000002321f809000):  JavaThread "C1 CompilerThread0" daemon [_thread_in_native, id=11556, stack(0x00000077bb800000,0x00000077bb900000)]


Current CompileTask:
C1:  10932 10715       3       org.gradle.internal.execution.steps.ValidateStep$$Lambda$955/0x0000000801663560::<init> (20 bytes)

Stack: [0x00000077bb800000,0x00000077bb900000]
Native frames: (J=compiled Java code, j=interpreted, Vv=VM code, C=native code)
V  [jvm.dll+0x675efa]
V  [jvm.dll+0x830a24]
V  [jvm.dll+0x8321ce]
V  [jvm.dll+0x832833]
V  [jvm.dll+0x2454b5]
V  [jvm.dll+0xabfc0]
V  [jvm.dll+0xac30c]
V  [jvm.dll+0xb79dd]
V  [jvm.dll+0x15f44f]
V  [jvm.dll+0x15d72e]
V  [jvm.dll+0x14ba30]
V  [jvm.dll+0x1346b7]
V  [jvm.dll+0x13403f]
V  [jvm.dll+0x134276]
V  [jvm.dll+0x13370a]
V  [jvm.dll+0x1353d1]
V  [jvm.dll+0x227178]
V  [jvm.dll+0x2252bc]
V  [jvm.dll+0x7e673b]
V  [jvm.dll+0x7e0cfa]
V  [jvm.dll+0x674d85]
C  [ucrtbase.dll+0x26c0c]
C  [KERNEL32.DLL+0x15550]
C  [ntdll.dll+0x485b]


---------------  P R O C E S S  ---------------

Threads class SMR info:
_java_thread_list=0x0000023226aa66b0, length=135, elements={
0x000002327f5d37b0, 0x000002321ee654c0, 0x000002321ee66810, 0x000002321f804090,
0x000002321f804950, 0x000002321ee7e110, 0x000002321ee7eac0, 0x000002321f8072c0,
0x000002321f809000, 0x000002321f813750, 0x000002321f954dc0, 0x000002321f95b4e0,
0x000002321f99d740, 0x0000023221939cc0, 0x000002321fbfea60, 0x0000023220becf70,
0x00000232219566f0, 0x0000023221f0be00, 0x0000023221d00f80, 0x0000023220613aa0,
0x000002322060e470, 0x000002322060ee10, 0x0000023220610150, 0x0000023220610fc0,
0x0000023220610620, 0x000002322060e940, 0x00000232237998b0, 0x0000023220610af0,
0x000002322060f7b0, 0x000002322060dad0, 0x0000023224f55420, 0x0000023224f52400,
0x0000023224f52da0, 0x0000023224f57f70, 0x0000023224f575d0, 0x0000023224f58910,
0x0000023224f51a60, 0x0000023224f592b0, 0x0000023224f55dc0, 0x0000023224f58de0,
0x0000023224f51f30, 0x0000023224f53270, 0x0000023224f56290, 0x0000023224f53740,
0x0000023224f540e0, 0x0000023224f545b0, 0x0000023224f54a80, 0x0000023224f54f50,
0x0000023224f57100, 0x00000232259af3b0, 0x00000232259ae070, 0x00000232259b0220,
0x00000232259af880, 0x00000232259b23d0, 0x00000232259aeee0, 0x00000232259b58c0,
0x00000232259b1f00, 0x00000232259b2d70, 0x00000232259b1090, 0x00000232259b3be0,
0x00000232259b40b0, 0x00000232259b06f0, 0x00000232259b4f20, 0x00000232259afd50,
0x00000232259b0bc0, 0x00000232259b1560, 0x00000232259b1a30, 0x00000232259ae540,
0x00000232259b28a0, 0x00000232259b3240, 0x00000232259b3710, 0x00000232259b4580,
0x00000232259b4a50, 0x00000232259b53f0, 0x00000232259aea10, 0x0000023222200f00,
0x0000023222206a70, 0x0000023222206f40, 0x0000023222200090, 0x0000023222200560,
0x0000023222202710, 0x00000232222013d0, 0x00000232222018a0, 0x0000023222202be0,
0x00000232222030b0, 0x0000023222205c00, 0x0000023222201d70, 0x0000023222200a30,
0x0000023222202240, 0x00000232222043f0, 0x0000023222203580, 0x0000023222207410,
0x0000023222203a50, 0x0000023222205260, 0x0000023222203f20, 0x00000232222048c0,
0x0000023222204d90, 0x00000232222060d0, 0x00000232221ffbc0, 0x0000023222205730,
0x00000232222065a0, 0x0000023224f11c30, 0x0000023224f15ac0, 0x0000023224f12100,
0x0000023224f11760, 0x0000023224f13910, 0x0000023224f13de0, 0x0000023224f12f70,
0x0000023224f13440, 0x0000023224f142b0, 0x0000023224f14780, 0x0000023224f14c50,
0x0000023224f18ae0, 0x0000023224f15120, 0x0000023224f155f0, 0x0000023224f177a0,
0x0000023224f125d0, 0x0000023224f17c70, 0x0000023224f12aa0, 0x0000023224f15f90,
0x0000023224f16e00, 0x0000023224f16460, 0x0000023224f16930, 0x0000023224f18610,
0x0000023223e3fd80, 0x0000023223e43270, 0x0000023223e410c0, 0x0000023223e41a60,
0x0000023223e41f30, 0x0000023223e42400, 0x00000232265e1910, 0x00000232265e3120,
0x00000232265e05d0, 0x00000232265e0aa0, 0x00000232265e35f0
}

Java Threads: ( => current thread )
  0x000002327f5d37b0 JavaThread "main" [_thread_blocked, id=16372, stack(0x00000077baa00000,0x00000077bab00000)]
  0x000002321ee654c0 JavaThread "Reference Handler" daemon [_thread_blocked, id=9876, stack(0x00000077bb100000,0x00000077bb200000)]
  0x000002321ee66810 JavaThread "Finalizer" daemon [_thread_blocked, id=19092, stack(0x00000077bb200000,0x00000077bb300000)]
  0x000002321f804090 JavaThread "Signal Dispatcher" daemon [_thread_blocked, id=2328, stack(0x00000077bb300000,0x00000077bb400000)]
  0x000002321f804950 JavaThread "Attach Listener" daemon [_thread_blocked, id=7700, stack(0x00000077bb400000,0x00000077bb500000)]
  0x000002321ee7e110 JavaThread "Service Thread" daemon [_thread_blocked, id=15844, stack(0x00000077bb500000,0x00000077bb600000)]
  0x000002321ee7eac0 JavaThread "Monitor Deflation Thread" daemon [_thread_blocked, id=6204, stack(0x00000077bb600000,0x00000077bb700000)]
  0x000002321f8072c0 JavaThread "C2 CompilerThread0" daemon [_thread_in_native, id=19660, stack(0x00000077bb700000,0x00000077bb800000)]
=>0x000002321f809000 JavaThread "C1 CompilerThread0" daemon [_thread_in_native, id=11556, stack(0x00000077bb800000,0x00000077bb900000)]
  0x000002321f813750 JavaThread "Sweeper thread" daemon [_thread_blocked, id=15900, stack(0x00000077bb900000,0x00000077bba00000)]
  0x000002321f954dc0 JavaThread "Common-Cleaner" daemon [_thread_blocked, id=16432, stack(0x00000077bba00000,0x00000077bbb00000)]
  0x000002321f95b4e0 JavaThread "Notification Thread" daemon [_thread_blocked, id=15848, stack(0x00000077bbb00000,0x00000077bbc00000)]
  0x000002321f99d740 JavaThread "C2 CompilerThread1" daemon [_thread_in_native, id=13228, stack(0x00000077bbd00000,0x00000077bbe00000)]
  0x0000023221939cc0 JavaThread "Daemon health stats" [_thread_blocked, id=19788, stack(0x00000077bc400000,0x00000077bc500000)]
  0x000002321fbfea60 JavaThread "Incoming local TCP Connector on port 53127" [_thread_in_native, id=18484, stack(0x00000077bbe00000,0x00000077bbf00000)]
  0x0000023220becf70 JavaThread "Daemon periodic checks" [_thread_blocked, id=8404, stack(0x00000077bc500000,0x00000077bc600000)]
  0x00000232219566f0 JavaThread "Daemon" [_thread_blocked, id=19680, stack(0x00000077bc600000,0x00000077bc700000)]
  0x0000023221f0be00 JavaThread "Handler for socket connection from /127.0.0.1:53127 to /127.0.0.1:53128" [_thread_in_native, id=6264, stack(0x00000077bc700000,0x00000077bc800000)]
  0x0000023221d00f80 JavaThread "Cancel handler" [_thread_blocked, id=8484, stack(0x00000077bc800000,0x00000077bc900000)]
  0x0000023220613aa0 JavaThread "Daemon worker" [_thread_blocked, id=11232, stack(0x00000077bc900000,0x00000077bca00000)]
  0x000002322060e470 JavaThread "Asynchronous log dispatcher for DefaultDaemonConnection: socket connection from /127.0.0.1:53127 to /127.0.0.1:53128" [_thread_in_native, id=16216, stack(0x00000077bca00000,0x00000077bcb00000)]
  0x000002322060ee10 JavaThread "Stdin handler" [_thread_blocked, id=10584, stack(0x00000077bcb00000,0x00000077bcc00000)]
  0x0000023220610150 JavaThread "Daemon client event forwarder" [_thread_blocked, id=15372, stack(0x00000077bcc00000,0x00000077bcd00000)]
  0x0000023220610fc0 JavaThread "Cache worker for journal cache (C:\Users\Hp\.gradle\caches\journal-1)" [_thread_in_native, id=13400, stack(0x00000077bcd00000,0x00000077bce00000)]
  0x0000023220610620 JavaThread "File lock request listener" [_thread_in_native, id=16464, stack(0x00000077bce00000,0x00000077bcf00000)]
  0x000002322060e940 JavaThread "Cache worker for file hash cache (C:\Users\Hp\.gradle\caches\7.4\fileHashes)" [_thread_blocked, id=15096, stack(0x00000077bcf00000,0x00000077bd000000)]
  0x00000232237998b0 JavaThread "C2 CompilerThread2" daemon [_thread_in_native, id=12984, stack(0x00000077bd000000,0x00000077bd100000)]
  0x0000023220610af0 JavaThread "Cache worker for checksums cache (C:\Users\Hp\Desktop\Fall_2022\MAD\Coding\Project\.gradle\7.4\checksums)" [_thread_blocked, id=14176, stack(0x00000077bd300000,0x00000077bd400000)]
  0x000002322060f7b0 JavaThread "Cache worker for cache directory md-rule (C:\Users\Hp\.gradle\caches\7.4\md-rule)" [_thread_blocked, id=15120, stack(0x00000077bd400000,0x00000077bd500000)]
  0x000002322060dad0 JavaThread "Cache worker for file hash cache (C:\Users\Hp\Desktop\Fall_2022\MAD\Coding\Project\.gradle\7.4\fileHashes)" [_thread_blocked, id=4488, stack(0x00000077bd500000,0x00000077bd600000)]
  0x0000023224f55420 JavaThread "Cache worker for cache directory md-supplier (C:\Users\Hp\.gradle\caches\7.4\md-supplier)" [_thread_blocked, id=9624, stack(0x00000077bd600000,0x00000077bd700000)]
  0x0000023224f52400 JavaThread "Cache worker for execution history cache (C:\Users\Hp\.gradle\caches\7.4\executionHistory)" [_thread_blocked, id=5988, stack(0x00000077bda00000,0x00000077bdb00000)]
  0x0000023224f52da0 JavaThread "jar transforms" [_thread_blocked, id=9780, stack(0x00000077bdb00000,0x00000077bdc00000)]
  0x0000023224f57f70 JavaThread "Cache worker for file content cache (C:\Users\Hp\.gradle\caches\7.4\fileContent)" [_thread_blocked, id=5760, stack(0x00000077bdc00000,0x00000077bdd00000)]
  0x0000023224f575d0 JavaThread "jar transforms Thread 2" [_thread_blocked, id=6452, stack(0x00000077bdd00000,0x00000077bde00000)]
  0x0000023224f58910 JavaThread "Cache worker for dependencies-accessors (C:\Users\Hp\Desktop\Fall_2022\MAD\Coding\Project\.gradle\7.4\dependencies-accessors)" [_thread_blocked, id=15788, stack(0x00000077bde00000,0x00000077bdf00000)]
  0x0000023224f51a60 JavaThread "jar transforms Thread 3" [_thread_blocked, id=12316, stack(0x00000077bdf00000,0x00000077be000000)]
  0x0000023224f592b0 JavaThread "Cache worker for Build Output Cleanup Cache (C:\Users\Hp\Desktop\Fall_2022\MAD\Coding\Project\.gradle\buildOutputCleanup)" [_thread_blocked, id=10672, stack(0x00000077be000000,0x00000077be100000)]
  0x0000023224f55dc0 JavaThread "Unconstrained build operations" [_thread_blocked, id=3476, stack(0x00000077be100000,0x00000077be200000)]
  0x0000023224f58de0 JavaThread "Unconstrained build operations Thread 2" [_thread_blocked, id=19372, stack(0x00000077be200000,0x00000077be300000)]
  0x0000023224f51f30 JavaThread "Unconstrained build operations Thread 3" [_thread_blocked, id=16644, stack(0x00000077be300000,0x00000077be400000)]
  0x0000023224f53270 JavaThread "Unconstrained build operations Thread 4" [_thread_in_Java, id=15528, stack(0x00000077be400000,0x00000077be500000)]
  0x0000023224f56290 JavaThread "Unconstrained build operations Thread 5" [_thread_blocked, id=5580, stack(0x00000077be500000,0x00000077be600000)]
  0x0000023224f53740 JavaThread "Unconstrained build operations Thread 6" [_thread_blocked, id=12444, stack(0x00000077be600000,0x00000077be700000)]
  0x0000023224f540e0 JavaThread "Unconstrained build operations Thread 7" [_thread_blocked, id=1376, stack(0x00000077be700000,0x00000077be800000)]
  0x0000023224f545b0 JavaThread "Unconstrained build operations Thread 8" [_thread_blocked, id=6116, stack(0x00000077be800000,0x00000077be900000)]
  0x0000023224f54a80 JavaThread "Unconstrained build operations Thread 9" [_thread_blocked, id=16364, stack(0x00000077be900000,0x00000077bea00000)]
  0x0000023224f54f50 JavaThread "Unconstrained build operations Thread 10" [_thread_blocked, id=19568, stack(0x00000077bea00000,0x00000077beb00000)]
  0x0000023224f57100 JavaThread "Unconstrained build operations Thread 11" [_thread_blocked, id=8092, stack(0x00000077beb00000,0x00000077bec00000)]
  0x00000232259af3b0 JavaThread "Unconstrained build operations Thread 12" [_thread_blocked, id=6400, stack(0x00000077bec00000,0x00000077bed00000)]
  0x00000232259ae070 JavaThread "Unconstrained build operations Thread 13" [_thread_blocked, id=11396, stack(0x00000077bed00000,0x00000077bee00000)]
  0x00000232259b0220 JavaThread "Unconstrained build operations Thread 14" [_thread_blocked, id=10940, stack(0x00000077bee00000,0x00000077bef00000)]
  0x00000232259af880 JavaThread "Unconstrained build operations Thread 15" [_thread_blocked, id=17328, stack(0x00000077bef00000,0x00000077bf000000)]
  0x00000232259b23d0 JavaThread "Unconstrained build operations Thread 16" [_thread_blocked, id=19880, stack(0x00000077bf000000,0x00000077bf100000)]
  0x00000232259aeee0 JavaThread "Unconstrained build operations Thread 17" [_thread_blocked, id=9728, stack(0x00000077bf100000,0x00000077bf200000)]
  0x00000232259b58c0 JavaThread "Unconstrained build operations Thread 18" [_thread_blocked, id=10076, stack(0x00000077bf200000,0x00000077bf300000)]
  0x00000232259b1f00 JavaThread "Unconstrained build operations Thread 19" [_thread_blocked, id=8716, stack(0x00000077bf300000,0x00000077bf400000)]
  0x00000232259b2d70 JavaThread "Unconstrained build operations Thread 20" [_thread_blocked, id=18552, stack(0x00000077bf400000,0x00000077bf500000)]
  0x00000232259b1090 JavaThread "Unconstrained build operations Thread 21" [_thread_blocked, id=19532, stack(0x00000077bf500000,0x00000077bf600000)]
  0x00000232259b3be0 JavaThread "Unconstrained build operations Thread 22" [_thread_blocked, id=5956, stack(0x00000077bf600000,0x00000077bf700000)]
  0x00000232259b40b0 JavaThread "Unconstrained build operations Thread 23" [_thread_blocked, id=11212, stack(0x00000077bf700000,0x00000077bf800000)]
  0x00000232259b06f0 JavaThread "Unconstrained build operations Thread 24" [_thread_blocked, id=13856, stack(0x00000077bf800000,0x00000077bf900000)]
  0x00000232259b4f20 JavaThread "Unconstrained build operations Thread 25" [_thread_blocked, id=6232, stack(0x00000077bf900000,0x00000077bfa00000)]
  0x00000232259afd50 JavaThread "Unconstrained build operations Thread 26" [_thread_blocked, id=17412, stack(0x00000077bfa00000,0x00000077bfb00000)]
  0x00000232259b0bc0 JavaThread "Unconstrained build operations Thread 27" [_thread_blocked, id=2844, stack(0x00000077bfb00000,0x00000077bfc00000)]
  0x00000232259b1560 JavaThread "Unconstrained build operations Thread 28" [_thread_blocked, id=11316, stack(0x00000077bfc00000,0x00000077bfd00000)]
  0x00000232259b1a30 JavaThread "Unconstrained build operations Thread 29" [_thread_blocked, id=8144, stack(0x00000077bfd00000,0x00000077bfe00000)]
  0x00000232259ae540 JavaThread "Unconstrained build operations Thread 30" [_thread_blocked, id=1472, stack(0x00000077bfe00000,0x00000077bff00000)]
  0x00000232259b28a0 JavaThread "Unconstrained build operations Thread 31" [_thread_in_native, id=9276, stack(0x00000077bff00000,0x00000077c0000000)]
  0x00000232259b3240 JavaThread "Unconstrained build operations Thread 32" [_thread_blocked, id=17824, stack(0x00000077c0000000,0x00000077c0100000)]
  0x00000232259b3710 JavaThread "Unconstrained build operations Thread 33" [_thread_blocked, id=3936, stack(0x00000077c0100000,0x00000077c0200000)]
  0x00000232259b4580 JavaThread "Unconstrained build operations Thread 34" [_thread_blocked, id=16288, stack(0x00000077c0200000,0x00000077c0300000)]
  0x00000232259b4a50 JavaThread "Unconstrained build operations Thread 35" [_thread_blocked, id=7800, stack(0x00000077c0300000,0x00000077c0400000)]
  0x00000232259b53f0 JavaThread "Unconstrained build operations Thread 36" [_thread_blocked, id=4084, stack(0x00000077c0400000,0x00000077c0500000)]
  0x00000232259aea10 JavaThread "Unconstrained build operations Thread 37" [_thread_blocked, id=11140, stack(0x00000077c0500000,0x00000077c0600000)]
  0x0000023222200f00 JavaThread "Unconstrained build operations Thread 38" [_thread_blocked, id=3088, stack(0x00000077c0600000,0x00000077c0700000)]
  0x0000023222206a70 JavaThread "Unconstrained build operations Thread 39" [_thread_blocked, id=18448, stack(0x00000077c0700000,0x00000077c0800000)]
  0x0000023222206f40 JavaThread "Unconstrained build operations Thread 40" [_thread_blocked, id=3244, stack(0x00000077c0800000,0x00000077c0900000)]
  0x0000023222200090 JavaThread "Unconstrained build operations Thread 41" [_thread_blocked, id=10780, stack(0x00000077c0900000,0x00000077c0a00000)]
  0x0000023222200560 JavaThread "Unconstrained build operations Thread 42" [_thread_blocked, id=3412, stack(0x00000077c0a00000,0x00000077c0b00000)]
  0x0000023222202710 JavaThread "Unconstrained build operations Thread 43" [_thread_blocked, id=3168, stack(0x00000077c0b00000,0x00000077c0c00000)]
  0x00000232222013d0 JavaThread "Unconstrained build operations Thread 44" [_thread_blocked, id=2712, stack(0x00000077c0c00000,0x00000077c0d00000)]
  0x00000232222018a0 JavaThread "Unconstrained build operations Thread 45" [_thread_blocked, id=8312, stack(0x00000077c0d00000,0x00000077c0e00000)]
  0x0000023222202be0 JavaThread "Unconstrained build operations Thread 46" [_thread_blocked, id=11432, stack(0x00000077c0e00000,0x00000077c0f00000)]
  0x00000232222030b0 JavaThread "Unconstrained build operations Thread 47" [_thread_blocked, id=1484, stack(0x00000077c0f00000,0x00000077c1000000)]
  0x0000023222205c00 JavaThread "Unconstrained build operations Thread 48" [_thread_blocked, id=6544, stack(0x00000077c1000000,0x00000077c1100000)]
  0x0000023222201d70 JavaThread "Unconstrained build operations Thread 49" [_thread_blocked, id=19176, stack(0x00000077c1100000,0x00000077c1200000)]
  0x0000023222200a30 JavaThread "Unconstrained build operations Thread 50" [_thread_blocked, id=10652, stack(0x00000077c1200000,0x00000077c1300000)]
  0x0000023222202240 JavaThread "Unconstrained build operations Thread 51" [_thread_blocked, id=20452, stack(0x00000077c1300000,0x00000077c1400000)]
  0x00000232222043f0 JavaThread "Unconstrained build operations Thread 52" [_thread_blocked, id=4316, stack(0x00000077c1400000,0x00000077c1500000)]
  0x0000023222203580 JavaThread "Unconstrained build operations Thread 53" [_thread_blocked, id=15892, stack(0x00000077c1500000,0x00000077c1600000)]
  0x0000023222207410 JavaThread "Unconstrained build operations Thread 54" [_thread_blocked, id=7408, stack(0x00000077c1600000,0x00000077c1700000)]
  0x0000023222203a50 JavaThread "Unconstrained build operations Thread 55" [_thread_blocked, id=11904, stack(0x00000077c1700000,0x00000077c1800000)]
  0x0000023222205260 JavaThread "Unconstrained build operations Thread 56" [_thread_blocked, id=18988, stack(0x00000077c1800000,0x00000077c1900000)]
  0x0000023222203f20 JavaThread "Unconstrained build operations Thread 57" [_thread_blocked, id=4328, stack(0x00000077c1900000,0x00000077c1a00000)]
  0x00000232222048c0 JavaThread "Unconstrained build operations Thread 58" [_thread_blocked, id=14940, stack(0x00000077c1a00000,0x00000077c1b00000)]
  0x0000023222204d90 JavaThread "Unconstrained build operations Thread 59" [_thread_blocked, id=8996, stack(0x00000077c1b00000,0x00000077c1c00000)]
  0x00000232222060d0 JavaThread "Unconstrained build operations Thread 60" [_thread_blocked, id=8748, stack(0x00000077c1c00000,0x00000077c1d00000)]
  0x00000232221ffbc0 JavaThread "Unconstrained build operations Thread 61" [_thread_blocked, id=12432, stack(0x00000077c1d00000,0x00000077c1e00000)]
  0x0000023222205730 JavaThread "Unconstrained build operations Thread 62" [_thread_blocked, id=2064, stack(0x00000077c1e00000,0x00000077c1f00000)]
  0x00000232222065a0 JavaThread "Unconstrained build operations Thread 63" [_thread_blocked, id=20476, stack(0x00000077c1f00000,0x00000077c2000000)]
  0x0000023224f11c30 JavaThread "Unconstrained build operations Thread 64" [_thread_blocked, id=9580, stack(0x00000077c2000000,0x00000077c2100000)]
  0x0000023224f15ac0 JavaThread "Unconstrained build operations Thread 65" [_thread_blocked, id=18844, stack(0x00000077c2100000,0x00000077c2200000)]
  0x0000023224f12100 JavaThread "Unconstrained build operations Thread 66" [_thread_blocked, id=12868, stack(0x00000077c2200000,0x00000077c2300000)]
  0x0000023224f11760 JavaThread "Unconstrained build operations Thread 67" [_thread_blocked, id=4572, stack(0x00000077c2300000,0x00000077c2400000)]
  0x0000023224f13910 JavaThread "Unconstrained build operations Thread 68" [_thread_blocked, id=19732, stack(0x00000077c2400000,0x00000077c2500000)]
  0x0000023224f13de0 JavaThread "Unconstrained build operations Thread 69" [_thread_blocked, id=16072, stack(0x00000077c2500000,0x00000077c2600000)]
  0x0000023224f12f70 JavaThread "Unconstrained build operations Thread 70" [_thread_blocked, id=6844, stack(0x00000077c2600000,0x00000077c2700000)]
  0x0000023224f13440 JavaThread "Unconstrained build operations Thread 71" [_thread_blocked, id=11152, stack(0x00000077c2700000,0x00000077c2800000)]
  0x0000023224f142b0 JavaThread "Unconstrained build operations Thread 72" [_thread_blocked, id=20376, stack(0x00000077c2800000,0x00000077c2900000)]
  0x0000023224f14780 JavaThread "Unconstrained build operations Thread 73" [_thread_blocked, id=17960, stack(0x00000077c2900000,0x00000077c2a00000)]
  0x0000023224f14c50 JavaThread "Unconstrained build operations Thread 74" [_thread_blocked, id=8556, stack(0x00000077c2a00000,0x00000077c2b00000)]
  0x0000023224f18ae0 JavaThread "Unconstrained build operations Thread 75" [_thread_blocked, id=13168, stack(0x00000077c2b00000,0x00000077c2c00000)]
  0x0000023224f15120 JavaThread "Unconstrained build operations Thread 76" [_thread_blocked, id=6292, stack(0x00000077c2c00000,0x00000077c2d00000)]
  0x0000023224f155f0 JavaThread "Unconstrained build operations Thread 77" [_thread_blocked, id=2076, stack(0x00000077c2d00000,0x00000077c2e00000)]
  0x0000023224f177a0 JavaThread "Unconstrained build operations Thread 78" [_thread_blocked, id=17548, stack(0x00000077c2e00000,0x00000077c2f00000)]
  0x0000023224f125d0 JavaThread "Unconstrained build operations Thread 79" [_thread_blocked, id=3856, stack(0x00000077c2f00000,0x00000077c3000000)]
  0x0000023224f17c70 JavaThread "Unconstrained build operations Thread 80" [_thread_blocked, id=19148, stack(0x00000077c3000000,0x00000077c3100000)]
  0x0000023224f12aa0 JavaThread "jar transforms Thread 4" [_thread_blocked, id=11476, stack(0x00000077c3100000,0x00000077c3200000)]
  0x0000023224f15f90 JavaThread "jar transforms Thread 5" [_thread_blocked, id=14300, stack(0x00000077c3200000,0x00000077c3300000)]
  0x0000023224f16e00 JavaThread "jar transforms Thread 6" [_thread_blocked, id=20164, stack(0x00000077c3300000,0x00000077c3400000)]
  0x0000023224f16460 JavaThread "jar transforms Thread 7" [_thread_blocked, id=20252, stack(0x00000077c3400000,0x00000077c3500000)]
  0x0000023224f16930 JavaThread "jar transforms Thread 8" [_thread_blocked, id=15468, stack(0x00000077c3500000,0x00000077c3600000)]
  0x0000023224f18610 JavaThread "Memory manager" [_thread_blocked, id=6332, stack(0x00000077c3600000,0x00000077c3700000)]
  0x0000023223e3fd80 JavaThread "build event listener" [_thread_blocked, id=19928, stack(0x00000077c3700000,0x00000077c3800000)]
  0x0000023223e43270 JavaThread "build event listener" [_thread_blocked, id=7928, stack(0x00000077c3800000,0x00000077c3900000)]
  0x0000023223e410c0 JavaThread "included builds" [_thread_blocked, id=11704, stack(0x00000077c3900000,0x00000077c3a00000)]
  0x0000023223e41a60 JavaThread "Execution worker for ':'" [_thread_blocked, id=680, stack(0x00000077c3a00000,0x00000077c3b00000)]
  0x0000023223e41f30 JavaThread "Execution worker for ':' Thread 2" [_thread_blocked, id=9416, stack(0x00000077c3b00000,0x00000077c3c00000)]
  0x0000023223e42400 JavaThread "Execution worker for ':' Thread 3" [_thread_blocked, id=19460, stack(0x00000077c3c00000,0x00000077c3d00000)]
  0x00000232265e1910 JavaThread "Execution worker for ':' Thread 4" [_thread_blocked, id=4048, stack(0x00000077c3d00000,0x00000077c3e00000)]
  0x00000232265e3120 JavaThread "Execution worker for ':' Thread 5" [_thread_in_native, id=19600, stack(0x00000077c3e00000,0x00000077c3f00000)]
  0x00000232265e05d0 JavaThread "Execution worker for ':' Thread 6" [_thread_blocked, id=6456, stack(0x00000077c3f00000,0x00000077c4000000)]
  0x00000232265e0aa0 JavaThread "Execution worker for ':' Thread 7" [_thread_blocked, id=17440, stack(0x00000077c4000000,0x00000077c4100000)]
  0x00000232265e35f0 JavaThread "Cache worker for execution history cache (C:\Users\Hp\Desktop\Fall_2022\MAD\Coding\Project\.gradle\7.4\executionHistory)" [_thread_blocked, id=18848, stack(0x00000077c4100000,0x00000077c4200000)]

Other Threads:
  0x000002321ee5f6d0 VMThread "VM Thread" [stack: 0x00000077bb000000,0x00000077bb100000] [id=19832]
  0x000002321f95d9c0 WatcherThread [stack: 0x00000077bbc00000,0x00000077bbd00000] [id=8252]
  0x000002327f632650 GCTaskThread "GC Thread#0" [stack: 0x00000077bab00000,0x00000077bac00000] [id=19336]
  0x00000232201442d0 GCTaskThread "GC Thread#1" [stack: 0x00000077bbf00000,0x00000077bc000000] [id=11928]
  0x0000023220144580 GCTaskThread "GC Thread#2" [stack: 0x00000077bc000000,0x00000077bc100000] [id=15608]
  0x000002322004b0a0 GCTaskThread "GC Thread#3" [stack: 0x00000077bc100000,0x00000077bc200000] [id=11956]
  0x000002322004b350 GCTaskThread "GC Thread#4" [stack: 0x00000077bc200000,0x00000077bc300000] [id=19916]
  0x000002322004ba10 GCTaskThread "GC Thread#5" [stack: 0x00000077bc300000,0x00000077bc400000] [id=4184]
  0x00000232222d0350 GCTaskThread "GC Thread#6" [stack: 0x00000077bd700000,0x00000077bd800000] [id=2480]
  0x00000232222d1620 GCTaskThread "GC Thread#7" [stack: 0x00000077bd800000,0x00000077bd900000] [id=5808]
  0x000002327f6436f0 ConcurrentGCThread "G1 Main Marker" [stack: 0x00000077bac00000,0x00000077bad00000] [id=932]
  0x000002327f6458b0 ConcurrentGCThread "G1 Conc#0" [stack: 0x00000077bad00000,0x00000077bae00000] [id=17620]
  0x00000232222d10c0 ConcurrentGCThread "G1 Conc#1" [stack: 0x00000077bd900000,0x00000077bda00000] [id=19848]
  0x000002327f6ad4b0 ConcurrentGCThread "G1 Refine#0" [stack: 0x00000077bae00000,0x00000077baf00000] [id=184]
  0x000002321ed1f1f0 ConcurrentGCThread "G1 Service" [stack: 0x00000077baf00000,0x00000077bb000000] [id=17072]

Threads with active compile tasks:
C2 CompilerThread0    10961 10708       4       org.gradle.internal.snapshot.ChildMap$Entry::handleAncestorDescendantOrExactMatch (110 bytes)
C1 CompilerThread0    10962 10715       3       org.gradle.internal.execution.steps.ValidateStep$$Lambda$955/0x0000000801663560::<init> (20 bytes)
C2 CompilerThread1    10962 10642   !   4       java.nio.file.FileTreeWalker::next (144 bytes)
C2 CompilerThread2    10962 10454   !   4       org.gradle.internal.instantiation.generator.DependencyInjectingInstantiator::doCreate (64 bytes)

VM state: not at safepoint (normal execution)

VM Mutex/Monitor currently owned by a thread: None

Heap address: 0x0000000080000000, size: 2048 MB, Compressed Oops mode: 32-bit

CDS archive(s) mapped at: [0x0000000800000000-0x0000000800bc0000-0x0000000800bc0000), size 12320768, SharedBaseAddress: 0x0000000800000000, ArchiveRelocationMode: 0.
Compressed class space mapped at: 0x0000000800c00000-0x0000000840c00000, reserved size: 1073741824
Narrow klass base: 0x0000000800000000, Narrow klass shift: 0, Narrow klass range: 0x100000000

GC Precious Log:
 CPUs: 8 total, 8 available
 Memory: 16221M
 Large Page Support: Disabled
 NUMA Support: Disabled
 Compressed Oops: Enabled (32-bit)
 Heap Region Size: 1M
 Heap Min Capacity: 8M
 Heap Initial Capacity: 254M
 Heap Max Capacity: 2G
 Pre-touch: Disabled
 Parallel Workers: 8
 Concurrent Workers: 2
 Concurrent Refinement Workers: 8
 Periodic GC: Disabled

Heap:
 garbage-first heap   total 163840K, used 101481K [0x0000000080000000, 0x0000000100000000)
  region size 1024K, 17 young (17408K), 1 survivors (1024K)
 Metaspace       used 76731K, committed 77376K, reserved 1122304K
  class space    used 10617K, committed 10944K, reserved 1048576K

Heap Regions: E=young(eden), S=young(survivor), O=old, HS=humongous(starts), HC=humongous(continues), CS=collection set, F=free, OA=open archive, CA=closed archive, TAMS=top-at-mark-start (previous, next)
|   0|0x0000000080000000, 0x0000000080100000, 0x0000000080100000|100%| O|  |TAMS 0x0000000080100000, 0x0000000080000000| Untracked 
|   1|0x0000000080100000, 0x0000000080200000, 0x0000000080200000|100%| O|  |TAMS 0x0000000080200000, 0x0000000080100000| Untracked 
|   2|0x0000000080200000, 0x0000000080300000, 0x0000000080300000|100%| O|  |TAMS 0x0000000080300000, 0x0000000080200000| Untracked 
|   3|0x0000000080300000, 0x0000000080400000, 0x0000000080400000|100%|HS|  |TAMS 0x0000000080400000, 0x0000000080300000| Complete 
|   4|0x0000000080400000, 0x0000000080500000, 0x0000000080500000|100%|HC|  |TAMS 0x0000000080500000, 0x0000000080400000| Complete 
|   5|0x0000000080500000, 0x0000000080600000, 0x0000000080600000|100%|HC|  |TAMS 0x0000000080600000, 0x0000000080500000| Complete 
|   6|0x0000000080600000, 0x0000000080700000, 0x0000000080700000|100%| O|  |TAMS 0x0000000080700000, 0x0000000080600000| Untracked 
|   7|0x0000000080700000, 0x0000000080800000, 0x0000000080800000|100%| O|  |TAMS 0x0000000080800000, 0x0000000080700000| Untracked 
|   8|0x0000000080800000, 0x0000000080900000, 0x0000000080900000|100%| O|  |TAMS 0x0000000080900000, 0x0000000080800000| Untracked 
|   9|0x0000000080900000, 0x0000000080a00000, 0x0000000080a00000|100%| O|  |TAMS 0x0000000080a00000, 0x0000000080900000| Untracked 
|  10|0x0000000080a00000, 0x0000000080b00000, 0x0000000080b00000|100%| O|  |TAMS 0x0000000080b00000, 0x0000000080a00000| Untracked 
|  11|0x0000000080b00000, 0x0000000080c00000, 0x0000000080c00000|100%| O|  |TAMS 0x0000000080c00000, 0x0000000080b00000| Untracked 
|  12|0x0000000080c00000, 0x0000000080d00000, 0x0000000080d00000|100%| O|  |TAMS 0x0000000080d00000, 0x0000000080c00000| Untracked 
|  13|0x0000000080d00000, 0x0000000080e00000, 0x0000000080e00000|100%| O|  |TAMS 0x0000000080e00000, 0x0000000080d00000| Untracked 
|  14|0x0000000080e00000, 0x0000000080f00000, 0x0000000080f00000|100%| O|  |TAMS 0x0000000080f00000, 0x0000000080e00000| Untracked 
|  15|0x0000000080f00000, 0x0000000081000000, 0x0000000081000000|100%| O|  |TAMS 0x0000000081000000, 0x0000000080f00000| Untracked 
|  16|0x0000000081000000, 0x0000000081100000, 0x0000000081100000|100%| O|  |TAMS 0x0000000081100000, 0x0000000081000000| Untracked 
|  17|0x0000000081100000, 0x0000000081200000, 0x0000000081200000|100%| O|  |TAMS 0x0000000081200000, 0x0000000081100000| Untracked 
|  18|0x0000000081200000, 0x0000000081300000, 0x0000000081300000|100%| O|  |TAMS 0x0000000081300000, 0x0000000081200000| Untracked 
|  19|0x0000000081300000, 0x0000000081400000, 0x0000000081400000|100%| O|  |TAMS 0x0000000081400000, 0x0000000081300000| Untracked 
|  20|0x0000000081400000, 0x0000000081500000, 0x0000000081500000|100%| O|  |TAMS 0x0000000081500000, 0x0000000081400000| Untracked 
|  21|0x0000000081500000, 0x0000000081600000, 0x0000000081600000|100%| O|  |TAMS 0x0000000081600000, 0x0000000081500000| Untracked 
|  22|0x0000000081600000, 0x0000000081700000, 0x0000000081700000|100%| O|  |TAMS 0x0000000081700000, 0x0000000081600000| Untracked 
|  23|0x0000000081700000, 0x0000000081800000, 0x0000000081800000|100%| O|  |TAMS 0x0000000081800000, 0x0000000081700000| Untracked 
|  24|0x0000000081800000, 0x0000000081900000, 0x0000000081900000|100%| O|  |TAMS 0x0000000081900000, 0x0000000081800000| Untracked 
|  25|0x0000000081900000, 0x0000000081a00000, 0x0000000081a00000|100%| O|  |TAMS 0x0000000081a00000, 0x0000000081900000| Untracked 
|  26|0x0000000081a00000, 0x0000000081b00000, 0x0000000081b00000|100%| O|  |TAMS 0x0000000081b00000, 0x0000000081a00000| Untracked 
|  27|0x0000000081b00000, 0x0000000081c00000, 0x0000000081c00000|100%| O|  |TAMS 0x0000000081c00000, 0x0000000081b00000| Untracked 
|  28|0x0000000081c00000, 0x0000000081d00000, 0x0000000081d00000|100%| O|  |TAMS 0x0000000081d00000, 0x0000000081c00000| Untracked 
|  29|0x0000000081d00000, 0x0000000081e00000, 0x0000000081e00000|100%| O|  |TAMS 0x0000000081e00000, 0x0000000081d00000| Untracked 
|  30|0x0000000081e00000, 0x0000000081f00000, 0x0000000081f00000|100%| O|  |TAMS 0x0000000081f00000, 0x0000000081e00000| Untracked 
|  31|0x0000000081f00000, 0x0000000082000000, 0x0000000082000000|100%| O|  |TAMS 0x0000000082000000, 0x0000000081f00000| Untracked 
|  32|0x0000000082000000, 0x0000000082100000, 0x0000000082100000|100%| O|  |TAMS 0x0000000082100000, 0x0000000082000000| Untracked 
|  33|0x0000000082100000, 0x0000000082200000, 0x0000000082200000|100%| O|  |TAMS 0x0000000082100000, 0x0000000082100000| Untracked 
|  34|0x0000000082200000, 0x0000000082300000, 0x0000000082300000|100%|HS|  |TAMS 0x0000000082300000, 0x0000000082200000| Complete 
|  35|0x0000000082300000, 0x0000000082400000, 0x0000000082400000|100%| O|  |TAMS 0x0000000082400000, 0x0000000082300000| Untracked 
|  36|0x0000000082400000, 0x0000000082500000, 0x0000000082500000|100%| O|  |TAMS 0x0000000082500000, 0x0000000082400000| Untracked 
|  37|0x0000000082500000, 0x0000000082600000, 0x0000000082600000|100%| O|  |TAMS 0x0000000082600000, 0x0000000082500000| Untracked 
|  38|0x0000000082600000, 0x0000000082700000, 0x0000000082700000|100%|HS|  |TAMS 0x0000000082700000, 0x0000000082600000| Complete 
|  39|0x0000000082700000, 0x0000000082800000, 0x0000000082800000|100%|HS|  |TAMS 0x0000000082800000, 0x0000000082700000| Complete 
|  40|0x0000000082800000, 0x0000000082900000, 0x0000000082900000|100%|HS|  |TAMS 0x0000000082900000, 0x0000000082800000| Complete 
|  41|0x0000000082900000, 0x0000000082a00000, 0x0000000082a00000|100%|HC|  |TAMS 0x0000000082a00000, 0x0000000082900000| Complete 
|  42|0x0000000082a00000, 0x0000000082b00000, 0x0000000082b00000|100%|HC|  |TAMS 0x0000000082b00000, 0x0000000082a00000| Complete 
|  43|0x0000000082b00000, 0x0000000082c00000, 0x0000000082c00000|100%| O|  |TAMS 0x0000000082c00000, 0x0000000082b00000| Untracked 
|  44|0x0000000082c00000, 0x0000000082d00000, 0x0000000082d00000|100%| O|  |TAMS 0x0000000082d00000, 0x0000000082c00000| Untracked 
|  45|0x0000000082d00000, 0x0000000082e00000, 0x0000000082e00000|100%| O|  |TAMS 0x0000000082e00000, 0x0000000082d00000| Untracked 
|  46|0x0000000082e00000, 0x0000000082e00000, 0x0000000082f00000|  0%| F|  |TAMS 0x0000000082e00000, 0x0000000082e00000| Untracked 
|  47|0x0000000082f00000, 0x0000000083000000, 0x0000000083000000|100%| O|  |TAMS 0x0000000083000000, 0x0000000082f00000| Untracked 
|  48|0x0000000083000000, 0x0000000083100000, 0x0000000083100000|100%|HS|  |TAMS 0x0000000083100000, 0x0000000083000000| Complete 
|  49|0x0000000083100000, 0x0000000083200000, 0x0000000083200000|100%|HC|  |TAMS 0x0000000083200000, 0x0000000083100000| Complete 
|  50|0x0000000083200000, 0x0000000083300000, 0x0000000083300000|100%| O|  |TAMS 0x0000000083300000, 0x0000000083200000| Untracked 
|  51|0x0000000083300000, 0x0000000083400000, 0x0000000083400000|100%| O|  |TAMS 0x0000000083400000, 0x0000000083300000| Untracked 
|  52|0x0000000083400000, 0x0000000083500000, 0x0000000083500000|100%| O|  |TAMS 0x0000000083500000, 0x0000000083400000| Untracked 
|  53|0x0000000083500000, 0x0000000083600000, 0x0000000083600000|100%| O|  |TAMS 0x0000000083600000, 0x0000000083500000| Untracked 
|  54|0x0000000083600000, 0x0000000083700000, 0x0000000083700000|100%| O|  |TAMS 0x0000000083700000, 0x0000000083600000| Untracked 
|  55|0x0000000083700000, 0x0000000083800000, 0x0000000083800000|100%| O|  |TAMS 0x0000000083800000, 0x0000000083700000| Untracked 
|  56|0x0000000083800000, 0x0000000083900000, 0x0000000083900000|100%| O|  |TAMS 0x0000000083900000, 0x0000000083800000| Untracked 
|  57|0x0000000083900000, 0x0000000083a00000, 0x0000000083a00000|100%| O|  |TAMS 0x0000000083a00000, 0x0000000083900000| Untracked 
|  58|0x0000000083a00000, 0x0000000083b00000, 0x0000000083b00000|100%| O|  |TAMS 0x0000000083b00000, 0x0000000083a00000| Untracked 
|  59|0x0000000083b00000, 0x0000000083c00000, 0x0000000083c00000|100%| O|  |TAMS 0x0000000083c00000, 0x0000000083b00000| Untracked 
|  60|0x0000000083c00000, 0x0000000083d00000, 0x0000000083d00000|100%| O|  |TAMS 0x0000000083d00000, 0x0000000083c00000| Untracked 
|  61|0x0000000083d00000, 0x0000000083e00000, 0x0000000083e00000|100%| O|  |TAMS 0x0000000083e00000, 0x0000000083d00000| Untracked 
|  62|0x0000000083e00000, 0x0000000083f00000, 0x0000000083f00000|100%| O|  |TAMS 0x0000000083f00000, 0x0000000083e00000| Untracked 
|  63|0x0000000083f00000, 0x0000000084000000, 0x0000000084000000|100%| O|  |TAMS 0x0000000084000000, 0x0000000083f00000| Untracked 
|  64|0x0000000084000000, 0x0000000084100000, 0x0000000084100000|100%| O|  |TAMS 0x0000000084100000, 0x0000000084000000| Untracked 
|  65|0x0000000084100000, 0x0000000084200000, 0x0000000084200000|100%| O|  |TAMS 0x0000000084200000, 0x0000000084100000| Untracked 
|  66|0x0000000084200000, 0x0000000084300000, 0x0000000084300000|100%| O|  |TAMS 0x0000000084300000, 0x0000000084200000| Untracked 
|  67|0x0000000084300000, 0x0000000084400000, 0x0000000084400000|100%| O|  |TAMS 0x0000000084400000, 0x0000000084300000| Untracked 
|  68|0x0000000084400000, 0x0000000084500000, 0x0000000084500000|100%| O|  |TAMS 0x0000000084500000, 0x0000000084400000| Untracked 
|  69|0x0000000084500000, 0x0000000084600000, 0x0000000084600000|100%| O|  |TAMS 0x0000000084600000, 0x0000000084500000| Untracked 
|  70|0x0000000084600000, 0x0000000084700000, 0x0000000084700000|100%| O|  |TAMS 0x0000000084700000, 0x0000000084600000| Untracked 
|  71|0x0000000084700000, 0x0000000084800000, 0x0000000084800000|100%| O|  |TAMS 0x0000000084800000, 0x0000000084700000| Untracked 
|  72|0x0000000084800000, 0x0000000084900000, 0x0000000084900000|100%| O|  |TAMS 0x0000000084900000, 0x0000000084800000| Untracked 
|  73|0x0000000084900000, 0x0000000084a00000, 0x0000000084a00000|100%| O|  |TAMS 0x0000000084a00000, 0x0000000084900000| Untracked 
|  74|0x0000000084a00000, 0x0000000084b00000, 0x0000000084b00000|100%| O|  |TAMS 0x0000000084b00000, 0x0000000084a00000| Untracked 
|  75|0x0000000084b00000, 0x0000000084c00000, 0x0000000084c00000|100%| O|  |TAMS 0x0000000084c00000, 0x0000000084b00000| Untracked 
|  76|0x0000000084c00000, 0x0000000084d00000, 0x0000000084d00000|100%| O|  |TAMS 0x0000000084d00000, 0x0000000084c00000| Untracked 
|  77|0x0000000084d00000, 0x0000000084e00000, 0x0000000084e00000|100%| O|  |TAMS 0x0000000084e00000, 0x0000000084d00000| Untracked 
|  78|0x0000000084e00000, 0x0000000084f00000, 0x0000000084f00000|100%| O|  |TAMS 0x0000000084eaa800, 0x0000000084e00000| Untracked 
|  79|0x0000000084f00000, 0x0000000085000000, 0x0000000085000000|100%| O|  |TAMS 0x0000000084f00000, 0x0000000084f00000| Untracked 
|  80|0x0000000085000000, 0x0000000085100000, 0x0000000085100000|100%| O|  |TAMS 0x0000000085000000, 0x0000000085000000| Untracked 
|  81|0x0000000085100000, 0x0000000085200000, 0x0000000085200000|100%| O|  |TAMS 0x0000000085100000, 0x0000000085100000| Untracked 
|  82|0x0000000085200000, 0x0000000085300000, 0x0000000085300000|100%| O|  |TAMS 0x0000000085200000, 0x0000000085200000| Untracked 
|  83|0x0000000085300000, 0x0000000085400000, 0x0000000085400000|100%| O|  |TAMS 0x0000000085300000, 0x0000000085300000| Untracked 
|  84|0x0000000085400000, 0x0000000085500000, 0x0000000085500000|100%| O|  |TAMS 0x0000000085400000, 0x0000000085400000| Untracked 
|  85|0x0000000085500000, 0x0000000085582800, 0x0000000085600000| 50%| O|  |TAMS 0x0000000085500000, 0x0000000085500000| Untracked 
|  86|0x0000000085600000, 0x0000000085600000, 0x0000000085700000|  0%| F|  |TAMS 0x0000000085600000, 0x0000000085600000| Untracked 
|  87|0x0000000085700000, 0x0000000085700000, 0x0000000085800000|  0%| F|  |TAMS 0x0000000085700000, 0x0000000085700000| Untracked 
|  88|0x0000000085800000, 0x0000000085800000, 0x0000000085900000|  0%| F|  |TAMS 0x0000000085800000, 0x0000000085800000| Untracked 
|  89|0x0000000085900000, 0x0000000085900000, 0x0000000085a00000|  0%| F|  |TAMS 0x0000000085900000, 0x0000000085900000| Untracked 
|  90|0x0000000085a00000, 0x0000000085a00000, 0x0000000085b00000|  0%| F|  |TAMS 0x0000000085a00000, 0x0000000085a00000| Untracked 
|  91|0x0000000085b00000, 0x0000000085b00000, 0x0000000085c00000|  0%| F|  |TAMS 0x0000000085b00000, 0x0000000085b00000| Untracked 
|  92|0x0000000085c00000, 0x0000000085c00000, 0x0000000085d00000|  0%| F|  |TAMS 0x0000000085c00000, 0x0000000085c00000| Untracked 
|  93|0x0000000085d00000, 0x0000000085d00000, 0x0000000085e00000|  0%| F|  |TAMS 0x0000000085d00000, 0x0000000085d00000| Untracked 
|  94|0x0000000085e00000, 0x0000000085e00000, 0x0000000085f00000|  0%| F|  |TAMS 0x0000000085e00000, 0x0000000085e00000| Untracked 
|  95|0x0000000085f00000, 0x0000000085f00000, 0x0000000086000000|  0%| F|  |TAMS 0x0000000085f00000, 0x0000000085f00000| Untracked 
|  96|0x0000000086000000, 0x0000000086000000, 0x0000000086100000|  0%| F|  |TAMS 0x0000000086000000, 0x0000000086000000| Untracked 
|  97|0x0000000086100000, 0x0000000086100000, 0x0000000086200000|  0%| F|  |TAMS 0x0000000086100000, 0x0000000086100000| Untracked 
|  98|0x0000000086200000, 0x0000000086200000, 0x0000000086300000|  0%| F|  |TAMS 0x0000000086200000, 0x0000000086200000| Untracked 
|  99|0x0000000086300000, 0x0000000086300000, 0x0000000086400000|  0%| F|  |TAMS 0x0000000086300000, 0x0000000086300000| Untracked 
| 100|0x0000000086400000, 0x0000000086400000, 0x0000000086500000|  0%| F|  |TAMS 0x0000000086400000, 0x0000000086400000| Untracked 
| 101|0x0000000086500000, 0x0000000086500000, 0x0000000086600000|  0%| F|  |TAMS 0x0000000086500000, 0x0000000086500000| Untracked 
| 102|0x0000000086600000, 0x0000000086600000, 0x0000000086700000|  0%| F|  |TAMS 0x0000000086600000, 0x0000000086600000| Untracked 
| 103|0x0000000086700000, 0x0000000086700000, 0x0000000086800000|  0%| F|  |TAMS 0x0000000086700000, 0x0000000086700000| Untracked 
| 104|0x0000000086800000, 0x0000000086800000, 0x0000000086900000|  0%| F|  |TAMS 0x0000000086800000, 0x0000000086800000| Untracked 
| 105|0x0000000086900000, 0x0000000086900000, 0x0000000086a00000|  0%| F|  |TAMS 0x0000000086900000, 0x0000000086900000| Untracked 
| 106|0x0000000086a00000, 0x0000000086a00000, 0x0000000086b00000|  0%| F|  |TAMS 0x0000000086a00000, 0x0000000086a00000| Untracked 
| 107|0x0000000086b00000, 0x0000000086b00000, 0x0000000086c00000|  0%| F|  |TAMS 0x0000000086b00000, 0x0000000086b00000| Untracked 
| 108|0x0000000086c00000, 0x0000000086c00000, 0x0000000086d00000|  0%| F|  |TAMS 0x0000000086c00000, 0x0000000086c00000| Untracked 
| 109|0x0000000086d00000, 0x0000000086d00000, 0x0000000086e00000|  0%| F|  |TAMS 0x0000000086d00000, 0x0000000086d00000| Untracked 
| 110|0x0000000086e00000, 0x0000000086e00000, 0x0000000086f00000|  0%| F|  |TAMS 0x0000000086e00000, 0x0000000086e00000| Untracked 
| 111|0x0000000086f00000, 0x0000000086f00000, 0x0000000087000000|  0%| F|  |TAMS 0x0000000086f00000, 0x0000000086f00000| Untracked 
| 112|0x0000000087000000, 0x0000000087000000, 0x0000000087100000|  0%| F|  |TAMS 0x0000000087000000, 0x0000000087000000| Untracked 
| 113|0x0000000087100000, 0x0000000087100000, 0x0000000087200000|  0%| F|  |TAMS 0x0000000087100000, 0x0000000087100000| Untracked 
| 114|0x0000000087200000, 0x0000000087200000, 0x0000000087300000|  0%| F|  |TAMS 0x0000000087200000, 0x0000000087200000| Untracked 
| 115|0x0000000087300000, 0x0000000087300000, 0x0000000087400000|  0%| F|  |TAMS 0x0000000087300000, 0x0000000087300000| Untracked 
| 116|0x0000000087400000, 0x0000000087400000, 0x0000000087500000|  0%| F|  |TAMS 0x0000000087400000, 0x0000000087400000| Untracked 
| 117|0x0000000087500000, 0x0000000087500000, 0x0000000087600000|  0%| F|  |TAMS 0x0000000087500000, 0x0000000087500000| Untracked 
| 118|0x0000000087600000, 0x0000000087600000, 0x0000000087700000|  0%| F|  |TAMS 0x0000000087600000, 0x0000000087600000| Untracked 
| 119|0x0000000087700000, 0x0000000087700000, 0x0000000087800000|  0%| F|  |TAMS 0x0000000087700000, 0x0000000087700000| Untracked 
| 120|0x0000000087800000, 0x0000000087800000, 0x0000000087900000|  0%| F|  |TAMS 0x0000000087800000, 0x0000000087800000| Untracked 
| 121|0x0000000087900000, 0x0000000087900000, 0x0000000087a00000|  0%| F|  |TAMS 0x0000000087900000, 0x0000000087900000| Untracked 
| 122|0x0000000087a00000, 0x0000000087a00000, 0x0000000087b00000|  0%| F|  |TAMS 0x0000000087a00000, 0x0000000087a00000| Untracked 
| 123|0x0000000087b00000, 0x0000000087b00000, 0x0000000087c00000|  0%| F|  |TAMS 0x0000000087b00000, 0x0000000087b00000| Untracked 
| 124|0x0000000087c00000, 0x0000000087c00000, 0x0000000087d00000|  0%| F|  |TAMS 0x0000000087c00000, 0x0000000087c00000| Untracked 
| 125|0x0000000087d00000, 0x0000000087d00000, 0x0000000087e00000|  0%| F|  |TAMS 0x0000000087d00000, 0x0000000087d00000| Untracked 
| 126|0x0000000087e00000, 0x0000000087e00000, 0x0000000087f00000|  0%| F|  |TAMS 0x0000000087e00000, 0x0000000087e00000| Untracked 
| 127|0x0000000087f00000, 0x0000000087f00000, 0x0000000088000000|  0%| F|  |TAMS 0x0000000087f00000, 0x0000000087f00000| Untracked 
| 128|0x0000000088000000, 0x0000000088000000, 0x0000000088100000|  0%| F|  |TAMS 0x0000000088000000, 0x0000000088000000| Untracked 
| 129|0x0000000088100000, 0x0000000088100000, 0x0000000088200000|  0%| F|  |TAMS 0x0000000088100000, 0x0000000088100000| Untracked 
| 130|0x0000000088200000, 0x0000000088200000, 0x0000000088300000|  0%| F|  |TAMS 0x0000000088200000, 0x0000000088200000| Untracked 
| 131|0x0000000088300000, 0x0000000088300000, 0x0000000088400000|  0%| F|  |TAMS 0x0000000088300000, 0x0000000088300000| Untracked 
| 132|0x0000000088400000, 0x0000000088400000, 0x0000000088500000|  0%| F|  |TAMS 0x0000000088400000, 0x0000000088400000| Untracked 
| 133|0x0000000088500000, 0x0000000088500000, 0x0000000088600000|  0%| F|  |TAMS 0x0000000088500000, 0x0000000088500000| Untracked 
| 134|0x0000000088600000, 0x0000000088600000, 0x0000000088700000|  0%| F|  |TAMS 0x0000000088600000, 0x0000000088600000| Untracked 
| 135|0x0000000088700000, 0x0000000088700000, 0x0000000088800000|  0%| F|  |TAMS 0x0000000088700000, 0x0000000088700000| Untracked 
| 136|0x0000000088800000, 0x0000000088800000, 0x0000000088900000|  0%| F|  |TAMS 0x0000000088800000, 0x0000000088800000| Untracked 
| 137|0x0000000088900000, 0x0000000088900000, 0x0000000088a00000|  0%| F|  |TAMS 0x0000000088900000, 0x0000000088900000| Untracked 
| 138|0x0000000088a00000, 0x0000000088a00000, 0x0000000088b00000|  0%| F|  |TAMS 0x0000000088a00000, 0x0000000088a00000| Untracked 
| 139|0x0000000088b00000, 0x0000000088b00000, 0x0000000088c00000|  0%| F|  |TAMS 0x0000000088b00000, 0x0000000088b00000| Untracked 
| 140|0x0000000088c00000, 0x0000000088c00000, 0x0000000088d00000|  0%| F|  |TAMS 0x0000000088c00000, 0x0000000088c00000| Untracked 
| 141|0x0000000088d00000, 0x0000000088d00000, 0x0000000088e00000|  0%| F|  |TAMS 0x0000000088d00000, 0x0000000088d00000| Untracked 
| 142|0x0000000088e00000, 0x0000000088e00000, 0x0000000088f00000|  0%| F|  |TAMS 0x0000000088e00000, 0x0000000088e00000| Untracked 
| 143|0x0000000088f00000, 0x0000000088fe0600, 0x0000000089000000| 87%| E|  |TAMS 0x0000000088f00000, 0x0000000088f00000| Complete 
| 144|0x0000000089000000, 0x0000000089100000, 0x0000000089100000|100%| E|CS|TAMS 0x0000000089000000, 0x0000000089000000| Complete 
| 145|0x0000000089100000, 0x0000000089200000, 0x0000000089200000|100%| E|CS|TAMS 0x0000000089100000, 0x0000000089100000| Complete 
| 146|0x0000000089200000, 0x0000000089300000, 0x0000000089300000|100%| E|CS|TAMS 0x0000000089200000, 0x0000000089200000| Complete 
| 147|0x0000000089300000, 0x0000000089400000, 0x0000000089400000|100%| E|CS|TAMS 0x0000000089300000, 0x0000000089300000| Complete 
| 148|0x0000000089400000, 0x0000000089500000, 0x0000000089500000|100%| E|CS|TAMS 0x0000000089400000, 0x0000000089400000| Complete 
| 149|0x0000000089500000, 0x0000000089600000, 0x0000000089600000|100%| E|CS|TAMS 0x0000000089500000, 0x0000000089500000| Complete 
| 150|0x0000000089600000, 0x0000000089700000, 0x0000000089700000|100%| E|CS|TAMS 0x0000000089600000, 0x0000000089600000| Complete 
| 151|0x0000000089700000, 0x0000000089800000, 0x0000000089800000|100%| E|CS|TAMS 0x0000000089700000, 0x0000000089700000| Complete 
| 152|0x0000000089800000, 0x0000000089900000, 0x0000000089900000|100%| E|CS|TAMS 0x0000000089800000, 0x0000000089800000| Complete 
| 153|0x0000000089900000, 0x0000000089a00000, 0x0000000089a00000|100%| E|CS|TAMS 0x0000000089900000, 0x0000000089900000| Complete 
| 154|0x0000000089a00000, 0x0000000089b00000, 0x0000000089b00000|100%| E|CS|TAMS 0x0000000089a00000, 0x0000000089a00000| Complete 
| 155|0x0000000089b00000, 0x0000000089b97c40, 0x0000000089c00000| 59%| S|CS|TAMS 0x0000000089b00000, 0x0000000089b00000| Complete 
| 156|0x0000000089c00000, 0x0000000089d00000, 0x0000000089d00000|100%| E|  |TAMS 0x0000000089c00000, 0x0000000089c00000| Complete 
| 157|0x0000000089d00000, 0x0000000089e00000, 0x0000000089e00000|100%| E|CS|TAMS 0x0000000089d00000, 0x0000000089d00000| Complete 
| 158|0x0000000089e00000, 0x0000000089f00000, 0x0000000089f00000|100%| E|CS|TAMS 0x0000000089e00000, 0x0000000089e00000| Complete 
| 253|0x000000008fd00000, 0x000000008fe00000, 0x000000008fe00000|100%| E|CS|TAMS 0x000000008fd00000, 0x000000008fd00000| Complete 

Card table byte_map: [0x0000023217e20000,0x0000023218220000] _byte_map_base: 0x0000023217a20000

Marking Bits (Prev, Next): (CMBitMap*) 0x000002327f632c60, (CMBitMap*) 0x000002327f632ca0
 Prev Bits: [0x0000023218620000, 0x000002321a620000)
 Next Bits: [0x000002321a620000, 0x000002321c620000)

Polling page: 0x000002327e9c0000

Metaspace:

Usage:
  Non-class:     64.56 MB used.
      Class:     10.37 MB used.
       Both:     74.93 MB used.

Virtual space:
  Non-class space:       72.00 MB reserved,      64.88 MB ( 90%) committed,  9 nodes.
      Class space:        1.00 GB reserved,      10.69 MB (  1%) committed,  1 nodes.
             Both:        1.07 GB reserved,      75.56 MB (  7%) committed. 

Chunk freelists:
   Non-Class:  2.60 MB
       Class:  1.23 MB
        Both:  3.83 MB

MaxMetaspaceSize: unlimited
CompressedClassSpaceSize: 1.00 GB
Initial GC threshold: 21.00 MB
Current GC threshold: 124.94 MB
CDS: on
MetaspaceReclaimPolicy: balanced
 - commit_granule_bytes: 65536.
 - commit_granule_words: 8192.
 - virtual_space_node_default_size: 1048576.
 - enlarge_chunks_in_place: 1.
 - new_chunks_are_fully_committed: 0.
 - uncommit_free_chunks: 1.
 - use_allocation_guard: 0.
 - handle_deallocations: 1.


Internal statistics:

num_allocs_failed_limit: 6.
num_arena_births: 758.
num_arena_deaths: 0.
num_vsnodes_births: 10.
num_vsnodes_deaths: 0.
num_space_committed: 1209.
num_space_uncommitted: 0.
num_chunks_returned_to_freelist: 6.
num_chunks_taken_from_freelist: 3846.
num_chunk_merges: 6.
num_chunk_splits: 2546.
num_chunks_enlarged: 1686.
num_purges: 0.
num_inconsistent_stats: 0.

CodeHeap 'non-profiled nmethods': size=120000Kb used=5555Kb max_used=5694Kb free=114444Kb
 bounds [0x00000232108f0000, 0x0000023210e80000, 0x0000023217e20000]
CodeHeap 'profiled nmethods': size=120000Kb used=18131Kb max_used=18304Kb free=101868Kb
 bounds [0x00000232093c0000, 0x000002320a5b0000, 0x00000232108f0000]
CodeHeap 'non-nmethods': size=5760Kb used=2374Kb max_used=2474Kb free=3385Kb
 bounds [0x0000023208e20000, 0x00000232090b0000, 0x00000232093c0000]
 total_blobs=10125 nmethods=9225 adapters=810
 compilation: enabled
              stopped_count=0, restarted_count=0
 full_count=0

Compilation events (20 events):
Event: 10.918 Thread 0x000002321f809000 nmethod 10705 0x0000023209c24610 code [0x0000023209c247c0, 0x0000023209c24a88]
Event: 10.918 Thread 0x000002321f809000 10709       2       org.gradle.internal.snapshot.VfsRelativePath::fromChild (22 bytes)
Event: 10.918 Thread 0x000002321f8072c0 nmethod 10663 0x0000023210b6f290 code [0x0000023210b6f420, 0x0000023210b6f578]
Event: 10.918 Thread 0x000002321f8072c0 10708       4       org.gradle.internal.snapshot.ChildMap$Entry::handleAncestorDescendantOrExactMatch (110 bytes)
Event: 10.918 Thread 0x000002321f809000 nmethod 10709 0x00000232093d6f90 code [0x00000232093d7120, 0x00000232093d7288]
Event: 10.918 Thread 0x000002321f809000 10706       3       org.gradle.internal.execution.steps.CaptureStateBeforeExecutionStep::lambda$execute$0 (7 bytes)
Event: 10.919 Thread 0x000002321f809000 nmethod 10706 0x0000023209c24290 code [0x0000023209c24420, 0x0000023209c24568]
Event: 10.919 Thread 0x000002321f809000 10707       3       org.gradle.internal.execution.steps.CaptureStateBeforeExecutionStep$$Lambda$931/0x000000080165ad18::<init> (20 bytes)
Event: 10.919 Thread 0x000002321f809000 nmethod 10707 0x0000023209c23d90 code [0x0000023209c23f40, 0x0000023209c241b8]
Event: 10.919 Thread 0x000002321f809000 10710       3       org.gradle.internal.rules.DefaultRuleActionAdapter::<init> (15 bytes)
Event: 10.919 Thread 0x000002321f809000 nmethod 10710 0x0000023209c23910 code [0x0000023209c23ac0, 0x0000023209c23cd8]
Event: 10.919 Thread 0x000002321f809000 10711       3       org.gradle.api.internal.artifacts.ivyservice.ivyresolve.ErrorHandlingModuleComponentRepository::getId (10 bytes)
Event: 10.920 Thread 0x000002321f809000 nmethod 10711 0x0000023209c23490 code [0x0000023209c23640, 0x0000023209c23808]
Event: 10.920 Thread 0x000002321f809000 10712       3       org.gradle.api.internal.artifacts.ivyservice.ivyresolve.BaseModuleComponentRepository::getId (10 bytes)
Event: 10.920 Thread 0x000002321f809000 nmethod 10712 0x0000023209c23010 code [0x0000023209c231c0, 0x0000023209c23388]
Event: 10.921 Thread 0x000002321f809000 10713       3       com.google.common.collect.Lists::indexOfImpl (51 bytes)
Event: 10.921 Thread 0x000002321f809000 nmethod 10713 0x0000023209c22310 code [0x0000023209c22540, 0x0000023209c22df8]
Event: 10.930 Thread 0x000002321f809000 10714       3       org.gradle.internal.execution.steps.CaptureStateBeforeExecutionStep$1::getValidationContext (10 bytes)
Event: 10.931 Thread 0x000002321f809000 nmethod 10714 0x0000023209c21e90 code [0x0000023209c22040, 0x0000023209c22208]
Event: 10.931 Thread 0x000002321f809000 10715       3       org.gradle.internal.execution.steps.ValidateStep$$Lambda$955/0x0000000801663560::<init> (20 bytes)

GC Heap History (20 events):
Event: 7.152 GC heap before
{Heap before GC invocations=24 (full 0):
 garbage-first heap   total 136192K, used 99810K [0x0000000080000000, 0x0000000100000000)
  region size 1024K, 41 young (41984K), 3 survivors (3072K)
 Metaspace       used 57479K, committed 58048K, reserved 1105920K
  class space    used 7685K, committed 7936K, reserved 1048576K
}
Event: 7.157 GC heap after
{Heap after GC invocations=25 (full 0):
 garbage-first heap   total 136192K, used 64034K [0x0000000080000000, 0x0000000100000000)
  region size 1024K, 6 young (6144K), 6 survivors (6144K)
 Metaspace       used 57479K, committed 58048K, reserved 1105920K
  class space    used 7685K, committed 7936K, reserved 1048576K
}
Event: 7.440 GC heap before
{Heap before GC invocations=25 (full 0):
 garbage-first heap   total 136192K, used 101922K [0x0000000080000000, 0x0000000100000000)
  region size 1024K, 43 young (44032K), 6 survivors (6144K)
 Metaspace       used 58867K, committed 59328K, reserved 1105920K
  class space    used 7854K, committed 8064K, reserved 1048576K
}
Event: 7.446 GC heap after
{Heap after GC invocations=26 (full 0):
 garbage-first heap   total 136192K, used 67238K [0x0000000080000000, 0x0000000100000000)
  region size 1024K, 4 young (4096K), 4 survivors (4096K)
 Metaspace       used 58867K, committed 59328K, reserved 1105920K
  class space    used 7854K, committed 8064K, reserved 1048576K
}
Event: 7.885 GC heap before
{Heap before GC invocations=26 (full 0):
 garbage-first heap   total 136192K, used 104102K [0x0000000080000000, 0x0000000100000000)
  region size 1024K, 40 young (40960K), 4 survivors (4096K)
 Metaspace       used 63194K, committed 63680K, reserved 1105920K
  class space    used 8626K, committed 8832K, reserved 1048576K
}
Event: 7.889 GC heap after
{Heap after GC invocations=27 (full 0):
 garbage-first heap   total 136192K, used 69534K [0x0000000080000000, 0x0000000100000000)
  region size 1024K, 3 young (3072K), 3 survivors (3072K)
 Metaspace       used 63194K, committed 63680K, reserved 1105920K
  class space    used 8626K, committed 8832K, reserved 1048576K
}
Event: 8.213 GC heap before
{Heap before GC invocations=28 (full 0):
 garbage-first heap   total 136192K, used 106398K [0x0000000080000000, 0x0000000100000000)
  region size 1024K, 39 young (39936K), 3 survivors (3072K)
 Metaspace       used 64707K, committed 65216K, reserved 1105920K
  class space    used 8860K, committed 9088K, reserved 1048576K
}
Event: 8.220 GC heap after
{Heap after GC invocations=29 (full 0):
 garbage-first heap   total 136192K, used 73109K [0x0000000080000000, 0x0000000100000000)
  region size 1024K, 5 young (5120K), 5 survivors (5120K)
 Metaspace       used 64707K, committed 65216K, reserved 1105920K
  class space    used 8860K, committed 9088K, reserved 1048576K
}
Event: 8.607 GC heap before
{Heap before GC invocations=29 (full 0):
 garbage-first heap   total 136192K, used 108949K [0x0000000080000000, 0x0000000100000000)
  region size 1024K, 40 young (40960K), 5 survivors (5120K)
 Metaspace       used 67369K, committed 67904K, reserved 1114112K
  class space    used 9238K, committed 9472K, reserved 1048576K
}
Event: 8.614 GC heap after
{Heap after GC invocations=30 (full 0):
 garbage-first heap   total 163840K, used 76034K [0x0000000080000000, 0x0000000100000000)
  region size 1024K, 3 young (3072K), 3 survivors (3072K)
 Metaspace       used 67369K, committed 67904K, reserved 1114112K
  class space    used 9238K, committed 9472K, reserved 1048576K
}
Event: 9.348 GC heap before
{Heap before GC invocations=31 (full 0):
 garbage-first heap   total 163840K, used 130306K [0x0000000080000000, 0x0000000100000000)
  region size 1024K, 56 young (57344K), 3 survivors (3072K)
 Metaspace       used 73115K, committed 73664K, reserved 1114112K
  class space    used 10027K, committed 10304K, reserved 1048576K
}
Event: 9.355 GC heap after
{Heap after GC invocations=32 (full 0):
 garbage-first heap   total 163840K, used 80195K [0x0000000080000000, 0x0000000100000000)
  region size 1024K, 7 young (7168K), 7 survivors (7168K)
 Metaspace       used 73115K, committed 73664K, reserved 1114112K
  class space    used 10027K, committed 10304K, reserved 1048576K
}
Event: 9.363 GC heap before
{Heap before GC invocations=32 (full 0):
 garbage-first heap   total 163840K, used 81219K [0x0000000080000000, 0x0000000100000000)
  region size 1024K, 8 young (8192K), 7 survivors (7168K)
 Metaspace       used 73149K, committed 73728K, reserved 1114112K
  class space    used 10030K, committed 10304K, reserved 1048576K
}
Event: 9.369 GC heap after
{Heap after GC invocations=33 (full 0):
 garbage-first heap   total 163840K, used 80554K [0x0000000080000000, 0x0000000100000000)
  region size 1024K, 1 young (1024K), 1 survivors (1024K)
 Metaspace       used 73149K, committed 73728K, reserved 1114112K
  class space    used 10030K, committed 10304K, reserved 1048576K
}
Event: 10.086 GC heap before
{Heap before GC invocations=33 (full 0):
 garbage-first heap   total 163840K, used 130730K [0x0000000080000000, 0x0000000100000000)
  region size 1024K, 51 young (52224K), 1 survivors (1024K)
 Metaspace       used 76000K, committed 76672K, reserved 1122304K
  class space    used 10552K, committed 10880K, reserved 1048576K
}
Event: 10.091 GC heap after
{Heap after GC invocations=34 (full 0):
 garbage-first heap   total 163840K, used 84325K [0x0000000080000000, 0x0000000100000000)
  region size 1024K, 5 young (5120K), 5 survivors (5120K)
 Metaspace       used 76000K, committed 76672K, reserved 1122304K
  class space    used 10552K, committed 10880K, reserved 1048576K
}
Event: 10.720 GC heap before
{Heap before GC invocations=35 (full 0):
 garbage-first heap   total 163840K, used 131429K [0x0000000080000000, 0x0000000100000000)
  region size 1024K, 52 young (53248K), 5 survivors (5120K)
 Metaspace       used 76384K, committed 77056K, reserved 1122304K
  class space    used 10569K, committed 10880K, reserved 1048576K
}
Event: 10.726 GC heap after
{Heap after GC invocations=36 (full 0):
 garbage-first heap   total 163840K, used 87168K [0x0000000080000000, 0x0000000100000000)
  region size 1024K, 4 young (4096K), 4 survivors (4096K)
 Metaspace       used 76384K, committed 77056K, reserved 1122304K
  class space    used 10569K, committed 10880K, reserved 1048576K
}
Event: 10.750 GC heap before
{Heap before GC invocations=36 (full 0):
 garbage-first heap   total 163840K, used 90240K [0x0000000080000000, 0x0000000100000000)
  region size 1024K, 8 young (8192K), 4 survivors (4096K)
 Metaspace       used 76405K, committed 77056K, reserved 1122304K
  class space    used 10569K, committed 10880K, reserved 1048576K
}
Event: 10.753 GC heap after
{Heap after GC invocations=37 (full 0):
 garbage-first heap   total 163840K, used 87145K [0x0000000080000000, 0x0000000100000000)
  region size 1024K, 1 young (1024K), 1 survivors (1024K)
 Metaspace       used 76405K, committed 77056K, reserved 1122304K
  class space    used 10569K, committed 10880K, reserved 1048576K
}

Deoptimization events (20 events):
Event: 10.883 Thread 0x00000232265e3120 Uncommon trap: trap_request=0xffffffde fr.pc=0x0000023210c58efc relative=0x00000000000010fc
Event: 10.884 Thread 0x00000232265e3120 Uncommon trap: reason=class_check action=maybe_recompile pc=0x0000023210c58efc method=org.gradle.internal.snapshot.ChildMap$Entry.handleAncestorDescendantOrExactMatch(Lorg/gradle/internal/snapshot/VfsRelativePath;Lorg/gradle/internal/snapshot/CaseSensitiv
Event: 10.884 Thread 0x00000232265e3120 DEOPT PACKING pc=0x0000023210c58efc sp=0x00000077c3efcba0
Event: 10.884 Thread 0x00000232265e3120 DEOPT UNPACKING pc=0x0000023208e723a3 sp=0x00000077c3efcb98 mode 2
Event: 10.885 Thread 0x00000232265e3120 Uncommon trap: trap_request=0xffffffde fr.pc=0x0000023210c58efc relative=0x00000000000010fc
Event: 10.885 Thread 0x00000232265e3120 Uncommon trap: reason=class_check action=maybe_recompile pc=0x0000023210c58efc method=org.gradle.internal.snapshot.ChildMap$Entry.handleAncestorDescendantOrExactMatch(Lorg/gradle/internal/snapshot/VfsRelativePath;Lorg/gradle/internal/snapshot/CaseSensitiv
Event: 10.885 Thread 0x00000232265e3120 DEOPT PACKING pc=0x0000023210c58efc sp=0x00000077c3efcba0
Event: 10.885 Thread 0x00000232265e3120 DEOPT UNPACKING pc=0x0000023208e723a3 sp=0x00000077c3efcb98 mode 2
Event: 10.885 Thread 0x00000232265e3120 Uncommon trap: trap_request=0xffffffde fr.pc=0x0000023210c58efc relative=0x00000000000010fc
Event: 10.885 Thread 0x00000232265e3120 Uncommon trap: reason=class_check action=maybe_recompile pc=0x0000023210c58efc method=org.gradle.internal.snapshot.ChildMap$Entry.handleAncestorDescendantOrExactMatch(Lorg/gradle/internal/snapshot/VfsRelativePath;Lorg/gradle/internal/snapshot/CaseSensitiv
Event: 10.885 Thread 0x00000232265e3120 DEOPT PACKING pc=0x0000023210c58efc sp=0x00000077c3efcba0
Event: 10.885 Thread 0x00000232265e3120 DEOPT UNPACKING pc=0x0000023208e723a3 sp=0x00000077c3efcb98 mode 2
Event: 10.914 Thread 0x00000232265e3120 Uncommon trap: trap_request=0xffffffde fr.pc=0x0000023210c58efc relative=0x00000000000010fc
Event: 10.914 Thread 0x00000232265e3120 Uncommon trap: reason=class_check action=maybe_recompile pc=0x0000023210c58efc method=org.gradle.internal.snapshot.ChildMap$Entry.handleAncestorDescendantOrExactMatch(Lorg/gradle/internal/snapshot/VfsRelativePath;Lorg/gradle/internal/snapshot/CaseSensitiv
Event: 10.914 Thread 0x00000232265e3120 DEOPT PACKING pc=0x0000023210c58efc sp=0x00000077c3efcba0
Event: 10.914 Thread 0x00000232265e3120 DEOPT UNPACKING pc=0x0000023208e723a3 sp=0x00000077c3efcb78 mode 2
Event: 10.928 Thread 0x00000232265e3120 Uncommon trap: trap_request=0xffffff45 fr.pc=0x0000023210c2cc6c relative=0x000000000000068c
Event: 10.928 Thread 0x00000232265e3120 Uncommon trap: reason=unstable_if action=reinterpret pc=0x0000023210c2cc6c method=sun.security.provider.DigestBase.engineUpdate([BII)V @ 1 c2
Event: 10.928 Thread 0x00000232265e3120 DEOPT PACKING pc=0x0000023210c2cc6c sp=0x00000077c3efa710
Event: 10.928 Thread 0x00000232265e3120 DEOPT UNPACKING pc=0x0000023208e723a3 sp=0x00000077c3efa6e8 mode 2

Classes unloaded (0 events):
No events

Classes redefined (0 events):
No events

Internal exceptions (20 events):
Event: 9.517 Thread 0x0000023220610150 Exception <a 'java/lang/NoSuchMethodError'{0x000000008921c6a8}: static Lorg/gradle/internal/build/event/types/AbstractTaskResult;.<clinit>()V> (0x000000008921c6a8) 
thrown [e:\jenkins\tmp\workspace\build\src\src\hotspot\share\prims\jni.cpp, line 1107]
Event: 9.531 Thread 0x0000023223e43270 Exception <a 'java/lang/NoSuchMethodError'{0x000000008914bc38}: static Lcom/android/ide/common/attribution/AndroidGradlePluginAttributionData$BuildInfo;.<clinit>()V> (0x000000008914bc38) 
thrown [e:\jenkins\tmp\workspace\build\src\src\hotspot\share\prims\jni.cpp, line 1107]
Event: 9.534 Thread 0x0000023223e43270 Exception <a 'java/lang/NoSuchMethodError'{0x0000000089160630}: static Lcom/android/ide/common/attribution/AndroidGradlePluginAttributionData$JavaInfo;.<clinit>()V> (0x0000000089160630) 
thrown [e:\jenkins\tmp\workspace\build\src\src\hotspot\share\prims\jni.cpp, line 1107]
Event: 9.536 Thread 0x0000023220610150 Exception <a 'java/lang/NoSuchMethodError'{0x00000000891cb910}: static Lorg/gradle/internal/build/event/types/DefaultTaskSkippedResult;.<clinit>()V> (0x00000000891cb910) 
thrown [e:\jenkins\tmp\workspace\build\src\src\hotspot\share\prims\jni.cpp, line 1107]
Event: 9.537 Thread 0x0000023223e43270 Exception <a 'java/lang/NoSuchMethodError'{0x0000000089181a60}: static [Ljava/lang/String;.<clinit>()V> (0x0000000089181a60) 
thrown [e:\jenkins\tmp\workspace\build\src\src\hotspot\share\prims\jni.cpp, line 1107]
Event: 9.539 Thread 0x0000023223e43270 Exception <a 'java/lang/NoSuchMethodError'{0x0000000089188db8}: 'void java.lang.invoke.DirectMethodHandle$Holder.invokeSpecial(java.lang.Object, java.lang.Object, java.lang.Object, int)'> (0x0000000089188db8) 
thrown [e:\jenkins\tmp\workspace\build\src\src\hotspot\share\interpreter\linkResolver.cpp, line 766]
Event: 9.544 Thread 0x00000232265e3120 Exception <a 'java/lang/NoSuchMethodError'{0x00000000890727a0}: 'int java.lang.invoke.DirectMethodHandle$Holder.invokeSpecial(java.lang.Object, java.lang.Object, java.lang.Object, java.lang.Object, java.lang.Object)'> (0x00000000890727a0) 
thrown [e:\jenkins\tmp\workspace\build\src\src\hotspot\share\interpreter\linkResolver.cpp, line 766]
Event: 9.776 Thread 0x00000232265e3120 Exception <a 'java/lang/NoSuchMethodError'{0x0000000088596c70}: 'void java.lang.invoke.DirectMethodHandle$Holder.invokeStatic(java.lang.Object, java.lang.Object, java.lang.Object, java.lang.Object, int, java.lang.Object, java.lang.Object)'> (0x0000000088596c70) 
thrown [e:\jenkins\tmp\workspace\build\src\src\hotspot\share\interpreter\linkResolver.cpp, line 766]
Event: 9.812 Thread 0x0000023224f155f0 Exception <a 'java/lang/NoSuchMethodError'{0x0000000087ece7b8}: 'java.lang.Object java.lang.invoke.DirectMethodHandle$Holder.invokeSpecialIFC(java.lang.Object, java.lang.Object, java.lang.Object)'> (0x0000000087ece7b8) 
thrown [e:\jenkins\tmp\workspace\build\src\src\hotspot\share\interpreter\linkResolver.cpp, line 766]
Event: 9.812 Thread 0x00000232265e3120 Exception <a 'java/lang/NoSuchMethodError'{0x0000000087e7a420}: 'java.lang.Object java.lang.invoke.DirectMethodHandle$Holder.invokeSpecialIFC(java.lang.Object, java.lang.Object, java.lang.Object)'> (0x0000000087e7a420) 
thrown [e:\jenkins\tmp\workspace\build\src\src\hotspot\share\interpreter\linkResolver.cpp, line 766]
Event: 9.812 Thread 0x0000023224f54f50 Exception <a 'java/lang/NoSuchMethodError'{0x0000000087eddb70}: 'java.lang.Object java.lang.invoke.DirectMethodHandle$Holder.invokeSpecialIFC(java.lang.Object, java.lang.Object, java.lang.Object)'> (0x0000000087eddb70) 
thrown [e:\jenkins\tmp\workspace\build\src\src\hotspot\share\interpreter\linkResolver.cpp, line 766]
Event: 9.812 Thread 0x00000232259b0bc0 Exception <a 'java/lang/NoSuchMethodError'{0x0000000087e3ab18}: 'java.lang.Object java.lang.invoke.DirectMethodHandle$Holder.invokeSpecialIFC(java.lang.Object, java.lang.Object, java.lang.Object)'> (0x0000000087e3ab18) 
thrown [e:\jenkins\tmp\workspace\build\src\src\hotspot\share\interpreter\linkResolver.cpp, line 766]
Event: 9.812 Thread 0x0000023224f53270 Exception <a 'java/lang/NoSuchMethodError'{0x0000000087e5b368}: 'java.lang.Object java.lang.invoke.DirectMethodHandle$Holder.invokeSpecialIFC(java.lang.Object, java.lang.Object, java.lang.Object)'> (0x0000000087e5b368) 
thrown [e:\jenkins\tmp\workspace\build\src\src\hotspot\share\interpreter\linkResolver.cpp, line 766]
Event: 9.812 Thread 0x0000023224f55dc0 Exception <a 'java/lang/NoSuchMethodError'{0x0000000087e4c7d8}: 'java.lang.Object java.lang.invoke.DirectMethodHandle$Holder.invokeSpecialIFC(java.lang.Object, java.lang.Object, java.lang.Object)'> (0x0000000087e4c7d8) 
thrown [e:\jenkins\tmp\workspace\build\src\src\hotspot\share\interpreter\linkResolver.cpp, line 766]
Event: 9.812 Thread 0x0000023224f545b0 Exception <a 'java/lang/NoSuchMethodError'{0x0000000087e30518}: 'java.lang.Object java.lang.invoke.DirectMethodHandle$Holder.invokeSpecialIFC(java.lang.Object, java.lang.Object, java.lang.Object)'> (0x0000000087e30518) 
thrown [e:\jenkins\tmp\workspace\build\src\src\hotspot\share\interpreter\linkResolver.cpp, line 766]
Event: 9.812 Thread 0x0000023224f53740 Exception <a 'java/lang/NoSuchMethodError'{0x0000000087e6abe8}: 'java.lang.Object java.lang.invoke.DirectMethodHandle$Holder.invokeSpecialIFC(java.lang.Object, java.lang.Object, java.lang.Object)'> (0x0000000087e6abe8) 
thrown [e:\jenkins\tmp\workspace\build\src\src\hotspot\share\interpreter\linkResolver.cpp, line 766]
Event: 9.969 Thread 0x00000232259b0bc0 Exception <a 'java/lang/NoSuchMethodError'{0x0000000087947b48}: 'void java.lang.invoke.DirectMethodHandle$Holder.invokeVirtual(java.lang.Object, java.lang.Object)'> (0x0000000087947b48) 
thrown [e:\jenkins\tmp\workspace\build\src\src\hotspot\share\interpreter\linkResolver.cpp, line 766]
Event: 9.969 Thread 0x0000023224f53740 Exception <a 'java/lang/NoSuchMethodError'{0x00000000879eaf40}: 'void java.lang.invoke.DirectMethodHandle$Holder.invokeVirtual(java.lang.Object, java.lang.Object)'> (0x00000000879eaf40) 
thrown [e:\jenkins\tmp\workspace\build\src\src\hotspot\share\interpreter\linkResolver.cpp, line 766]
Event: 10.362 Thread 0x0000023224f58de0 Implicit null exception at 0x0000023210c98d08 to 0x0000023210c98e88
Event: 10.884 Thread 0x00000232265e3120 Exception <a 'java/lang/NoSuchMethodError'{0x0000000089392518}: 'void java.lang.invoke.DirectMethodHandle$Holder.invokeInterface(java.lang.Object, java.lang.Object, java.lang.Object, java.lang.Object)'> (0x0000000089392518) 
thrown [e:\jenkins\tmp\workspace\build\src\src\hotspot\share\interpreter\linkResolver.cpp, line 766]

VM Operations (20 events):
Event: 10.819 Executing VM operation: ICBufferFull
Event: 10.819 Executing VM operation: ICBufferFull done
Event: 10.823 Executing VM operation: ICBufferFull
Event: 10.824 Executing VM operation: ICBufferFull done
Event: 10.834 Executing VM operation: ICBufferFull
Event: 10.834 Executing VM operation: ICBufferFull done
Event: 10.843 Executing VM operation: ICBufferFull
Event: 10.843 Executing VM operation: ICBufferFull done
Event: 10.854 Executing VM operation: ICBufferFull
Event: 10.854 Executing VM operation: ICBufferFull done
Event: 10.857 Executing VM operation: ICBufferFull
Event: 10.857 Executing VM operation: ICBufferFull done
Event: 10.863 Executing VM operation: ICBufferFull
Event: 10.863 Executing VM operation: ICBufferFull done
Event: 10.876 Executing VM operation: ICBufferFull
Event: 10.876 Executing VM operation: ICBufferFull done
Event: 10.925 Executing VM operation: HandshakeAllThreads
Event: 10.926 Executing VM operation: HandshakeAllThreads done
Event: 10.930 Executing VM operation: ICBufferFull
Event: 10.931 Executing VM operation: ICBufferFull done

Events (20 events):
Event: 10.066 Thread 0x000002321f813750 flushing nmethod 0x000002320a21b010
Event: 10.066 Thread 0x000002321f813750 flushing nmethod 0x000002320a21c910
Event: 10.066 Thread 0x000002321f813750 flushing nmethod 0x000002320a260a10
Event: 10.066 Thread 0x000002321f813750 flushing nmethod 0x000002320a265c90
Event: 10.067 Thread 0x000002321f813750 flushing nmethod 0x000002320a270a10
Event: 10.067 Thread 0x000002321f813750 flushing nmethod 0x000002320a276390
Event: 10.067 Thread 0x000002321f813750 flushing nmethod 0x000002320a27f090
Event: 10.067 Thread 0x000002321f813750 flushing nmethod 0x000002320a27f410
Event: 10.067 Thread 0x000002321f813750 flushing nmethod 0x000002320a2e6890
Event: 10.067 Thread 0x000002321f813750 flushing nmethod 0x000002320a2e6d10
Event: 10.067 Thread 0x000002321f813750 flushing nmethod 0x000002320a2e7490
Event: 10.067 Thread 0x000002321f813750 flushing nmethod 0x000002320a2e7a90
Event: 10.067 Thread 0x000002321f813750 flushing nmethod 0x000002320a305e90
Event: 10.067 Thread 0x000002321f813750 flushing nmethod 0x000002320a32d510
Event: 10.067 Thread 0x000002321f813750 flushing nmethod 0x000002320a340c90
Event: 10.068 Thread 0x000002321f813750 flushing nmethod 0x000002320a3fa910
Event: 10.072 loading class jdk/internal/access/foreign/MemorySegmentProxy
Event: 10.072 loading class jdk/internal/access/foreign/MemorySegmentProxy done
Event: 10.869 loading class java/util/stream/SortedOps$SizedRefSortingSink
Event: 10.869 loading class java/util/stream/SortedOps$SizedRefSortingSink done


Dynamic libraries:
0x00007ff7c6450000 - 0x00007ff7c645e000 	C:\Program Files\Eclipse Adoptium\jdk-17.0.3.7-hotspot\bin\java.exe
0x00007ffea48c0000 - 0x00007ffea4ac9000 	C:\WINDOWS\SYSTEM32\ntdll.dll
0x00007ffea3ea0000 - 0x00007ffea3f5e000 	C:\WINDOWS\System32\KERNEL32.DLL
0x00007ffea1d90000 - 0x00007ffea210b000 	C:\WINDOWS\System32\KERNELBASE.dll
0x00007ffea2390000 - 0x00007ffea24a1000 	C:\WINDOWS\System32\ucrtbase.dll
0x00007ffe9df00000 - 0x00007ffe9df19000 	C:\Program Files\Eclipse Adoptium\jdk-17.0.3.7-hotspot\bin\VCRUNTIME140.dll
0x00007ffe9a110000 - 0x00007ffe9a128000 	C:\Program Files\Eclipse Adoptium\jdk-17.0.3.7-hotspot\bin\jli.dll
0x00007ffea3a30000 - 0x00007ffea3bdd000 	C:\WINDOWS\System32\USER32.dll
0x00007ffea2230000 - 0x00007ffea2256000 	C:\WINDOWS\System32\win32u.dll
0x00007ffe87bc0000 - 0x00007ffe87e65000 	C:\WINDOWS\WinSxS\amd64_microsoft.windows.common-controls_6595b64144ccf1df_6.0.22000.120_none_9d947278b86cc467\COMCTL32.dll
0x00007ffea3ca0000 - 0x00007ffea3d43000 	C:\WINDOWS\System32\msvcrt.dll
0x00007ffea4850000 - 0x00007ffea4879000 	C:\WINDOWS\System32\GDI32.dll
0x00007ffea2110000 - 0x00007ffea2228000 	C:\WINDOWS\System32\gdi32full.dll
0x00007ffea26a0000 - 0x00007ffea273d000 	C:\WINDOWS\System32\msvcp_win.dll
0x00007ffea4450000 - 0x00007ffea4482000 	C:\WINDOWS\System32\IMM32.DLL
0x00007ffe9d1e0000 - 0x00007ffe9d1ec000 	C:\Program Files\Eclipse Adoptium\jdk-17.0.3.7-hotspot\bin\vcruntime140_1.dll
0x00007ffe73880000 - 0x00007ffe73911000 	C:\Program Files\Eclipse Adoptium\jdk-17.0.3.7-hotspot\bin\msvcp140.dll
0x00007ffe23130000 - 0x00007ffe23d78000 	C:\Program Files\Eclipse Adoptium\jdk-17.0.3.7-hotspot\bin\server\jvm.dll
0x00007ffea4190000 - 0x00007ffea423e000 	C:\WINDOWS\System32\ADVAPI32.dll
0x00007ffea3160000 - 0x00007ffea31fe000 	C:\WINDOWS\System32\sechost.dll
0x00007ffea4250000 - 0x00007ffea4370000 	C:\WINDOWS\System32\RPCRT4.dll
0x00007ffea4180000 - 0x00007ffea4188000 	C:\WINDOWS\System32\PSAPI.DLL
0x00007ffe7d000000 - 0x00007ffe7d009000 	C:\WINDOWS\SYSTEM32\WSOCK32.dll
0x00007ffe9b7f0000 - 0x00007ffe9b823000 	C:\WINDOWS\SYSTEM32\WINMM.dll
0x00007ffea28e0000 - 0x00007ffea294f000 	C:\WINDOWS\System32\WS2_32.dll
0x00007ffe9b100000 - 0x00007ffe9b10a000 	C:\WINDOWS\SYSTEM32\VERSION.dll
0x00007ffea0dd0000 - 0x00007ffea0de8000 	C:\WINDOWS\SYSTEM32\kernel.appcore.dll
0x00007ffe9c920000 - 0x00007ffe9c92a000 	C:\Program Files\Eclipse Adoptium\jdk-17.0.3.7-hotspot\bin\jimage.dll
0x00007ffe9f850000 - 0x00007ffe9fa71000 	C:\WINDOWS\SYSTEM32\DBGHELP.DLL
0x00007ffe80eb0000 - 0x00007ffe80ee1000 	C:\WINDOWS\SYSTEM32\dbgcore.DLL
0x00007ffea24b0000 - 0x00007ffea252f000 	C:\WINDOWS\System32\bcryptPrimitives.dll
0x00007ffe9a0e0000 - 0x00007ffe9a105000 	C:\Program Files\Eclipse Adoptium\jdk-17.0.3.7-hotspot\bin\java.dll
0x00007ffe6ffb0000 - 0x00007ffe70086000 	C:\Program Files\Eclipse Adoptium\jdk-17.0.3.7-hotspot\bin\jsvml.dll
0x00007ffea3270000 - 0x00007ffea3a28000 	C:\WINDOWS\System32\SHELL32.dll
0x00007ffe9fe40000 - 0x00007ffea06a5000 	C:\WINDOWS\SYSTEM32\windows.storage.dll
0x00007ffea2950000 - 0x00007ffea2cc8000 	C:\WINDOWS\System32\combase.dll
0x00007ffe9fcd0000 - 0x00007ffe9fe36000 	C:\WINDOWS\SYSTEM32\wintypes.dll
0x00007ffea3d50000 - 0x00007ffea3e3a000 	C:\WINDOWS\System32\SHCORE.dll
0x00007ffea3e40000 - 0x00007ffea3e9d000 	C:\WINDOWS\System32\shlwapi.dll
0x00007ffea1cc0000 - 0x00007ffea1ce1000 	C:\WINDOWS\SYSTEM32\profapi.dll
0x00007ffe9a0c0000 - 0x00007ffe9a0d9000 	C:\Program Files\Eclipse Adoptium\jdk-17.0.3.7-hotspot\bin\net.dll
0x00007ffe9b470000 - 0x00007ffe9b584000 	C:\WINDOWS\SYSTEM32\WINHTTP.dll
0x00007ffea1260000 - 0x00007ffea12c7000 	C:\WINDOWS\system32\mswsock.dll
0x00007ffe8e7e0000 - 0x00007ffe8e7f5000 	C:\Program Files\Eclipse Adoptium\jdk-17.0.3.7-hotspot\bin\nio.dll
0x00007ffe8cd10000 - 0x00007ffe8cd28000 	C:\Program Files\Eclipse Adoptium\jdk-17.0.3.7-hotspot\bin\zip.dll
0x00007ffe9a0b0000 - 0x00007ffe9a0c0000 	C:\Program Files\Eclipse Adoptium\jdk-17.0.3.7-hotspot\bin\verify.dll
0x00007ffe9d1f0000 - 0x00007ffe9d217000 	C:\Users\Hp\.gradle\native\e1d6ef7f7dcc3fd88c89a11ec53ec762bb8ba0a96d01ffa2cd45eb1d1d8dd5c5\windows-amd64\native-platform.dll
0x00007ffe6e810000 - 0x00007ffe6e954000 	C:\Users\Hp\.gradle\native\0d407fdbe67a94daf76414ababcb853783967236a71b16ec16e742cd7a986fd3\windows-amd64\native-platform-file-events.dll
0x00007ffe99eb0000 - 0x00007ffe99eb9000 	C:\Program Files\Eclipse Adoptium\jdk-17.0.3.7-hotspot\bin\management.dll
0x00007ffe839f0000 - 0x00007ffe839fb000 	C:\Program Files\Eclipse Adoptium\jdk-17.0.3.7-hotspot\bin\management_ext.dll
0x00007ffea1540000 - 0x00007ffea1558000 	C:\WINDOWS\SYSTEM32\CRYPTSP.dll
0x00007ffea0d30000 - 0x00007ffea0d65000 	C:\WINDOWS\system32\rsaenh.dll
0x00007ffea1300000 - 0x00007ffea1329000 	C:\WINDOWS\SYSTEM32\USERENV.dll
0x00007ffea16f0000 - 0x00007ffea1717000 	C:\WINDOWS\SYSTEM32\bcrypt.dll
0x00007ffea1450000 - 0x00007ffea145c000 	C:\WINDOWS\SYSTEM32\CRYPTBASE.dll
0x00007ffea0900000 - 0x00007ffea092d000 	C:\WINDOWS\SYSTEM32\IPHLPAPI.DLL
0x00007ffea4240000 - 0x00007ffea4249000 	C:\WINDOWS\System32\NSI.dll
0x00007ffe9b030000 - 0x00007ffe9b049000 	C:\WINDOWS\SYSTEM32\dhcpcsvc6.DLL
0x00007ffe9bbe0000 - 0x00007ffe9bbfe000 	C:\WINDOWS\SYSTEM32\dhcpcsvc.DLL
0x00007ffea0970000 - 0x00007ffea0a58000 	C:\WINDOWS\SYSTEM32\DNSAPI.dll
0x00007ffe839e0000 - 0x00007ffe839ee000 	C:\Program Files\Eclipse Adoptium\jdk-17.0.3.7-hotspot\bin\sunmscapi.dll
0x00007ffea2530000 - 0x00007ffea2692000 	C:\WINDOWS\System32\CRYPT32.dll
0x00007ffea16c0000 - 0x00007ffea16e8000 	C:\WINDOWS\SYSTEM32\ncrypt.dll
0x00007ffea1680000 - 0x00007ffea16b7000 	C:\WINDOWS\SYSTEM32\NTASN1.dll
0x00007ffe839d0000 - 0x00007ffe839d8000 	C:\WINDOWS\system32\wshunix.dll

dbghelp: loaded successfully - version: 4.0.5 - missing functions: none
symbol engine: initialized successfully - sym options: 0x614 - pdb path: .;C:\Program Files\Eclipse Adoptium\jdk-17.0.3.7-hotspot\bin;C:\WINDOWS\SYSTEM32;C:\WINDOWS\WinSxS\amd64_microsoft.windows.common-controls_6595b64144ccf1df_6.0.22000.120_none_9d947278b86cc467;C:\Program Files\Eclipse Adoptium\jdk-17.0.3.7-hotspot\bin\server;C:\Users\Hp\.gradle\native\e1d6ef7f7dcc3fd88c89a11ec53ec762bb8ba0a96d01ffa2cd45eb1d1d8dd5c5\windows-amd64;C:\Users\Hp\.gradle\native\0d407fdbe67a94daf76414ababcb853783967236a71b16ec16e742cd7a986fd3\windows-amd64

VM Arguments:
jvm_args: --add-opens=java.base/java.util=ALL-UNNAMED --add-opens=java.base/java.lang=ALL-UNNAMED --add-opens=java.base/java.lang.invoke=ALL-UNNAMED --add-opens=java.base/java.util=ALL-UNNAMED --add-opens=java.prefs/java.util.prefs=ALL-UNNAMED --add-opens=java.prefs/java.util.prefs=ALL-UNNAMED --add-opens=java.base/java.nio.charset=ALL-UNNAMED --add-opens=java.base/java.net=ALL-UNNAMED --add-opens=java.base/java.util.concurrent.atomic=ALL-UNNAMED -Xmx2048m -Dfile.encoding=UTF-8 -Duser.country=US -Duser.language=en -Duser.variant 
java_command: org.gradle.launcher.daemon.bootstrap.GradleDaemon 7.4
java_class_path (initial): C:\Users\Hp\.gradle\wrapper\dists\gradle-7.4-bin\c0gwcg53nkjbqw7r0h0umtfvt\gradle-7.4\lib\gradle-launcher-7.4.jar
Launcher Type: SUN_STANDARD

[Global flags]
     intx CICompilerCount                          = 4                                         {product} {ergonomic}
     uint ConcGCThreads                            = 2                                         {product} {ergonomic}
     uint G1ConcRefinementThreads                  = 8                                         {product} {ergonomic}
   size_t G1HeapRegionSize                         = 1048576                                   {product} {ergonomic}
    uintx GCDrainStackTargetSize                   = 64                                        {product} {ergonomic}
   size_t InitialHeapSize                          = 266338304                                 {product} {ergonomic}
   size_t MarkStackSize                            = 4194304                                   {product} {ergonomic}
   size_t MaxHeapSize                              = 2147483648                                {product} {command line}
   size_t MaxNewSize                               = 1287651328                                {product} {ergonomic}
   size_t MinHeapDeltaBytes                        = 1048576                                   {product} {ergonomic}
   size_t MinHeapSize                              = 8388608                                   {product} {ergonomic}
    uintx NonNMethodCodeHeapSize                   = 5839372                                {pd product} {ergonomic}
    uintx NonProfiledCodeHeapSize                  = 122909434                              {pd product} {ergonomic}
    uintx ProfiledCodeHeapSize                     = 122909434                              {pd product} {ergonomic}
    uintx ReservedCodeCacheSize                    = 251658240                              {pd product} {ergonomic}
     bool SegmentedCodeCache                       = true                                      {product} {ergonomic}
   size_t SoftMaxHeapSize                          = 2147483648                             {manageable} {ergonomic}
     bool UseCompressedClassPointers               = true                           {product lp64_product} {ergonomic}
     bool UseCompressedOops                        = true                           {product lp64_product} {ergonomic}
     bool UseG1GC                                  = true                                      {product} {ergonomic}
     bool UseLargePagesIndividualAllocation        = false                                  {pd product} {ergonomic}

Logging:
Log output configuration:
 #0: stdout all=warning uptime,level,tags
 #1: stderr all=off uptime,level,tags

Environment Variables:
JAVA_HOME=C:\Program Files\Eclipse Adoptium\jdk-17.0.3.7-hotspot\
PATH=C:\Program Files (x86)\NVIDIA Corporation\PhysX\Common;C:\Program Files (x86)\VMware\VMware Workstation\bin\;C:\Program Files\Eclipse Adoptium\jdk-17.0.3.7-hotspot\bin;C:\Program Files\Common Files\Oracle\Java\javapath;C:\WINDOWS\system32;C:\WINDOWS;C:\WINDOWS\System32\Wbem;C:\WINDOWS\System32\WindowsPowerShell\v1.0\;C:\WINDOWS\System32\OpenSSH\;C:\Program Files\nodejs\;C:\ProgramData\chocolatey\bin;C:\Program Files\Git\cmd;C:\Program Files\Docker\Docker\resources\bin;C:\ProgramData\DockerDesktop\version-bin;C:\Program Files (x86)\BaseX\bin;C:\Users\Hp\AppData\Local\Programs\Python\Python310\Scripts\;C:\Users\Hp\AppData\Local\Programs\Python\Python310\;C:\Users\Hp\AppData\Local\Microsoft\WindowsApps;C:\Users\Hp\AppData\Roaming\npm;C:\Users\Hp\AppData\Local\Programs\Microsoft VS Code\bin;;C:\Program Files\JetBrains\CLion 2022.1.3\bin;;C:\Program Files\JetBrains\PyCharm Community Edition 2022.1.3\bin;;C:\Program Files\JetBrains\IntelliJ IDEA Community Edition 2022.2.2\bin;
USERNAME=Hp
OS=Windows_NT
PROCESSOR_IDENTIFIER=Intel64 Family 6 Model 142 Stepping 12, GenuineIntel



---------------  S Y S T E M  ---------------

OS:
 Windows 11 , 64 bit Build 22000 (10.0.22000.1219)
OS uptime: 0 days 4:08 hours
Hyper-V role detected

CPU: total 8 (initial active 8) (4 cores per cpu, 2 threads per core) family 6 model 142 stepping 12 microcode 0xf0, cx8, cmov, fxsr, ht, mmx, 3dnowpref, sse, sse2, sse3, ssse3, sse4.1, sse4.2, popcnt, lzcnt, tsc, tscinvbit, avx, avx2, aes, erms, clmul, bmi1, bmi2, adx, fma, vzeroupper, clflush, clflushopt, hv

Memory: 4k page, system-wide physical 16221M (1843M free)
TotalPageFile size 16221M (AvailPageFile size 2M)
current process WorkingSet (physical memory assigned to process): 399M, peak: 408M
current process commit charge ("private bytes"): 442M, peak: 457M

vm_info: OpenJDK 64-Bit Server VM (17.0.3+7) for windows-amd64 JRE (17.0.3+7), built on Apr 19 2022 16:55:35 by "" with MS VC++ 16.7 (VS2019)

END.
