#
# There is insufficient memory for the Java Runtime Environment to continue.
# Native memory allocation (mmap) failed to map 40894464 bytes for G1 virtual space
# Possible reasons:
#   The system is out of physical RAM or swap space
#   The process is running with CompressedOops enabled, and the Java Heap may be blocking the growth of the native heap
# Possible solutions:
#   Reduce memory load on the system
#   Increase physical memory or swap space
#   Check if swap backing store is full
#   Decrease Java heap size (-Xmx/-Xms)
#   Decrease number of Java threads
#   Decrease Java thread stack sizes (-Xss)
#   Set larger code cache with -XX:ReservedCodeCacheSize=
#   JVM is running with Unscaled Compressed Oops mode in which the Java heap is
#     placed in the first 4GB address space. The Java Heap base address is the
#     maximum limit for the native heap growth. Please use -XX:HeapBaseMinAddress
#     to set the Java Heap base and to place the Java Heap above 4GB virtual address.
# This output file may be truncated or incomplete.
#
#  Out of Memory Error (os_windows.cpp:3535), pid=20776, tid=13556
#
# JRE version: OpenJDK Runtime Environment Temurin-17.0.3+7 (17.0.3+7) (build 17.0.3+7)
# Java VM: OpenJDK 64-Bit Server VM Temurin-17.0.3+7 (17.0.3+7, mixed mode, sharing, tiered, compressed oops, compressed class ptrs, g1 gc, windows-amd64)
# No core dump will be written. Minidumps are not enabled by default on client versions of Windows
#

---------------  S U M M A R Y ------------

Command Line: --add-opens=java.base/java.util=ALL-UNNAMED --add-opens=java.base/java.lang=ALL-UNNAMED --add-opens=java.base/java.lang.invoke=ALL-UNNAMED --add-opens=java.base/java.util=ALL-UNNAMED --add-opens=java.prefs/java.util.prefs=ALL-UNNAMED --add-opens=java.prefs/java.util.prefs=ALL-UNNAMED --add-opens=java.base/java.nio.charset=ALL-UNNAMED --add-opens=java.base/java.net=ALL-UNNAMED --add-opens=java.base/java.util.concurrent.atomic=ALL-UNNAMED -Xmx2048m -Dfile.encoding=UTF-8 -Duser.country=US -Duser.language=en -Duser.variant org.gradle.launcher.daemon.bootstrap.GradleDaemon 7.4

Host: Intel(R) Core(TM) i7-10510U CPU @ 1.80GHz, 8 cores, 15G,  Windows 11 , 64 bit Build 22000 (10.0.22000.1219)
Time: Wed Nov 23 08:35:19 2022 South Africa Standard Time elapsed time: 19.520796 seconds (0d 0h 0m 19s)

---------------  T H R E A D  ---------------

Current thread (0x00000206151bac50):  VMThread "VM Thread" [stack: 0x0000003cd7400000,0x0000003cd7500000] [id=13556]

Stack: [0x0000003cd7400000,0x0000003cd7500000]
Native frames: (J=compiled Java code, j=interpreted, Vv=VM code, C=native code)
V  [jvm.dll+0x675efa]
V  [jvm.dll+0x830a24]
V  [jvm.dll+0x8321ce]
V  [jvm.dll+0x832833]
V  [jvm.dll+0x2454b5]
V  [jvm.dll+0x672de9]
V  [jvm.dll+0x667732]
V  [jvm.dll+0x3043ab]
V  [jvm.dll+0x30b8f6]
V  [jvm.dll+0x35b62e]
V  [jvm.dll+0x35b85f]
V  [jvm.dll+0x2db248]
V  [jvm.dll+0x2d94fc]
V  [jvm.dll+0x2d8acc]
V  [jvm.dll+0x31ca2b]
V  [jvm.dll+0x836cdb]
V  [jvm.dll+0x837a14]
V  [jvm.dll+0x837f2c]
V  [jvm.dll+0x838304]
V  [jvm.dll+0x8383d0]
V  [jvm.dll+0x7e0cfa]
V  [jvm.dll+0x674d85]
C  [ucrtbase.dll+0x26c0c]
C  [KERNEL32.DLL+0x15550]
C  [ntdll.dll+0x485b]

VM_Operation (0x0000003cd8df67f0): G1CollectForAllocation, mode: safepoint, requested by thread 0x0000020617d20eb0


---------------  P R O C E S S  ---------------

Threads class SMR info:
_java_thread_list=0x000002061d237c00, length=127, elements={
0x0000020676c12c40, 0x00000206151c02a0, 0x00000206151c0e50, 0x00000206151d8dc0,
0x00000206151d9680, 0x00000206151daf50, 0x00000206151db900, 0x00000206151dfae0,
0x00000206151e95a0, 0x00000206151f64b0, 0x0000020615d3bb90, 0x0000020615d44290,
0x00000206176a05d0, 0x00000206175abb00, 0x00000206171ff6d0, 0x0000020617609a90,
0x0000020617e37790, 0x0000020617ee6760, 0x0000020617d20eb0, 0x0000020617971be0,
0x0000020617972a50, 0x0000020617972580, 0x0000020617972f20, 0x0000020617974c00,
0x0000020617971240, 0x00000206179733f0, 0x0000020617973d90, 0x00000206179720b0,
0x0000020617974260, 0x00000206179738c0, 0x0000020617974730, 0x0000020619ac4f60,
0x0000020619ac7ab0, 0x0000020619ac5dd0, 0x0000020619acc2e0, 0x0000020619acb470,
0x0000020619acc7b0, 0x0000020619aca600, 0x0000020619ac8df0, 0x0000020619acaad0,
0x0000020619ac75e0, 0x0000020619ac8450, 0x0000020619ac7110, 0x0000020619ac9790,
0x0000020619ac9c60, 0x0000020619aca130, 0x0000020619ac5900, 0x0000020619acb940,
0x0000020619acbe10, 0x0000020619ac62a0, 0x0000020619ac6c40, 0x0000020619abaa90,
0x0000020619ab9280, 0x0000020619abc770, 0x0000020619ab6c00, 0x0000020619ab70d0,
0x0000020619ab6260, 0x0000020619ab58c0, 0x0000020619abb900, 0x0000020619abc2a0,
0x0000020619ab6730, 0x0000020619ab75a0, 0x0000020619aba0f0, 0x0000020619ab7a70,
0x0000020619ab8db0, 0x0000020619ab9c20, 0x0000020619ab7f40, 0x0000020619ab8410,
0x0000020619aba5c0, 0x0000020619ab88e0, 0x0000020619ab5d90, 0x0000020619ab4f20,
0x0000020619ab9750, 0x0000020619abaf60, 0x0000020619abb430, 0x0000020619ab53f0,
0x0000020619abbdd0, 0x0000020616d391e0, 0x0000020616d396b0, 0x0000020616d33670,
0x0000020616d35820, 0x0000020616d3a520, 0x0000020616d38370, 0x0000020616d3a9f0,
0x0000020616d39b80, 0x0000020616d37ea0, 0x0000020616d37500, 0x0000020616d3a050,
0x0000020616d33b40, 0x0000020616d361c0, 0x0000020616d34e80, 0x0000020616d38d10,
0x0000020616d3aec0, 0x0000020616d37030, 0x0000020616d35350, 0x0000020616d34010,
0x0000020616d344e0, 0x0000020616d35cf0, 0x0000020616d36690, 0x0000020616d36b60,
0x0000020616d349b0, 0x0000020616d379d0, 0x0000020616d38840, 0x000002061a3a52a0,
0x000002061a39f730, 0x000002061a3a18e0, 0x000002061a39f260, 0x000002061a3a3f60,
0x000002061a3a05a0, 0x000002061a3a5770, 0x000002061a3a0a70, 0x000002061a39e8c0,
0x000002061a3a4900, 0x000002061a3a1410, 0x000002061a3a3a90, 0x000002061a3a1db0,
0x000002061a3a2280, 0x000002061a3a0f40, 0x000002061a39e3f0, 0x000002061a3a00d0,
0x000002061a3a30f0, 0x000002061a3a2750, 0x000002061a39ed90, 0x000002061bdeaef0,
0x000002061a3a2c20, 0x000002061a3a5c40, 0x000002061bde8b80
}

Java Threads: ( => current thread )
  0x0000020676c12c40 JavaThread "main" [_thread_blocked, id=20716, stack(0x0000003cd6e00000,0x0000003cd6f00000)]
  0x00000206151c02a0 JavaThread "Reference Handler" daemon [_thread_blocked, id=6424, stack(0x0000003cd7500000,0x0000003cd7600000)]
  0x00000206151c0e50 JavaThread "Finalizer" daemon [_thread_blocked, id=10316, stack(0x0000003cd7600000,0x0000003cd7700000)]
  0x00000206151d8dc0 JavaThread "Signal Dispatcher" daemon [_thread_blocked, id=11196, stack(0x0000003cd7700000,0x0000003cd7800000)]
  0x00000206151d9680 JavaThread "Attach Listener" daemon [_thread_blocked, id=4252, stack(0x0000003cd7800000,0x0000003cd7900000)]
  0x00000206151daf50 JavaThread "Service Thread" daemon [_thread_blocked, id=20848, stack(0x0000003cd7900000,0x0000003cd7a00000)]
  0x00000206151db900 JavaThread "Monitor Deflation Thread" daemon [_thread_blocked, id=20840, stack(0x0000003cd7a00000,0x0000003cd7b00000)]
  0x00000206151dfae0 JavaThread "C2 CompilerThread0" daemon [_thread_blocked, id=20844, stack(0x0000003cd7b00000,0x0000003cd7c00000)]
  0x00000206151e95a0 JavaThread "C1 CompilerThread0" daemon [_thread_blocked, id=20836, stack(0x0000003cd7c00000,0x0000003cd7d00000)]
  0x00000206151f64b0 JavaThread "Sweeper thread" daemon [_thread_blocked, id=20876, stack(0x0000003cd7d00000,0x0000003cd7e00000)]
  0x0000020615d3bb90 JavaThread "Common-Cleaner" daemon [_thread_blocked, id=20872, stack(0x0000003cd7e00000,0x0000003cd7f00000)]
  0x0000020615d44290 JavaThread "Notification Thread" daemon [_thread_blocked, id=20868, stack(0x0000003cd7f00000,0x0000003cd8000000)]
  0x00000206176a05d0 JavaThread "Daemon health stats" [_thread_blocked, id=20916, stack(0x0000003cd8800000,0x0000003cd8900000)]
  0x00000206175abb00 JavaThread "Incoming local TCP Connector on port 50754" [_thread_in_native, id=20892, stack(0x0000003cd8700000,0x0000003cd8800000)]
  0x00000206171ff6d0 JavaThread "Daemon periodic checks" [_thread_blocked, id=1804, stack(0x0000003cd8900000,0x0000003cd8a00000)]
  0x0000020617609a90 JavaThread "Daemon" [_thread_blocked, id=16576, stack(0x0000003cd8a00000,0x0000003cd8b00000)]
  0x0000020617e37790 JavaThread "Handler for socket connection from /127.0.0.1:50754 to /127.0.0.1:50755" [_thread_in_native, id=15532, stack(0x0000003cd8b00000,0x0000003cd8c00000)]
  0x0000020617ee6760 JavaThread "Cancel handler" [_thread_blocked, id=12868, stack(0x0000003cd8c00000,0x0000003cd8d00000)]
  0x0000020617d20eb0 JavaThread "Daemon worker" [_thread_blocked, id=11992, stack(0x0000003cd8d00000,0x0000003cd8e00000)]
  0x0000020617971be0 JavaThread "Asynchronous log dispatcher for DefaultDaemonConnection: socket connection from /127.0.0.1:50754 to /127.0.0.1:50755" [_thread_blocked, id=7268, stack(0x0000003cd8e00000,0x0000003cd8f00000)]
  0x0000020617972a50 JavaThread "Stdin handler" [_thread_blocked, id=9500, stack(0x0000003cd8f00000,0x0000003cd9000000)]
  0x0000020617972580 JavaThread "Daemon client event forwarder" [_thread_blocked, id=3056, stack(0x0000003cd9000000,0x0000003cd9100000)]
  0x0000020617972f20 JavaThread "Cache worker for journal cache (C:\Users\Hp\.gradle\caches\journal-1)" [_thread_blocked, id=10704, stack(0x0000003cd8100000,0x0000003cd8200000)]
  0x0000020617974c00 JavaThread "File lock request listener" [_thread_in_native, id=8028, stack(0x0000003cd9100000,0x0000003cd9200000)]
  0x0000020617971240 JavaThread "Cache worker for file hash cache (C:\Users\Hp\.gradle\caches\7.4\fileHashes)" [_thread_blocked, id=20176, stack(0x0000003cd9200000,0x0000003cd9300000)]
  0x00000206179733f0 JavaThread "File watcher server" daemon [_thread_in_native, id=13024, stack(0x0000003cd9400000,0x0000003cd9500000)]
  0x0000020617973d90 JavaThread "File watcher consumer" daemon [_thread_blocked, id=5820, stack(0x0000003cd9500000,0x0000003cd9600000)]
  0x00000206179720b0 JavaThread "jar transforms" [_thread_blocked, id=15032, stack(0x0000003cd9600000,0x0000003cd9700000)]
  0x0000020617974260 JavaThread "jar transforms Thread 2" [_thread_blocked, id=10996, stack(0x0000003cd9700000,0x0000003cd9800000)]
  0x00000206179738c0 JavaThread "jar transforms Thread 3" [_thread_blocked, id=10052, stack(0x0000003cd9800000,0x0000003cd9900000)]
  0x0000020617974730 JavaThread "jar transforms Thread 4" [_thread_blocked, id=14204, stack(0x0000003cd9900000,0x0000003cd9a00000)]
  0x0000020619ac4f60 JavaThread "jar transforms Thread 5" [_thread_blocked, id=16036, stack(0x0000003cd9a00000,0x0000003cd9b00000)]
  0x0000020619ac7ab0 JavaThread "jar transforms Thread 6" [_thread_blocked, id=5716, stack(0x0000003cd9b00000,0x0000003cd9c00000)]
  0x0000020619ac5dd0 JavaThread "jar transforms Thread 7" [_thread_blocked, id=11160, stack(0x0000003cd9c00000,0x0000003cd9d00000)]
  0x0000020619acc2e0 JavaThread "jar transforms Thread 8" [_thread_blocked, id=11896, stack(0x0000003cd9d00000,0x0000003cd9e00000)]
  0x0000020619acb470 JavaThread "Cache worker for checksums cache (C:\Users\Hp\Desktop\Fall_2022\MAD\Coding\Project\.gradle\7.4\checksums)" [_thread_blocked, id=20980, stack(0x0000003cd9f00000,0x0000003cda000000)]
  0x0000020619acc7b0 JavaThread "Cache worker for cache directory md-rule (C:\Users\Hp\.gradle\caches\7.4\md-rule)" [_thread_blocked, id=20984, stack(0x0000003cda000000,0x0000003cda100000)]
  0x0000020619aca600 JavaThread "Cache worker for file hash cache (C:\Users\Hp\Desktop\Fall_2022\MAD\Coding\Project\.gradle\7.4\fileHashes)" [_thread_blocked, id=10508, stack(0x0000003cda400000,0x0000003cda500000)]
  0x0000020619ac8df0 JavaThread "Cache worker for cache directory md-supplier (C:\Users\Hp\.gradle\caches\7.4\md-supplier)" [_thread_blocked, id=20976, stack(0x0000003cda500000,0x0000003cda600000)]
  0x0000020619acaad0 JavaThread "Cache worker for execution history cache (C:\Users\Hp\.gradle\caches\7.4\executionHistory)" [_thread_blocked, id=11620, stack(0x0000003cda600000,0x0000003cda700000)]
  0x0000020619ac75e0 JavaThread "Cache worker for file content cache (C:\Users\Hp\.gradle\caches\7.4\fileContent)" [_thread_blocked, id=7088, stack(0x0000003cda700000,0x0000003cda800000)]
  0x0000020619ac8450 JavaThread "Cache worker for dependencies-accessors (C:\Users\Hp\Desktop\Fall_2022\MAD\Coding\Project\.gradle\7.4\dependencies-accessors)" [_thread_blocked, id=10252, stack(0x0000003cd9e00000,0x0000003cd9f00000)]
  0x0000020619ac7110 JavaThread "Cache worker for Build Output Cleanup Cache (C:\Users\Hp\Desktop\Fall_2022\MAD\Coding\Project\.gradle\buildOutputCleanup)" [_thread_blocked, id=20992, stack(0x0000003cda900000,0x0000003cdaa00000)]
  0x0000020619ac9790 JavaThread "Unconstrained build operations" [_thread_blocked, id=16340, stack(0x0000003cdaa00000,0x0000003cdab00000)]
  0x0000020619ac9c60 JavaThread "Unconstrained build operations Thread 2" [_thread_blocked, id=19416, stack(0x0000003cdab00000,0x0000003cdac00000)]
  0x0000020619aca130 JavaThread "Unconstrained build operations Thread 3" [_thread_blocked, id=12792, stack(0x0000003cdac00000,0x0000003cdad00000)]
  0x0000020619ac5900 JavaThread "Unconstrained build operations Thread 4" [_thread_blocked, id=19112, stack(0x0000003cdad00000,0x0000003cdae00000)]
  0x0000020619acb940 JavaThread "Unconstrained build operations Thread 5" [_thread_blocked, id=15916, stack(0x0000003cdae00000,0x0000003cdaf00000)]
  0x0000020619acbe10 JavaThread "Unconstrained build operations Thread 6" [_thread_blocked, id=18696, stack(0x0000003cdaf00000,0x0000003cdb000000)]
  0x0000020619ac62a0 JavaThread "Unconstrained build operations Thread 7" [_thread_blocked, id=15128, stack(0x0000003cdb000000,0x0000003cdb100000)]
  0x0000020619ac6c40 JavaThread "Unconstrained build operations Thread 8" [_thread_blocked, id=21004, stack(0x0000003cdb100000,0x0000003cdb200000)]
  0x0000020619abaa90 JavaThread "Unconstrained build operations Thread 9" [_thread_blocked, id=21012, stack(0x0000003cdb200000,0x0000003cdb300000)]
  0x0000020619ab9280 JavaThread "Unconstrained build operations Thread 10" [_thread_blocked, id=12992, stack(0x0000003cdb300000,0x0000003cdb400000)]
  0x0000020619abc770 JavaThread "Unconstrained build operations Thread 11" [_thread_blocked, id=21016, stack(0x0000003cdb400000,0x0000003cdb500000)]
  0x0000020619ab6c00 JavaThread "Unconstrained build operations Thread 12" [_thread_blocked, id=21020, stack(0x0000003cdb500000,0x0000003cdb600000)]
  0x0000020619ab70d0 JavaThread "Unconstrained build operations Thread 13" [_thread_blocked, id=21024, stack(0x0000003cdb600000,0x0000003cdb700000)]
  0x0000020619ab6260 JavaThread "Unconstrained build operations Thread 14" [_thread_blocked, id=21028, stack(0x0000003cdb700000,0x0000003cdb800000)]
  0x0000020619ab58c0 JavaThread "Unconstrained build operations Thread 15" [_thread_blocked, id=12400, stack(0x0000003cdb800000,0x0000003cdb900000)]
  0x0000020619abb900 JavaThread "Unconstrained build operations Thread 16" [_thread_blocked, id=11840, stack(0x0000003cdb900000,0x0000003cdba00000)]
  0x0000020619abc2a0 JavaThread "Unconstrained build operations Thread 17" [_thread_blocked, id=11024, stack(0x0000003cdba00000,0x0000003cdbb00000)]
  0x0000020619ab6730 JavaThread "Unconstrained build operations Thread 18" [_thread_blocked, id=4868, stack(0x0000003cdbb00000,0x0000003cdbc00000)]
  0x0000020619ab75a0 JavaThread "Unconstrained build operations Thread 19" [_thread_blocked, id=3348, stack(0x0000003cdbc00000,0x0000003cdbd00000)]
  0x0000020619aba0f0 JavaThread "Unconstrained build operations Thread 20" [_thread_blocked, id=1452, stack(0x0000003cdbd00000,0x0000003cdbe00000)]
  0x0000020619ab7a70 JavaThread "Unconstrained build operations Thread 21" [_thread_blocked, id=14888, stack(0x0000003cdbe00000,0x0000003cdbf00000)]
  0x0000020619ab8db0 JavaThread "Unconstrained build operations Thread 22" [_thread_blocked, id=21032, stack(0x0000003cdbf00000,0x0000003cdc000000)]
  0x0000020619ab9c20 JavaThread "Unconstrained build operations Thread 23" [_thread_blocked, id=19392, stack(0x0000003cdc000000,0x0000003cdc100000)]
  0x0000020619ab7f40 JavaThread "Unconstrained build operations Thread 24" [_thread_blocked, id=21064, stack(0x0000003cdc100000,0x0000003cdc200000)]
  0x0000020619ab8410 JavaThread "Unconstrained build operations Thread 25" [_thread_blocked, id=2452, stack(0x0000003cdc200000,0x0000003cdc300000)]
  0x0000020619aba5c0 JavaThread "Unconstrained build operations Thread 26" [_thread_blocked, id=4552, stack(0x0000003cdc300000,0x0000003cdc400000)]
  0x0000020619ab88e0 JavaThread "Unconstrained build operations Thread 27" [_thread_blocked, id=20884, stack(0x0000003cdc400000,0x0000003cdc500000)]
  0x0000020619ab5d90 JavaThread "Unconstrained build operations Thread 28" [_thread_blocked, id=12944, stack(0x0000003cdc500000,0x0000003cdc600000)]
  0x0000020619ab4f20 JavaThread "Unconstrained build operations Thread 29" [_thread_blocked, id=14876, stack(0x0000003cdc600000,0x0000003cdc700000)]
  0x0000020619ab9750 JavaThread "Unconstrained build operations Thread 30" [_thread_blocked, id=2288, stack(0x0000003cdc700000,0x0000003cdc800000)]
  0x0000020619abaf60 JavaThread "Unconstrained build operations Thread 31" [_thread_blocked, id=4684, stack(0x0000003cdc800000,0x0000003cdc900000)]
  0x0000020619abb430 JavaThread "Unconstrained build operations Thread 32" [_thread_blocked, id=9104, stack(0x0000003cdc900000,0x0000003cdca00000)]
  0x0000020619ab53f0 JavaThread "Unconstrained build operations Thread 33" [_thread_blocked, id=21056, stack(0x0000003cdca00000,0x0000003cdcb00000)]
  0x0000020619abbdd0 JavaThread "Unconstrained build operations Thread 34" [_thread_blocked, id=21072, stack(0x0000003cdcb00000,0x0000003cdcc00000)]
  0x0000020616d391e0 JavaThread "Unconstrained build operations Thread 35" [_thread_blocked, id=21088, stack(0x0000003cdcc00000,0x0000003cdcd00000)]
  0x0000020616d396b0 JavaThread "Unconstrained build operations Thread 36" [_thread_blocked, id=21092, stack(0x0000003cdcd00000,0x0000003cdce00000)]
  0x0000020616d33670 JavaThread "Unconstrained build operations Thread 37" [_thread_blocked, id=10296, stack(0x0000003cdce00000,0x0000003cdcf00000)]
  0x0000020616d35820 JavaThread "Unconstrained build operations Thread 38" [_thread_blocked, id=9596, stack(0x0000003cdcf00000,0x0000003cdd000000)]
  0x0000020616d3a520 JavaThread "Unconstrained build operations Thread 39" [_thread_blocked, id=13164, stack(0x0000003cdd000000,0x0000003cdd100000)]
  0x0000020616d38370 JavaThread "Unconstrained build operations Thread 40" [_thread_blocked, id=15064, stack(0x0000003cdd100000,0x0000003cdd200000)]
  0x0000020616d3a9f0 JavaThread "Unconstrained build operations Thread 41" [_thread_blocked, id=2432, stack(0x0000003cdd200000,0x0000003cdd300000)]
  0x0000020616d39b80 JavaThread "Unconstrained build operations Thread 42" [_thread_blocked, id=9408, stack(0x0000003cdd300000,0x0000003cdd400000)]
  0x0000020616d37ea0 JavaThread "Unconstrained build operations Thread 43" [_thread_blocked, id=7876, stack(0x0000003cdd400000,0x0000003cdd500000)]
  0x0000020616d37500 JavaThread "Unconstrained build operations Thread 44" [_thread_blocked, id=3824, stack(0x0000003cdd500000,0x0000003cdd600000)]
  0x0000020616d3a050 JavaThread "Unconstrained build operations Thread 45" [_thread_blocked, id=1020, stack(0x0000003cdd600000,0x0000003cdd700000)]
  0x0000020616d33b40 JavaThread "Unconstrained build operations Thread 46" [_thread_blocked, id=8104, stack(0x0000003cdd700000,0x0000003cdd800000)]
  0x0000020616d361c0 JavaThread "Unconstrained build operations Thread 47" [_thread_blocked, id=13104, stack(0x0000003cdd800000,0x0000003cdd900000)]
  0x0000020616d34e80 JavaThread "Unconstrained build operations Thread 48" [_thread_blocked, id=13748, stack(0x0000003cdd900000,0x0000003cdda00000)]
  0x0000020616d38d10 JavaThread "Unconstrained build operations Thread 49" [_thread_blocked, id=21112, stack(0x0000003cdda00000,0x0000003cddb00000)]
  0x0000020616d3aec0 JavaThread "Unconstrained build operations Thread 50" [_thread_blocked, id=21108, stack(0x0000003cddb00000,0x0000003cddc00000)]
  0x0000020616d37030 JavaThread "Unconstrained build operations Thread 51" [_thread_blocked, id=21104, stack(0x0000003cddc00000,0x0000003cddd00000)]
  0x0000020616d35350 JavaThread "Unconstrained build operations Thread 52" [_thread_blocked, id=21120, stack(0x0000003cddd00000,0x0000003cdde00000)]
  0x0000020616d34010 JavaThread "Unconstrained build operations Thread 53" [_thread_blocked, id=21116, stack(0x0000003cdde00000,0x0000003cddf00000)]
  0x0000020616d344e0 JavaThread "Unconstrained build operations Thread 54" [_thread_blocked, id=21100, stack(0x0000003cddf00000,0x0000003cde000000)]
  0x0000020616d35cf0 JavaThread "Unconstrained build operations Thread 55" [_thread_blocked, id=18088, stack(0x0000003cde000000,0x0000003cde100000)]
  0x0000020616d36690 JavaThread "Unconstrained build operations Thread 56" [_thread_blocked, id=21080, stack(0x0000003cde100000,0x0000003cde200000)]
  0x0000020616d36b60 JavaThread "Unconstrained build operations Thread 57" [_thread_blocked, id=21180, stack(0x0000003cde200000,0x0000003cde300000)]
  0x0000020616d349b0 JavaThread "Unconstrained build operations Thread 58" [_thread_blocked, id=21192, stack(0x0000003cde300000,0x0000003cde400000)]
  0x0000020616d379d0 JavaThread "Unconstrained build operations Thread 59" [_thread_blocked, id=21212, stack(0x0000003cde400000,0x0000003cde500000)]
  0x0000020616d38840 JavaThread "Unconstrained build operations Thread 60" [_thread_blocked, id=21208, stack(0x0000003cde500000,0x0000003cde600000)]
  0x000002061a3a52a0 JavaThread "Unconstrained build operations Thread 61" [_thread_blocked, id=21160, stack(0x0000003cde600000,0x0000003cde700000)]
  0x000002061a39f730 JavaThread "Unconstrained build operations Thread 62" [_thread_blocked, id=21228, stack(0x0000003cde700000,0x0000003cde800000)]
  0x000002061a3a18e0 JavaThread "Unconstrained build operations Thread 63" [_thread_blocked, id=21164, stack(0x0000003cde800000,0x0000003cde900000)]
  0x000002061a39f260 JavaThread "Unconstrained build operations Thread 64" [_thread_blocked, id=21248, stack(0x0000003cde900000,0x0000003cdea00000)]
  0x000002061a3a3f60 JavaThread "Unconstrained build operations Thread 65" [_thread_blocked, id=8960, stack(0x0000003cdea00000,0x0000003cdeb00000)]
  0x000002061a3a05a0 JavaThread "Unconstrained build operations Thread 66" [_thread_blocked, id=21168, stack(0x0000003cdeb00000,0x0000003cdec00000)]
  0x000002061a3a5770 JavaThread "Unconstrained build operations Thread 67" [_thread_blocked, id=21264, stack(0x0000003cdec00000,0x0000003cded00000)]
  0x000002061a3a0a70 JavaThread "Unconstrained build operations Thread 68" [_thread_blocked, id=21240, stack(0x0000003cded00000,0x0000003cdee00000)]
  0x000002061a39e8c0 JavaThread "Unconstrained build operations Thread 69" [_thread_blocked, id=21284, stack(0x0000003cdee00000,0x0000003cdef00000)]
  0x000002061a3a4900 JavaThread "Unconstrained build operations Thread 70" [_thread_blocked, id=5780, stack(0x0000003cdef00000,0x0000003cdf000000)]
  0x000002061a3a1410 JavaThread "Unconstrained build operations Thread 71" [_thread_blocked, id=3868, stack(0x0000003cdf000000,0x0000003cdf100000)]
  0x000002061a3a3a90 JavaThread "Unconstrained build operations Thread 72" [_thread_blocked, id=21300, stack(0x0000003cdf100000,0x0000003cdf200000)]
  0x000002061a3a1db0 JavaThread "Unconstrained build operations Thread 73" [_thread_blocked, id=21216, stack(0x0000003cdf200000,0x0000003cdf300000)]
  0x000002061a3a2280 JavaThread "Unconstrained build operations Thread 74" [_thread_blocked, id=21312, stack(0x0000003cdf300000,0x0000003cdf400000)]
  0x000002061a3a0f40 JavaThread "Unconstrained build operations Thread 75" [_thread_blocked, id=21252, stack(0x0000003cdf400000,0x0000003cdf500000)]
  0x000002061a39e3f0 JavaThread "Unconstrained build operations Thread 76" [_thread_blocked, id=21320, stack(0x0000003cdf500000,0x0000003cdf600000)]
  0x000002061a3a00d0 JavaThread "Unconstrained build operations Thread 77" [_thread_blocked, id=21196, stack(0x0000003cdf600000,0x0000003cdf700000)]
  0x000002061a3a30f0 JavaThread "Unconstrained build operations Thread 78" [_thread_blocked, id=21324, stack(0x0000003cdf700000,0x0000003cdf800000)]
  0x000002061a3a2750 JavaThread "Unconstrained build operations Thread 79" [_thread_blocked, id=21256, stack(0x0000003cdf800000,0x0000003cdf900000)]
  0x000002061a39ed90 JavaThread "Unconstrained build operations Thread 80" [_thread_blocked, id=21336, stack(0x0000003cdf900000,0x0000003cdfa00000)]
  0x000002061bdeaef0 JavaThread "C2 CompilerThread1" daemon [_thread_blocked, id=21344, stack(0x0000003cd9300000,0x0000003cd9400000)]
  0x000002061a3a2c20 JavaThread "Memory manager" [_thread_blocked, id=16928, stack(0x0000003cdfb00000,0x0000003cdfc00000)]
  0x000002061a3a5c40 JavaThread "build event listener" [_thread_blocked, id=20380, stack(0x0000003cdfc00000,0x0000003cdfd00000)]
  0x000002061bde8b80 JavaThread "C2 CompilerThread2" daemon [_thread_blocked, id=18600, stack(0x0000003cdfa00000,0x0000003cdfb00000)]

Other Threads:
=>0x00000206151bac50 VMThread "VM Thread" [stack: 0x0000003cd7400000,0x0000003cd7500000] [id=13556]
  0x0000020676c9cbe0 WatcherThread [stack: 0x0000003cd8000000,0x0000003cd8100000] [id=20852]
  0x0000020676c70a00 GCTaskThread "GC Thread#0" [stack: 0x0000003cd6f00000,0x0000003cd7000000] [id=13996]
  0x00000206165347c0 GCTaskThread "GC Thread#1" [stack: 0x0000003cd8200000,0x0000003cd8300000] [id=12752]
  0x00000206169863b0 GCTaskThread "GC Thread#2" [stack: 0x0000003cd8300000,0x0000003cd8400000] [id=4132]
  0x000002061675e030 GCTaskThread "GC Thread#3" [stack: 0x0000003cd8400000,0x0000003cd8500000] [id=1124]
  0x000002061675ef00 GCTaskThread "GC Thread#4" [stack: 0x0000003cd8500000,0x0000003cd8600000] [id=14708]
  0x0000020616879830 GCTaskThread "GC Thread#5" [stack: 0x0000003cd8600000,0x0000003cd8700000] [id=16244]
  0x000002061a1fbc30 GCTaskThread "GC Thread#6" [stack: 0x0000003cda100000,0x0000003cda200000] [id=16600]
  0x000002061b80c540 GCTaskThread "GC Thread#7" [stack: 0x0000003cda200000,0x0000003cda300000] [id=15296]
  0x0000020676c81aa0 ConcurrentGCThread "G1 Main Marker" [stack: 0x0000003cd7000000,0x0000003cd7100000] [id=20816]
  0x0000020676c83c60 ConcurrentGCThread "G1 Conc#0" [stack: 0x0000003cd7100000,0x0000003cd7200000] [id=14004]
  0x000002061b4f9270 ConcurrentGCThread "G1 Conc#1" [stack: 0x0000003cda300000,0x0000003cda400000] [id=4028]
  0x0000020676ced920 ConcurrentGCThread "G1 Refine#0" [stack: 0x0000003cd7200000,0x0000003cd7300000] [id=18384]
  0x0000020619aaf0e0 ConcurrentGCThread "G1 Refine#1" [stack: 0x0000003cda800000,0x0000003cda900000] [id=9772]
  0x0000020676cee1e0 ConcurrentGCThread "G1 Service" [stack: 0x0000003cd7300000,0x0000003cd7400000] [id=4052]

Threads with active compile tasks:
C2 CompilerThread0    19548 9012       4       java.lang.Class::getMethod (59 bytes)
C2 CompilerThread1    19548 9005       4       java.beans.MethodRef::set (58 bytes)
C2 CompilerThread2    19548 9063       4       java.util.TimSort::binarySort (223 bytes)

VM state: at safepoint (normal execution)

VM Mutex/Monitor currently owned by a thread:  ([mutex/lock_event])
[0x0000020676c0f260] Threads_lock - owner thread: 0x00000206151bac50
[0x0000020676c0de20] Heap_lock - owner thread: 0x0000020617d20eb0

Heap address: 0x0000000080000000, size: 2048 MB, Compressed Oops mode: 32-bit

CDS archive(s) mapped at: [0x0000000800000000-0x0000000800bc0000-0x0000000800bc0000), size 12320768, SharedBaseAddress: 0x0000000800000000, ArchiveRelocationMode: 0.
Compressed class space mapped at: 0x0000000800c00000-0x0000000840c00000, reserved size: 1073741824
Narrow klass base: 0x0000000800000000, Narrow klass shift: 0, Narrow klass range: 0x100000000

GC Precious Log:
 CPUs: 8 total, 8 available
 Memory: 16221M
 Large Page Support: Disabled
 NUMA Support: Disabled
 Compressed Oops: Enabled (32-bit)
 Heap Region Size: 1M
 Heap Min Capacity: 8M
 Heap Initial Capacity: 254M
 Heap Max Capacity: 2G
 Pre-touch: Disabled
 Parallel Workers: 8
 Concurrent Workers: 2
 Concurrent Refinement Workers: 8
 Periodic GC: Disabled

Heap:
 garbage-first heap   total 198656K, used 118501K [0x0000000080000000, 0x0000000100000000)
  region size 1024K, 6 young (6144K), 6 survivors (6144K)
 Metaspace       used 71154K, committed 71808K, reserved 1114112K
  class space    used 9754K, committed 10048K, reserved 1048576K

Heap Regions: E=young(eden), S=young(survivor), O=old, HS=humongous(starts), HC=humongous(continues), CS=collection set, F=free, OA=open archive, CA=closed archive, TAMS=top-at-mark-start (previous, next)
|   0|0x0000000080000000, 0x0000000080100000, 0x0000000080100000|100%|HS|  |TAMS 0x0000000080100000, 0x0000000080100000| Complete 
|   1|0x0000000080100000, 0x0000000080200000, 0x0000000080200000|100%| O|  |TAMS 0x0000000080200000, 0x0000000080200000| Untracked 
|   2|0x0000000080200000, 0x0000000080300000, 0x0000000080300000|100%| O|  |TAMS 0x0000000080300000, 0x0000000080300000| Untracked 
|   3|0x0000000080300000, 0x0000000080400000, 0x0000000080400000|100%|HS|  |TAMS 0x0000000080400000, 0x0000000080400000| Complete 
|   4|0x0000000080400000, 0x0000000080500000, 0x0000000080500000|100%|HC|  |TAMS 0x0000000080500000, 0x0000000080500000| Complete 
|   5|0x0000000080500000, 0x0000000080600000, 0x0000000080600000|100%|HC|  |TAMS 0x0000000080600000, 0x0000000080600000| Complete 
|   6|0x0000000080600000, 0x0000000080700000, 0x0000000080700000|100%| O|  |TAMS 0x0000000080700000, 0x0000000080700000| Untracked 
|   7|0x0000000080700000, 0x0000000080800000, 0x0000000080800000|100%| O|  |TAMS 0x0000000080800000, 0x0000000080800000| Untracked 
|   8|0x0000000080800000, 0x0000000080900000, 0x0000000080900000|100%| O|  |TAMS 0x0000000080900000, 0x0000000080900000| Untracked 
|   9|0x0000000080900000, 0x0000000080a00000, 0x0000000080a00000|100%| O|  |TAMS 0x0000000080a00000, 0x0000000080a00000| Untracked 
|  10|0x0000000080a00000, 0x0000000080b00000, 0x0000000080b00000|100%| O|  |TAMS 0x0000000080a00000, 0x0000000080b00000| Untracked 
|  11|0x0000000080b00000, 0x0000000080c00000, 0x0000000080c00000|100%|HS|  |TAMS 0x0000000080c00000, 0x0000000080c00000| Complete 
|  12|0x0000000080c00000, 0x0000000080d00000, 0x0000000080d00000|100%|HC|  |TAMS 0x0000000080d00000, 0x0000000080d00000| Complete 
|  13|0x0000000080d00000, 0x0000000080e00000, 0x0000000080e00000|100%|HS|  |TAMS 0x0000000080e00000, 0x0000000080e00000| Complete 
|  14|0x0000000080e00000, 0x0000000080f00000, 0x0000000080f00000|100%|HC|  |TAMS 0x0000000080f00000, 0x0000000080f00000| Complete 
|  15|0x0000000080f00000, 0x0000000081000000, 0x0000000081000000|100%|HC|  |TAMS 0x0000000081000000, 0x0000000081000000| Complete 
|  16|0x0000000081000000, 0x0000000081100000, 0x0000000081100000|100%|HS|  |TAMS 0x0000000081100000, 0x0000000081100000| Complete 
|  17|0x0000000081100000, 0x0000000081200000, 0x0000000081200000|100%|HC|  |TAMS 0x0000000081200000, 0x0000000081200000| Complete 
|  18|0x0000000081200000, 0x0000000081300000, 0x0000000081300000|100%|HC|  |TAMS 0x0000000081300000, 0x0000000081300000| Complete 
|  19|0x0000000081300000, 0x0000000081400000, 0x0000000081400000|100%|HS|  |TAMS 0x0000000081400000, 0x0000000081400000| Complete 
|  20|0x0000000081400000, 0x0000000081500000, 0x0000000081500000|100%|HC|  |TAMS 0x0000000081500000, 0x0000000081500000| Complete 
|  21|0x0000000081500000, 0x0000000081600000, 0x0000000081600000|100%|HC|  |TAMS 0x0000000081600000, 0x0000000081600000| Complete 
|  22|0x0000000081600000, 0x0000000081700000, 0x0000000081700000|100%|HC|  |TAMS 0x0000000081700000, 0x0000000081700000| Complete 
|  23|0x0000000081700000, 0x0000000081800000, 0x0000000081800000|100%|HC|  |TAMS 0x0000000081800000, 0x0000000081800000| Complete 
|  24|0x0000000081800000, 0x0000000081900000, 0x0000000081900000|100%|HS|  |TAMS 0x0000000081900000, 0x0000000081900000| Complete 
|  25|0x0000000081900000, 0x0000000081a00000, 0x0000000081a00000|100%|HC|  |TAMS 0x0000000081a00000, 0x0000000081a00000| Complete 
|  26|0x0000000081a00000, 0x0000000081b00000, 0x0000000081b00000|100%|HC|  |TAMS 0x0000000081b00000, 0x0000000081b00000| Complete 
|  27|0x0000000081b00000, 0x0000000081c00000, 0x0000000081c00000|100%|HC|  |TAMS 0x0000000081c00000, 0x0000000081c00000| Complete 
|  28|0x0000000081c00000, 0x0000000081d00000, 0x0000000081d00000|100%|HS|  |TAMS 0x0000000081d00000, 0x0000000081d00000| Complete 
|  29|0x0000000081d00000, 0x0000000081e00000, 0x0000000081e00000|100%|HC|  |TAMS 0x0000000081e00000, 0x0000000081e00000| Complete 
|  30|0x0000000081e00000, 0x0000000081f00000, 0x0000000081f00000|100%|HC|  |TAMS 0x0000000081f00000, 0x0000000081f00000| Complete 
|  31|0x0000000081f00000, 0x0000000082000000, 0x0000000082000000|100%| O|  |TAMS 0x0000000082000000, 0x0000000082000000| Untracked 
|  32|0x0000000082000000, 0x0000000082100000, 0x0000000082100000|100%| O|  |TAMS 0x0000000082100000, 0x0000000082100000| Untracked 
|  33|0x0000000082100000, 0x0000000082200000, 0x0000000082200000|100%| O|  |TAMS 0x0000000082200000, 0x0000000082200000| Untracked 
|  34|0x0000000082200000, 0x0000000082300000, 0x0000000082300000|100%| O|  |TAMS 0x0000000082300000, 0x0000000082300000| Untracked 
|  35|0x0000000082300000, 0x0000000082400000, 0x0000000082400000|100%| O|  |TAMS 0x0000000082400000, 0x0000000082400000| Untracked 
|  36|0x0000000082400000, 0x0000000082500000, 0x0000000082500000|100%| O|  |TAMS 0x0000000082500000, 0x0000000082500000| Untracked 
|  37|0x0000000082500000, 0x0000000082600000, 0x0000000082600000|100%| O|  |TAMS 0x0000000082600000, 0x0000000082600000| Untracked 
|  38|0x0000000082600000, 0x0000000082700000, 0x0000000082700000|100%| O|  |TAMS 0x0000000082700000, 0x0000000082700000| Untracked 
|  39|0x0000000082700000, 0x0000000082800000, 0x0000000082800000|100%| O|  |TAMS 0x0000000082800000, 0x0000000082800000| Untracked 
|  40|0x0000000082800000, 0x0000000082900000, 0x0000000082900000|100%| O|  |TAMS 0x0000000082900000, 0x0000000082900000| Untracked 
|  41|0x0000000082900000, 0x0000000082a00000, 0x0000000082a00000|100%| O|  |TAMS 0x0000000082a00000, 0x0000000082a00000| Untracked 
|  42|0x0000000082a00000, 0x0000000082b00000, 0x0000000082b00000|100%| O|  |TAMS 0x0000000082b00000, 0x0000000082b00000| Untracked 
|  43|0x0000000082b00000, 0x0000000082c00000, 0x0000000082c00000|100%| O|  |TAMS 0x0000000082c00000, 0x0000000082c00000| Untracked 
|  44|0x0000000082c00000, 0x0000000082d00000, 0x0000000082d00000|100%| O|  |TAMS 0x0000000082d00000, 0x0000000082d00000| Untracked 
|  45|0x0000000082d00000, 0x0000000082e00000, 0x0000000082e00000|100%| O|  |TAMS 0x0000000082e00000, 0x0000000082e00000| Untracked 
|  46|0x0000000082e00000, 0x0000000082f00000, 0x0000000082f00000|100%| O|  |TAMS 0x0000000082f00000, 0x0000000082f00000| Untracked 
|  47|0x0000000082f00000, 0x0000000083000000, 0x0000000083000000|100%|HS|  |TAMS 0x0000000083000000, 0x0000000083000000| Complete 
|  48|0x0000000083000000, 0x0000000083100000, 0x0000000083100000|100%|HC|  |TAMS 0x0000000083100000, 0x0000000083100000| Complete 
|  49|0x0000000083100000, 0x0000000083200000, 0x0000000083200000|100%|HC|  |TAMS 0x0000000083200000, 0x0000000083200000| Complete 
|  50|0x0000000083200000, 0x0000000083300000, 0x0000000083300000|100%|HC|  |TAMS 0x0000000083300000, 0x0000000083300000| Complete 
|  51|0x0000000083300000, 0x0000000083400000, 0x0000000083400000|100%| O|  |TAMS 0x0000000083400000, 0x0000000083400000| Untracked 
|  52|0x0000000083400000, 0x0000000083500000, 0x0000000083500000|100%| O|  |TAMS 0x0000000083500000, 0x0000000083500000| Untracked 
|  53|0x0000000083500000, 0x0000000083600000, 0x0000000083600000|100%| O|  |TAMS 0x0000000083600000, 0x0000000083600000| Untracked 
|  54|0x0000000083600000, 0x0000000083700000, 0x0000000083700000|100%| O|  |TAMS 0x0000000083700000, 0x0000000083700000| Untracked 
|  55|0x0000000083700000, 0x0000000083800000, 0x0000000083800000|100%| O|  |TAMS 0x0000000083800000, 0x0000000083800000| Untracked 
|  56|0x0000000083800000, 0x0000000083900000, 0x0000000083900000|100%| O|  |TAMS 0x0000000083900000, 0x0000000083900000| Untracked 
|  57|0x0000000083900000, 0x0000000083a00000, 0x0000000083a00000|100%| O|  |TAMS 0x0000000083a00000, 0x0000000083a00000| Untracked 
|  58|0x0000000083a00000, 0x0000000083b00000, 0x0000000083b00000|100%| O|  |TAMS 0x0000000083b00000, 0x0000000083b00000| Untracked 
|  59|0x0000000083b00000, 0x0000000083c00000, 0x0000000083c00000|100%| O|  |TAMS 0x0000000083c00000, 0x0000000083c00000| Untracked 
|  60|0x0000000083c00000, 0x0000000083d00000, 0x0000000083d00000|100%|HS|  |TAMS 0x0000000083d00000, 0x0000000083d00000| Complete 
|  61|0x0000000083d00000, 0x0000000083e00000, 0x0000000083e00000|100%|HC|  |TAMS 0x0000000083e00000, 0x0000000083e00000| Complete 
|  62|0x0000000083e00000, 0x0000000083f00000, 0x0000000083f00000|100%|HS|  |TAMS 0x0000000083f00000, 0x0000000083f00000| Complete 
|  63|0x0000000083f00000, 0x0000000084000000, 0x0000000084000000|100%|HC|  |TAMS 0x0000000084000000, 0x0000000084000000| Complete 
|  64|0x0000000084000000, 0x0000000084100000, 0x0000000084100000|100%|HC|  |TAMS 0x0000000084100000, 0x0000000084100000| Complete 
|  65|0x0000000084100000, 0x0000000084200000, 0x0000000084200000|100%| O|  |TAMS 0x0000000084200000, 0x0000000084200000| Untracked 
|  66|0x0000000084200000, 0x0000000084300000, 0x0000000084300000|100%| O|  |TAMS 0x0000000084300000, 0x0000000084300000| Untracked 
|  67|0x0000000084300000, 0x0000000084400000, 0x0000000084400000|100%| O|  |TAMS 0x0000000084400000, 0x0000000084400000| Untracked 
|  68|0x0000000084400000, 0x0000000084500000, 0x0000000084500000|100%| O|  |TAMS 0x0000000084500000, 0x0000000084500000| Untracked 
|  69|0x0000000084500000, 0x0000000084600000, 0x0000000084600000|100%| O|  |TAMS 0x0000000084600000, 0x0000000084600000| Untracked 
|  70|0x0000000084600000, 0x0000000084700000, 0x0000000084700000|100%| O|  |TAMS 0x0000000084700000, 0x0000000084700000| Untracked 
|  71|0x0000000084700000, 0x0000000084800000, 0x0000000084800000|100%| O|  |TAMS 0x0000000084800000, 0x0000000084800000| Untracked 
|  72|0x0000000084800000, 0x0000000084900000, 0x0000000084900000|100%|HS|  |TAMS 0x0000000084900000, 0x0000000084900000| Complete 
|  73|0x0000000084900000, 0x0000000084a00000, 0x0000000084a00000|100%|HC|  |TAMS 0x0000000084a00000, 0x0000000084a00000| Complete 
|  74|0x0000000084a00000, 0x0000000084b00000, 0x0000000084b00000|100%|HC|  |TAMS 0x0000000084b00000, 0x0000000084b00000| Complete 
|  75|0x0000000084b00000, 0x0000000084c00000, 0x0000000084c00000|100%|HC|  |TAMS 0x0000000084c00000, 0x0000000084c00000| Complete 
|  76|0x0000000084c00000, 0x0000000084d00000, 0x0000000084d00000|100%|HC|  |TAMS 0x0000000084d00000, 0x0000000084d00000| Complete 
|  77|0x0000000084d00000, 0x0000000084e00000, 0x0000000084e00000|100%| O|  |TAMS 0x0000000084e00000, 0x0000000084e00000| Untracked 
|  78|0x0000000084e00000, 0x0000000084f00000, 0x0000000084f00000|100%| O|  |TAMS 0x0000000084f00000, 0x0000000084f00000| Untracked 
|  79|0x0000000084f00000, 0x0000000085000000, 0x0000000085000000|100%| O|  |TAMS 0x0000000085000000, 0x0000000085000000| Untracked 
|  80|0x0000000085000000, 0x0000000085100000, 0x0000000085100000|100%|HS|  |TAMS 0x0000000085100000, 0x0000000085100000| Complete 
|  81|0x0000000085100000, 0x0000000085200000, 0x0000000085200000|100%|HS|  |TAMS 0x0000000085200000, 0x0000000085200000| Complete 
|  82|0x0000000085200000, 0x0000000085300000, 0x0000000085300000|100%|HS|  |TAMS 0x0000000085300000, 0x0000000085300000| Complete 
|  83|0x0000000085300000, 0x0000000085400000, 0x0000000085400000|100%| O|  |TAMS 0x0000000085400000, 0x0000000085400000| Untracked 
|  84|0x0000000085400000, 0x0000000085500000, 0x0000000085500000|100%| O|  |TAMS 0x0000000085500000, 0x0000000085500000| Untracked 
|  85|0x0000000085500000, 0x0000000085600000, 0x0000000085600000|100%|HS|  |TAMS 0x0000000085600000, 0x0000000085600000| Complete 
|  86|0x0000000085600000, 0x0000000085700000, 0x0000000085700000|100%|HC|  |TAMS 0x0000000085700000, 0x0000000085700000| Complete 
|  87|0x0000000085700000, 0x0000000085800000, 0x0000000085800000|100%|HC|  |TAMS 0x0000000085800000, 0x0000000085800000| Complete 
|  88|0x0000000085800000, 0x0000000085900000, 0x0000000085900000|100%| O|  |TAMS 0x0000000085900000, 0x0000000085900000| Untracked 
|  89|0x0000000085900000, 0x0000000085a00000, 0x0000000085a00000|100%|HS|  |TAMS 0x0000000085a00000, 0x0000000085a00000| Complete 
|  90|0x0000000085a00000, 0x0000000085b00000, 0x0000000085b00000|100%|HC|  |TAMS 0x0000000085b00000, 0x0000000085b00000| Complete 
|  91|0x0000000085b00000, 0x0000000085c00000, 0x0000000085c00000|100%| O|  |TAMS 0x0000000085c00000, 0x0000000085c00000| Untracked 
|  92|0x0000000085c00000, 0x0000000085d00000, 0x0000000085d00000|100%| O|  |TAMS 0x0000000085d00000, 0x0000000085d00000| Untracked 
|  93|0x0000000085d00000, 0x0000000085e00000, 0x0000000085e00000|100%| O|  |TAMS 0x0000000085e00000, 0x0000000085e00000| Untracked 
|  94|0x0000000085e00000, 0x0000000085f00000, 0x0000000085f00000|100%| O|  |TAMS 0x0000000085f00000, 0x0000000085f00000| Untracked 
|  95|0x0000000085f00000, 0x0000000086000000, 0x0000000086000000|100%| O|  |TAMS 0x0000000086000000, 0x0000000086000000| Untracked 
|  96|0x0000000086000000, 0x0000000086100000, 0x0000000086100000|100%| O|  |TAMS 0x0000000086100000, 0x0000000086100000| Untracked 
|  97|0x0000000086100000, 0x0000000086200000, 0x0000000086200000|100%| O|  |TAMS 0x0000000086200000, 0x0000000086200000| Untracked 
|  98|0x0000000086200000, 0x0000000086300000, 0x0000000086300000|100%| O|  |TAMS 0x0000000086300000, 0x0000000086300000| Untracked 
|  99|0x0000000086300000, 0x0000000086400000, 0x0000000086400000|100%| O|  |TAMS 0x0000000086400000, 0x0000000086400000| Untracked 
| 100|0x0000000086400000, 0x0000000086500000, 0x0000000086500000|100%| O|  |TAMS 0x0000000086500000, 0x0000000086500000| Untracked 
| 101|0x0000000086500000, 0x0000000086600000, 0x0000000086600000|100%| O|  |TAMS 0x0000000086600000, 0x0000000086600000| Untracked 
| 102|0x0000000086600000, 0x0000000086700000, 0x0000000086700000|100%| O|  |TAMS 0x0000000086700000, 0x0000000086700000| Untracked 
| 103|0x0000000086700000, 0x0000000086800000, 0x0000000086800000|100%| O|  |TAMS 0x0000000086800000, 0x0000000086800000| Untracked 
| 104|0x0000000086800000, 0x0000000086900000, 0x0000000086900000|100%| O|  |TAMS 0x000000008680e600, 0x0000000086900000| Untracked 
| 105|0x0000000086900000, 0x0000000086a00000, 0x0000000086a00000|100%| O|  |TAMS 0x0000000086900000, 0x0000000086a00000| Untracked 
| 106|0x0000000086a00000, 0x0000000086b00000, 0x0000000086b00000|100%| O|  |TAMS 0x0000000086a00000, 0x0000000086af2800| Untracked 
| 107|0x0000000086b00000, 0x0000000086c00000, 0x0000000086c00000|100%| O|  |TAMS 0x0000000086b00000, 0x0000000086b00000| Untracked 
| 108|0x0000000086c00000, 0x0000000086d00000, 0x0000000086d00000|100%| O|  |TAMS 0x0000000086c00000, 0x0000000086c00000| Untracked 
| 109|0x0000000086d00000, 0x0000000086db9400, 0x0000000086e00000| 72%| O|  |TAMS 0x0000000086d00000, 0x0000000086d00000| Untracked 
| 110|0x0000000086e00000, 0x0000000086e00000, 0x0000000086f00000|  0%| F|  |TAMS 0x0000000086e00000, 0x0000000086e00000| Untracked 
| 111|0x0000000086f00000, 0x0000000086f00000, 0x0000000087000000|  0%| F|  |TAMS 0x0000000086f00000, 0x0000000086f00000| Untracked 
| 112|0x0000000087000000, 0x0000000087000000, 0x0000000087100000|  0%| F|  |TAMS 0x0000000087000000, 0x0000000087000000| Untracked 
| 113|0x0000000087100000, 0x0000000087100000, 0x0000000087200000|  0%| F|  |TAMS 0x0000000087100000, 0x0000000087100000| Untracked 
| 114|0x0000000087200000, 0x0000000087200000, 0x0000000087300000|  0%| F|  |TAMS 0x0000000087200000, 0x0000000087200000| Untracked 
| 115|0x0000000087300000, 0x0000000087300000, 0x0000000087400000|  0%| F|  |TAMS 0x0000000087300000, 0x0000000087300000| Untracked 
| 116|0x0000000087400000, 0x0000000087400000, 0x0000000087500000|  0%| F|  |TAMS 0x0000000087400000, 0x0000000087400000| Untracked 
| 117|0x0000000087500000, 0x0000000087500000, 0x0000000087600000|  0%| F|  |TAMS 0x0000000087500000, 0x0000000087500000| Untracked 
| 118|0x0000000087600000, 0x0000000087600000, 0x0000000087700000|  0%| F|  |TAMS 0x0000000087600000, 0x0000000087600000| Untracked 
| 119|0x0000000087700000, 0x0000000087700000, 0x0000000087800000|  0%| F|  |TAMS 0x0000000087700000, 0x0000000087700000| Untracked 
| 120|0x0000000087800000, 0x0000000087800000, 0x0000000087900000|  0%| F|  |TAMS 0x0000000087800000, 0x0000000087800000| Untracked 
| 121|0x0000000087900000, 0x0000000087900000, 0x0000000087a00000|  0%| F|  |TAMS 0x0000000087900000, 0x0000000087900000| Untracked 
| 122|0x0000000087a00000, 0x0000000087a00000, 0x0000000087b00000|  0%| F|  |TAMS 0x0000000087a00000, 0x0000000087a00000| Untracked 
| 123|0x0000000087b00000, 0x0000000087b00000, 0x0000000087c00000|  0%| F|  |TAMS 0x0000000087b00000, 0x0000000087b00000| Untracked 
| 124|0x0000000087c00000, 0x0000000087c00000, 0x0000000087d00000|  0%| F|  |TAMS 0x0000000087c00000, 0x0000000087c00000| Untracked 
| 125|0x0000000087d00000, 0x0000000087d00000, 0x0000000087e00000|  0%| F|  |TAMS 0x0000000087d00000, 0x0000000087d00000| Untracked 
| 126|0x0000000087e00000, 0x0000000087e00000, 0x0000000087f00000|  0%| F|  |TAMS 0x0000000087e00000, 0x0000000087e00000| Untracked 
| 127|0x0000000087f00000, 0x0000000087f00000, 0x0000000088000000|  0%| F|  |TAMS 0x0000000087f00000, 0x0000000087f00000| Untracked 
| 128|0x0000000088000000, 0x0000000088000000, 0x0000000088100000|  0%| F|  |TAMS 0x0000000088000000, 0x0000000088000000| Untracked 
| 129|0x0000000088100000, 0x0000000088100000, 0x0000000088200000|  0%| F|  |TAMS 0x0000000088100000, 0x0000000088100000| Untracked 
| 130|0x0000000088200000, 0x0000000088200000, 0x0000000088300000|  0%| F|  |TAMS 0x0000000088200000, 0x0000000088200000| Untracked 
| 131|0x0000000088300000, 0x0000000088300000, 0x0000000088400000|  0%| F|  |TAMS 0x0000000088300000, 0x0000000088300000| Untracked 
| 132|0x0000000088400000, 0x0000000088400000, 0x0000000088500000|  0%| F|  |TAMS 0x0000000088400000, 0x0000000088400000| Untracked 
| 133|0x0000000088500000, 0x0000000088500000, 0x0000000088600000|  0%| F|  |TAMS 0x0000000088500000, 0x0000000088500000| Untracked 
| 134|0x0000000088600000, 0x0000000088600000, 0x0000000088700000|  0%| F|  |TAMS 0x0000000088600000, 0x0000000088600000| Untracked 
| 135|0x0000000088700000, 0x0000000088700000, 0x0000000088800000|  0%| F|  |TAMS 0x0000000088700000, 0x0000000088700000| Untracked 
| 136|0x0000000088800000, 0x0000000088800000, 0x0000000088900000|  0%| F|  |TAMS 0x0000000088800000, 0x0000000088800000| Untracked 
| 137|0x0000000088900000, 0x0000000088900000, 0x0000000088a00000|  0%| F|  |TAMS 0x0000000088900000, 0x0000000088900000| Untracked 
| 138|0x0000000088a00000, 0x0000000088a00000, 0x0000000088b00000|  0%| F|  |TAMS 0x0000000088a00000, 0x0000000088a00000| Untracked 
| 139|0x0000000088b00000, 0x0000000088b00000, 0x0000000088c00000|  0%| F|  |TAMS 0x0000000088b00000, 0x0000000088b00000| Untracked 
| 140|0x0000000088c00000, 0x0000000088c00000, 0x0000000088d00000|  0%| F|  |TAMS 0x0000000088c00000, 0x0000000088c00000| Untracked 
| 141|0x0000000088d00000, 0x0000000088d00000, 0x0000000088e00000|  0%| F|  |TAMS 0x0000000088d00000, 0x0000000088d00000| Untracked 
| 142|0x0000000088e00000, 0x0000000088f00000, 0x0000000088f00000|100%| S|CS|TAMS 0x0000000088e00000, 0x0000000088e00000| Complete 
| 143|0x0000000088f00000, 0x0000000089000000, 0x0000000089000000|100%| S|CS|TAMS 0x0000000088f00000, 0x0000000088f00000| Complete 
| 144|0x0000000089000000, 0x0000000089000000, 0x0000000089100000|  0%| F|  |TAMS 0x0000000089000000, 0x0000000089000000| Untracked 
| 145|0x0000000089100000, 0x0000000089200000, 0x0000000089200000|100%| S|CS|TAMS 0x0000000089100000, 0x0000000089100000| Complete 
| 146|0x0000000089200000, 0x0000000089300000, 0x0000000089300000|100%| S|CS|TAMS 0x0000000089200000, 0x0000000089200000| Complete 
| 147|0x0000000089300000, 0x0000000089400000, 0x0000000089400000|100%| S|CS|TAMS 0x0000000089300000, 0x0000000089300000| Complete 
| 148|0x0000000089400000, 0x0000000089500000, 0x0000000089500000|100%| S|CS|TAMS 0x0000000089400000, 0x0000000089400000| Complete 
| 149|0x0000000089500000, 0x0000000089500000, 0x0000000089600000|  0%| F|  |TAMS 0x0000000089500000, 0x0000000089500000| Untracked 
| 150|0x0000000089600000, 0x0000000089600000, 0x0000000089700000|  0%| F|  |TAMS 0x0000000089600000, 0x0000000089600000| Untracked 
| 151|0x0000000089700000, 0x0000000089700000, 0x0000000089800000|  0%| F|  |TAMS 0x0000000089700000, 0x0000000089700000| Untracked 
| 152|0x0000000089800000, 0x0000000089800000, 0x0000000089900000|  0%| F|  |TAMS 0x0000000089800000, 0x0000000089800000| Untracked 
| 153|0x0000000089900000, 0x0000000089900000, 0x0000000089a00000|  0%| F|  |TAMS 0x0000000089900000, 0x0000000089900000| Untracked 
| 154|0x0000000089a00000, 0x0000000089a00000, 0x0000000089b00000|  0%| F|  |TAMS 0x0000000089a00000, 0x0000000089a00000| Untracked 
| 155|0x0000000089b00000, 0x0000000089b00000, 0x0000000089c00000|  0%| F|  |TAMS 0x0000000089b00000, 0x0000000089b00000| Untracked 
| 156|0x0000000089c00000, 0x0000000089c00000, 0x0000000089d00000|  0%| F|  |TAMS 0x0000000089c00000, 0x0000000089c00000| Untracked 
| 157|0x0000000089d00000, 0x0000000089d00000, 0x0000000089e00000|  0%| F|  |TAMS 0x0000000089d00000, 0x0000000089d00000| Untracked 
| 158|0x0000000089e00000, 0x0000000089e00000, 0x0000000089f00000|  0%| F|  |TAMS 0x0000000089e00000, 0x0000000089e00000| Untracked 
| 159|0x0000000089f00000, 0x0000000089f00000, 0x000000008a000000|  0%| F|  |TAMS 0x0000000089f00000, 0x0000000089f00000| Untracked 
| 160|0x000000008a000000, 0x000000008a000000, 0x000000008a100000|  0%| F|  |TAMS 0x000000008a000000, 0x000000008a000000| Untracked 
| 161|0x000000008a100000, 0x000000008a100000, 0x000000008a200000|  0%| F|  |TAMS 0x000000008a100000, 0x000000008a100000| Untracked 
| 162|0x000000008a200000, 0x000000008a200000, 0x000000008a300000|  0%| F|  |TAMS 0x000000008a200000, 0x000000008a200000| Untracked 
| 163|0x000000008a300000, 0x000000008a300000, 0x000000008a400000|  0%| F|  |TAMS 0x000000008a300000, 0x000000008a300000| Untracked 
| 164|0x000000008a400000, 0x000000008a400000, 0x000000008a500000|  0%| F|  |TAMS 0x000000008a400000, 0x000000008a400000| Untracked 
| 165|0x000000008a500000, 0x000000008a500000, 0x000000008a600000|  0%| F|  |TAMS 0x000000008a500000, 0x000000008a500000| Untracked 
| 166|0x000000008a600000, 0x000000008a600000, 0x000000008a700000|  0%| F|  |TAMS 0x000000008a600000, 0x000000008a600000| Untracked 
| 167|0x000000008a700000, 0x000000008a700000, 0x000000008a800000|  0%| F|  |TAMS 0x000000008a700000, 0x000000008a700000| Untracked 
| 168|0x000000008a800000, 0x000000008a800000, 0x000000008a900000|  0%| F|  |TAMS 0x000000008a800000, 0x000000008a800000| Untracked 
| 169|0x000000008a900000, 0x000000008a900000, 0x000000008aa00000|  0%| F|  |TAMS 0x000000008a900000, 0x000000008a900000| Untracked 
| 170|0x000000008aa00000, 0x000000008aa00000, 0x000000008ab00000|  0%| F|  |TAMS 0x000000008aa00000, 0x000000008aa00000| Untracked 
| 171|0x000000008ab00000, 0x000000008ab00000, 0x000000008ac00000|  0%| F|  |TAMS 0x000000008ab00000, 0x000000008ab00000| Untracked 
| 172|0x000000008ac00000, 0x000000008ac00000, 0x000000008ad00000|  0%| F|  |TAMS 0x000000008ac00000, 0x000000008ac00000| Untracked 
| 173|0x000000008ad00000, 0x000000008ad00000, 0x000000008ae00000|  0%| F|  |TAMS 0x000000008ad00000, 0x000000008ad00000| Untracked 
| 174|0x000000008ae00000, 0x000000008ae00000, 0x000000008af00000|  0%| F|  |TAMS 0x000000008ae00000, 0x000000008ae00000| Untracked 
| 175|0x000000008af00000, 0x000000008af00000, 0x000000008b000000|  0%| F|  |TAMS 0x000000008af00000, 0x000000008af00000| Untracked 
| 176|0x000000008b000000, 0x000000008b000000, 0x000000008b100000|  0%| F|  |TAMS 0x000000008b000000, 0x000000008b000000| Untracked 
| 177|0x000000008b100000, 0x000000008b100000, 0x000000008b200000|  0%| F|  |TAMS 0x000000008b100000, 0x000000008b100000| Untracked 
| 178|0x000000008b200000, 0x000000008b200000, 0x000000008b300000|  0%| F|  |TAMS 0x000000008b200000, 0x000000008b200000| Untracked 
| 179|0x000000008b300000, 0x000000008b300000, 0x000000008b400000|  0%| F|  |TAMS 0x000000008b300000, 0x000000008b300000| Untracked 
| 180|0x000000008b400000, 0x000000008b400000, 0x000000008b500000|  0%| F|  |TAMS 0x000000008b400000, 0x000000008b400000| Untracked 
| 181|0x000000008b500000, 0x000000008b500000, 0x000000008b600000|  0%| F|  |TAMS 0x000000008b500000, 0x000000008b500000| Untracked 
| 182|0x000000008b600000, 0x000000008b600000, 0x000000008b700000|  0%| F|  |TAMS 0x000000008b600000, 0x000000008b600000| Untracked 
| 183|0x000000008b700000, 0x000000008b700000, 0x000000008b800000|  0%| F|  |TAMS 0x000000008b700000, 0x000000008b700000| Untracked 
| 184|0x000000008b800000, 0x000000008b800000, 0x000000008b900000|  0%| F|  |TAMS 0x000000008b800000, 0x000000008b800000| Untracked 
| 185|0x000000008b900000, 0x000000008b900000, 0x000000008ba00000|  0%| F|  |TAMS 0x000000008b900000, 0x000000008b900000| Untracked 
| 186|0x000000008ba00000, 0x000000008ba00000, 0x000000008bb00000|  0%| F|  |TAMS 0x000000008ba00000, 0x000000008ba00000| Untracked 
| 187|0x000000008bb00000, 0x000000008bb00000, 0x000000008bc00000|  0%| F|  |TAMS 0x000000008bb00000, 0x000000008bb00000| Untracked 
| 188|0x000000008bc00000, 0x000000008bc00000, 0x000000008bd00000|  0%| F|  |TAMS 0x000000008bc00000, 0x000000008bc00000| Untracked 
| 189|0x000000008bd00000, 0x000000008bd00000, 0x000000008be00000|  0%| F|  |TAMS 0x000000008bd00000, 0x000000008bd00000| Untracked 
| 190|0x000000008be00000, 0x000000008be00000, 0x000000008bf00000|  0%| F|  |TAMS 0x000000008be00000, 0x000000008be00000| Untracked 
| 191|0x000000008bf00000, 0x000000008bf00000, 0x000000008c000000|  0%| F|  |TAMS 0x000000008bf00000, 0x000000008bf00000| Untracked 
| 192|0x000000008c000000, 0x000000008c000000, 0x000000008c100000|  0%| F|  |TAMS 0x000000008c000000, 0x000000008c000000| Untracked 
| 253|0x000000008fd00000, 0x000000008fd00000, 0x000000008fe00000|  0%| F|  |TAMS 0x000000008fd00000, 0x000000008fd00000| Untracked 

Card table byte_map: [0x000002067ee30000,0x000002067f230000] _byte_map_base: 0x000002067ea30000

Marking Bits (Prev, Next): (CMBitMap*) 0x0000020676c71010, (CMBitMap*) 0x0000020676c71050
 Prev Bits: [0x000002060f000000, 0x0000020611000000)
 Next Bits: [0x0000020611000000, 0x0000020613000000)

Polling page: 0x0000020674c10000

Metaspace:

Usage:
  Non-class:     59.96 MB used.
      Class:      9.53 MB used.
       Both:     69.49 MB used.

Virtual space:
  Non-class space:       64.00 MB reserved,      60.31 MB ( 94%) committed,  8 nodes.
      Class space:        1.00 GB reserved,       9.81 MB ( <1%) committed,  1 nodes.
             Both:        1.06 GB reserved,      70.12 MB (  6%) committed. 

Chunk freelists:
   Non-Class:  3.65 MB
       Class:  2.16 MB
        Both:  5.81 MB

MaxMetaspaceSize: unlimited
CompressedClassSpaceSize: 1.00 GB
Initial GC threshold: 21.00 MB
Current GC threshold: 106.69 MB
CDS: on
MetaspaceReclaimPolicy: balanced
 - commit_granule_bytes: 65536.
 - commit_granule_words: 8192.
 - virtual_space_node_default_size: 1048576.
 - enlarge_chunks_in_place: 1.
 - new_chunks_are_fully_committed: 0.
 - uncommit_free_chunks: 1.
 - use_allocation_guard: 0.
 - handle_deallocations: 1.


Internal statistics:

num_allocs_failed_limit: 9.
num_arena_births: 660.
num_arena_deaths: 2.
num_vsnodes_births: 9.
num_vsnodes_deaths: 0.
num_space_committed: 1122.
num_space_uncommitted: 0.
num_chunks_returned_to_freelist: 12.
num_chunks_taken_from_freelist: 3468.
num_chunk_merges: 9.
num_chunk_splits: 2354.
num_chunks_enlarged: 1605.
num_purges: 2.
num_inconsistent_stats: 0.

CodeHeap 'non-profiled nmethods': size=120000Kb used=5119Kb max_used=5119Kb free=114880Kb
 bounds [0x0000020607ad0000, 0x0000020607fd0000, 0x000002060f000000]
CodeHeap 'profiled nmethods': size=120000Kb used=16662Kb max_used=16662Kb free=103337Kb
 bounds [0x00000206005a0000, 0x00000206015f0000, 0x0000020607ad0000]
CodeHeap 'non-nmethods': size=5760Kb used=2375Kb max_used=2504Kb free=3384Kb
 bounds [0x0000020600000000, 0x0000020600290000, 0x00000206005a0000]
 total_blobs=9211 nmethods=8309 adapters=813
 compilation: enabled
              stopped_count=0, restarted_count=0
 full_count=0

Compilation events (20 events):
Event: 19.482 Thread 0x00000206151e95a0 nmethod 9060 0x0000020607fcda90 code [0x0000020607fcdc20, 0x0000020607fcdcf8]
Event: 19.482 Thread 0x000002061bde8b80 9016 %     4       java.util.TimSort::binarySort @ 32 (223 bytes)
Event: 19.483 Thread 0x00000206151e95a0 9061       3       org.codehaus.groovy.reflection.AccessPermissionChecker::checkAccessPermission (70 bytes)
Event: 19.485 Thread 0x00000206151e95a0 nmethod 9061 0x00000206015e0990 code [0x00000206015e0be0, 0x00000206015e16c8]
Event: 19.493 Thread 0x00000206151e95a0 9062       3       java.lang.invoke.DelegatingMethodHandle$Holder::reinvoke_L (18 bytes)
Event: 19.493 Thread 0x00000206151e95a0 nmethod 9062 0x00000206015e1a10 code [0x00000206015e1be0, 0x00000206015e2118]
Event: 19.494 Thread 0x000002061bde8b80 nmethod 9016% 0x0000020607fcdd90 code [0x0000020607fcdf20, 0x0000020607fce998]
Event: 19.494 Thread 0x000002061bde8b80 9057       4       java.util.StringJoiner::add (110 bytes)
Event: 19.498 Thread 0x00000206151e95a0 9064       3       java.util.regex.Pattern$Dollar::match (209 bytes)
Event: 19.498 Thread 0x00000206151e95a0 nmethod 9064 0x00000206015e2210 code [0x00000206015e2480, 0x00000206015e3198]
Event: 19.504 Thread 0x000002061bde8b80 nmethod 9057 0x0000020607fcf010 code [0x0000020607fcf1c0, 0x0000020607fcfa58]
Event: 19.504 Thread 0x00000206151e95a0 9066       3       org.codehaus.groovy.reflection.CachedMethod::makeAccessibleIfNecessary (21 bytes)
Event: 19.504 Thread 0x000002061bde8b80 9063       4       java.util.TimSort::binarySort (223 bytes)
Event: 19.505 Thread 0x00000206151e95a0 nmethod 9066 0x00000206015e3410 code [0x00000206015e3660, 0x00000206015e40c8]
Event: 19.505 Thread 0x00000206151e95a0 9067   !   3       org.codehaus.groovy.reflection.AccessPermissionChecker::checkAccessPermission (26 bytes)
Event: 19.506 Thread 0x00000206151e95a0 nmethod 9067 0x00000206015e4410 code [0x00000206015e45c0, 0x00000206015e4838]
Event: 19.507 Thread 0x00000206151e95a0 9068       3       groovy.lang.MetaClassImpl$MethodIndex::<init> (5 bytes)
Event: 19.507 Thread 0x00000206151e95a0 nmethod 9068 0x00000206015e4990 code [0x00000206015e4b60, 0x00000206015e4fd8]
Event: 19.507 Thread 0x00000206151e95a0 9069       3       groovy.lang.MetaClassImpl$Index::<init> (5 bytes)
Event: 19.507 Thread 0x00000206151e95a0 nmethod 9069 0x00000206015e5190 code [0x00000206015e5340, 0x00000206015e5758]

GC Heap History (20 events):
Event: 14.459 GC heap after
{Heap after GC invocations=17 (full 0):
 garbage-first heap   total 167936K, used 100072K [0x0000000080000000, 0x0000000100000000)
  region size 1024K, 4 young (4096K), 4 survivors (4096K)
 Metaspace       used 49195K, committed 49792K, reserved 1097728K
  class space    used 6759K, committed 7040K, reserved 1048576K
}
Event: 15.208 GC heap before
{Heap before GC invocations=17 (full 0):
 garbage-first heap   total 167936K, used 122600K [0x0000000080000000, 0x0000000100000000)
  region size 1024K, 26 young (26624K), 4 survivors (4096K)
 Metaspace       used 53058K, committed 53632K, reserved 1097728K
  class space    used 7229K, committed 7488K, reserved 1048576K
}
Event: 15.211 GC heap after
{Heap after GC invocations=18 (full 0):
 garbage-first heap   total 167936K, used 101024K [0x0000000080000000, 0x0000000100000000)
  region size 1024K, 1 young (1024K), 1 survivors (1024K)
 Metaspace       used 53058K, committed 53632K, reserved 1097728K
  class space    used 7229K, committed 7488K, reserved 1048576K
}
Event: 15.934 GC heap before
{Heap before GC invocations=19 (full 0):
 garbage-first heap   total 174080K, used 124576K [0x0000000080000000, 0x0000000100000000)
  region size 1024K, 25 young (25600K), 1 survivors (1024K)
 Metaspace       used 57637K, committed 58240K, reserved 1105920K
  class space    used 7826K, committed 8128K, reserved 1048576K
}
Event: 15.940 GC heap after
{Heap after GC invocations=20 (full 0):
 garbage-first heap   total 174080K, used 103550K [0x0000000080000000, 0x0000000100000000)
  region size 1024K, 4 young (4096K), 4 survivors (4096K)
 Metaspace       used 57637K, committed 58240K, reserved 1105920K
  class space    used 7826K, committed 8128K, reserved 1048576K
}
Event: 15.980 GC heap before
{Heap before GC invocations=20 (full 0):
 garbage-first heap   total 174080K, used 104574K [0x0000000080000000, 0x0000000100000000)
  region size 1024K, 6 young (6144K), 4 survivors (4096K)
 Metaspace       used 57667K, committed 58304K, reserved 1105920K
  class space    used 7831K, committed 8128K, reserved 1048576K
}
Event: 15.984 GC heap after
{Heap after GC invocations=21 (full 0):
 garbage-first heap   total 174080K, used 103590K [0x0000000080000000, 0x0000000100000000)
  region size 1024K, 1 young (1024K), 1 survivors (1024K)
 Metaspace       used 57667K, committed 58304K, reserved 1105920K
  class space    used 7831K, committed 8128K, reserved 1048576K
}
Event: 16.455 GC heap before
{Heap before GC invocations=22 (full 0):
 garbage-first heap   total 196608K, used 134310K [0x0000000080000000, 0x0000000100000000)
  region size 1024K, 25 young (25600K), 1 survivors (1024K)
 Metaspace       used 59165K, committed 59712K, reserved 1105920K
  class space    used 8027K, committed 8320K, reserved 1048576K
}
Event: 16.462 GC heap after
{Heap after GC invocations=23 (full 0):
 garbage-first heap   total 196608K, used 105641K [0x0000000080000000, 0x0000000100000000)
  region size 1024K, 3 young (3072K), 3 survivors (3072K)
 Metaspace       used 59165K, committed 59712K, reserved 1105920K
  class space    used 8027K, committed 8320K, reserved 1048576K
}
Event: 16.580 GC heap before
{Heap before GC invocations=23 (full 0):
 garbage-first heap   total 196608K, used 111785K [0x0000000080000000, 0x0000000100000000)
  region size 1024K, 9 young (9216K), 3 survivors (3072K)
 Metaspace       used 59683K, committed 60224K, reserved 1105920K
  class space    used 8097K, committed 8384K, reserved 1048576K
}
Event: 16.584 GC heap after
{Heap after GC invocations=24 (full 0):
 garbage-first heap   total 196608K, used 106236K [0x0000000080000000, 0x0000000100000000)
  region size 1024K, 1 young (1024K), 1 survivors (1024K)
 Metaspace       used 59683K, committed 60224K, reserved 1105920K
  class space    used 8097K, committed 8384K, reserved 1048576K
}
Event: 16.894 GC heap before
{Heap before GC invocations=24 (full 0):
 garbage-first heap   total 196608K, used 122620K [0x0000000080000000, 0x0000000100000000)
  region size 1024K, 18 young (18432K), 1 survivors (1024K)
 Metaspace       used 61028K, committed 61632K, reserved 1105920K
  class space    used 8235K, committed 8512K, reserved 1048576K
}
Event: 16.897 GC heap after
{Heap after GC invocations=25 (full 0):
 garbage-first heap   total 196608K, used 107518K [0x0000000080000000, 0x0000000100000000)
  region size 1024K, 2 young (2048K), 2 survivors (2048K)
 Metaspace       used 61028K, committed 61632K, reserved 1105920K
  class space    used 8235K, committed 8512K, reserved 1048576K
}
Event: 17.758 GC heap before
{Heap before GC invocations=26 (full 0):
 garbage-first heap   total 196608K, used 144382K [0x0000000080000000, 0x0000000100000000)
  region size 1024K, 37 young (37888K), 2 survivors (2048K)
 Metaspace       used 64339K, committed 64960K, reserved 1105920K
  class space    used 8661K, committed 8960K, reserved 1048576K
}
Event: 17.762 GC heap after
{Heap after GC invocations=27 (full 0):
 garbage-first heap   total 196608K, used 109471K [0x0000000080000000, 0x0000000100000000)
  region size 1024K, 4 young (4096K), 4 survivors (4096K)
 Metaspace       used 64339K, committed 64960K, reserved 1105920K
  class space    used 8661K, committed 8960K, reserved 1048576K
}
Event: 18.309 GC heap before
{Heap before GC invocations=27 (full 0):
 garbage-first heap   total 196608K, used 147359K [0x0000000080000000, 0x0000000100000000)
  region size 1024K, 41 young (41984K), 4 survivors (4096K)
 Metaspace       used 64908K, committed 65536K, reserved 1105920K
  class space    used 8730K, committed 9024K, reserved 1048576K
}
Event: 18.316 GC heap after
{Heap after GC invocations=28 (full 0):
 garbage-first heap   total 196608K, used 112353K [0x0000000080000000, 0x0000000100000000)
  region size 1024K, 6 young (6144K), 6 survivors (6144K)
 Metaspace       used 64908K, committed 65536K, reserved 1105920K
  class space    used 8730K, committed 9024K, reserved 1048576K
}
Event: 18.910 GC heap before
{Heap before GC invocations=29 (full 0):
 garbage-first heap   total 198656K, used 151265K [0x0000000080000000, 0x0000000100000000)
  region size 1024K, 44 young (45056K), 6 survivors (6144K)
 Metaspace       used 67315K, committed 67904K, reserved 1114112K
  class space    used 9080K, committed 9344K, reserved 1048576K
}
Event: 18.918 GC heap after
{Heap after GC invocations=30 (full 0):
 garbage-first heap   total 198656K, used 115418K [0x0000000080000000, 0x0000000100000000)
  region size 1024K, 6 young (6144K), 6 survivors (6144K)
 Metaspace       used 67315K, committed 67904K, reserved 1114112K
  class space    used 9080K, committed 9344K, reserved 1048576K
}
Event: 19.511 GC heap before
{Heap before GC invocations=30 (full 0):
 garbage-first heap   total 198656K, used 156378K [0x0000000080000000, 0x0000000100000000)
  region size 1024K, 46 young (47104K), 6 survivors (6144K)
 Metaspace       used 71154K, committed 71808K, reserved 1114112K
  class space    used 9754K, committed 10048K, reserved 1048576K
}

Deoptimization events (20 events):
Event: 18.789 Thread 0x0000020617d20eb0 DEOPT PACKING pc=0x0000020600a1ecd0 sp=0x0000003cd8df8210
Event: 18.789 Thread 0x0000020617d20eb0 DEOPT UNPACKING pc=0x0000020600052b43 sp=0x0000003cd8df76f0 mode 0
Event: 19.261 Thread 0x0000020617d20eb0 Uncommon trap: trap_request=0xfffffff4 fr.pc=0x0000020607fb2f68 relative=0x0000000000000068
Event: 19.261 Thread 0x0000020617d20eb0 Uncommon trap: reason=null_check action=make_not_entrant pc=0x0000020607fb2f68 method=java.lang.Class.isAnnotation()Z @ 1 c2
Event: 19.261 Thread 0x0000020617d20eb0 DEOPT PACKING pc=0x0000020607fb2f68 sp=0x0000003cd8df8540
Event: 19.261 Thread 0x0000020617d20eb0 DEOPT UNPACKING pc=0x00000206000523a3 sp=0x0000003cd8df84d0 mode 2
Event: 19.265 Thread 0x0000020617d20eb0 Uncommon trap: trap_request=0xffffff76 fr.pc=0x0000020607f6ecd0 relative=0x00000000000007b0
Event: 19.265 Thread 0x0000020617d20eb0 Uncommon trap: reason=predicate action=maybe_recompile pc=0x0000020607f6ecd0 method=java.util.TimSort.binarySort([Ljava/lang/Object;IIILjava/util/Comparator;)V @ 34 c2
Event: 19.265 Thread 0x0000020617d20eb0 DEOPT PACKING pc=0x0000020607f6ecd0 sp=0x0000003cd8df88a0
Event: 19.265 Thread 0x0000020617d20eb0 DEOPT UNPACKING pc=0x00000206000523a3 sp=0x0000003cd8df8850 mode 2
Event: 19.283 Thread 0x0000020617d20eb0 DEOPT PACKING pc=0x00000206009e9423 sp=0x0000003cd8df8260
Event: 19.283 Thread 0x0000020617d20eb0 DEOPT UNPACKING pc=0x0000020600052b43 sp=0x0000003cd8df76d0 mode 0
Event: 19.329 Thread 0x0000020617d20eb0 Uncommon trap: trap_request=0xffffffde fr.pc=0x0000020607ebb528 relative=0x0000000000000ea8
Event: 19.329 Thread 0x0000020617d20eb0 Uncommon trap: reason=class_check action=maybe_recompile pc=0x0000020607ebb528 method=org.gradle.internal.instantiation.generator.AbstractClassGenerator$InjectionAnnotationValidator.validateMethod(Ljava/lang/reflect/Method;Lorg/gradle/internal/reflect/Pro
Event: 19.329 Thread 0x0000020617d20eb0 DEOPT PACKING pc=0x0000020607ebb528 sp=0x0000003cd8df85e0
Event: 19.329 Thread 0x0000020617d20eb0 DEOPT UNPACKING pc=0x00000206000523a3 sp=0x0000003cd8df85a8 mode 2
Event: 19.349 Thread 0x0000020617d20eb0 Uncommon trap: trap_request=0xffffffde fr.pc=0x0000020607ebb528 relative=0x0000000000000ea8
Event: 19.349 Thread 0x0000020617d20eb0 Uncommon trap: reason=class_check action=maybe_recompile pc=0x0000020607ebb528 method=org.gradle.internal.instantiation.generator.AbstractClassGenerator$InjectionAnnotationValidator.validateMethod(Ljava/lang/reflect/Method;Lorg/gradle/internal/reflect/Pro
Event: 19.349 Thread 0x0000020617d20eb0 DEOPT PACKING pc=0x0000020607ebb528 sp=0x0000003cd8df8660
Event: 19.349 Thread 0x0000020617d20eb0 DEOPT UNPACKING pc=0x00000206000523a3 sp=0x0000003cd8df8628 mode 2

Classes unloaded (2 events):
Event: 15.277 Thread 0x00000206151bac50 Unloading class 0x0000000801284538 '_BuildScript_$_run_closure1'
Event: 15.277 Thread 0x00000206151bac50 Unloading class 0x0000000801284000 '_BuildScript_'

Classes redefined (0 events):
No events

Internal exceptions (20 events):
Event: 19.472 Thread 0x0000020617d20eb0 Exception <a 'java/lang/ClassNotFoundException'{0x000000008a091e18}: com/android/build/gradle/internal/api/ApplicationVariantImplBeanInfo> (0x000000008a091e18) 
thrown [e:\jenkins\tmp\workspace\build\src\src\hotspot\share\classfile\systemDictionary.cpp, line 256]
Event: 19.472 Thread 0x0000020617d20eb0 Exception <a 'java/lang/ClassNotFoundException'{0x000000008a0a0078}: com/android/build/gradle/internal/api/ApkVariantImplBeanInfo> (0x000000008a0a0078) 
thrown [e:\jenkins\tmp\workspace\build\src\src\hotspot\share\classfile\systemDictionary.cpp, line 256]
Event: 19.473 Thread 0x0000020617d20eb0 Exception <a 'java/lang/ClassNotFoundException'{0x000000008a0ae3b8}: com/android/build/gradle/internal/api/InstallableVariantImplBeanInfo> (0x000000008a0ae3b8) 
thrown [e:\jenkins\tmp\workspace\build\src\src\hotspot\share\classfile\systemDictionary.cpp, line 256]
Event: 19.473 Thread 0x0000020617d20eb0 Exception <a 'java/lang/ClassNotFoundException'{0x000000008a0bc778}: com/android/build/gradle/internal/api/AndroidArtifactVariantImplBeanInfo> (0x000000008a0bc778) 
thrown [e:\jenkins\tmp\workspace\build\src\src\hotspot\share\classfile\systemDictionary.cpp, line 256]
Event: 19.474 Thread 0x0000020617d20eb0 Exception <a 'java/lang/ClassNotFoundException'{0x000000008a0ca9e0}: com/android/build/gradle/internal/api/BaseVariantImplBeanInfo> (0x000000008a0ca9e0) 
thrown [e:\jenkins\tmp\workspace\build\src\src\hotspot\share\classfile\systemDictionary.cpp, line 256]
Event: 19.474 Thread 0x0000020617d20eb0 Exception <a 'java/lang/ClassNotFoundException'{0x000000008a0d8c78}: com/android/build/gradle/internal/api/BaseVariantImplCustomizer> (0x000000008a0d8c78) 
thrown [e:\jenkins\tmp\workspace\build\src\src\hotspot\share\classfile\systemDictionary.cpp, line 256]
Event: 19.476 Thread 0x0000020617d20eb0 Exception <a 'java/lang/ClassNotFoundException'{0x0000000089f2b240}: com/android/build/gradle/internal/api/AndroidArtifactVariantImplCustomizer> (0x0000000089f2b240) 
thrown [e:\jenkins\tmp\workspace\build\src\src\hotspot\share\classfile\systemDictionary.cpp, line 256]
Event: 19.476 Thread 0x0000020617d20eb0 Exception <a 'java/lang/ClassNotFoundException'{0x0000000089f4eac8}: com/android/build/gradle/internal/api/InstallableVariantImplCustomizer> (0x0000000089f4eac8) 
thrown [e:\jenkins\tmp\workspace\build\src\src\hotspot\share\classfile\systemDictionary.cpp, line 256]
Event: 19.477 Thread 0x0000020617d20eb0 Exception <a 'java/lang/ClassNotFoundException'{0x0000000089f76e58}: com/android/build/gradle/internal/api/ApkVariantImplCustomizer> (0x0000000089f76e58) 
thrown [e:\jenkins\tmp\workspace\build\src\src\hotspot\share\classfile\systemDictionary.cpp, line 256]
Event: 19.478 Thread 0x0000020617d20eb0 Exception <a 'java/lang/ClassNotFoundException'{0x0000000089f9c5a8}: com/android/build/gradle/internal/api/ApplicationVariantImplCustomizer> (0x0000000089f9c5a8) 
thrown [e:\jenkins\tmp\workspace\build\src\src\hotspot\share\classfile\systemDictionary.cpp, line 256]
Event: 19.480 Thread 0x0000020617d20eb0 Exception <a 'java/lang/ClassNotFoundException'{0x0000000089fc58f0}: com/android/build/gradle/internal/api/ApplicationVariantImpl_DecoratedCustomizer> (0x0000000089fc58f0) 
thrown [e:\jenkins\tmp\workspace\build\src\src\hotspot\share\classfile\systemDictionary.cpp, line 256]
Event: 19.487 Thread 0x0000020617d20eb0 Exception <a 'java/lang/ClassNotFoundException'{0x0000000089d97398}: com/android/build/gradle/internal/api/ImmutableFlavorListBeanInfo> (0x0000000089d97398) 
thrown [e:\jenkins\tmp\workspace\build\src\src\hotspot\share\classfile\systemDictionary.cpp, line 256]
Event: 19.488 Thread 0x0000020617d20eb0 Exception <a 'java/lang/ClassNotFoundException'{0x0000000089da56a8}: com/android/build/gradle/internal/api/ImmutableFlavorListCustomizer> (0x0000000089da56a8) 
thrown [e:\jenkins\tmp\workspace\build\src\src\hotspot\share\classfile\systemDictionary.cpp, line 256]
Event: 19.493 Thread 0x0000020617d20eb0 Exception <a 'java/lang/ClassNotFoundException'{0x0000000089dfe068}: com/google/gms/googleservices/GoogleServicesTaskBeanInfo> (0x0000000089dfe068) 
thrown [e:\jenkins\tmp\workspace\build\src\src\hotspot\share\classfile\systemDictionary.cpp, line 256]
Event: 19.493 Thread 0x0000020617d20eb0 Exception <a 'java/lang/ClassNotFoundException'{0x0000000089c0ac30}: org/gradle/api/DefaultTaskBeanInfo> (0x0000000089c0ac30) 
thrown [e:\jenkins\tmp\workspace\build\src\src\hotspot\share\classfile\systemDictionary.cpp, line 256]
Event: 19.494 Thread 0x0000020617d20eb0 Exception <a 'java/lang/ClassNotFoundException'{0x0000000089c17560}: org/gradle/api/internal/AbstractTaskBeanInfo> (0x0000000089c17560) 
thrown [e:\jenkins\tmp\workspace\build\src\src\hotspot\share\classfile\systemDictionary.cpp, line 256]
Event: 19.494 Thread 0x0000020617d20eb0 Exception <a 'java/lang/ClassNotFoundException'{0x0000000089c23e60}: org/gradle/api/internal/AbstractTaskCustomizer> (0x0000000089c23e60) 
thrown [e:\jenkins\tmp\workspace\build\src\src\hotspot\share\classfile\systemDictionary.cpp, line 256]
Event: 19.497 Thread 0x0000020617d20eb0 Exception <a 'java/lang/ClassNotFoundException'{0x0000000089c81a70}: org/gradle/api/DefaultTaskCustomizer> (0x0000000089c81a70) 
thrown [e:\jenkins\tmp\workspace\build\src\src\hotspot\share\classfile\systemDictionary.cpp, line 256]
Event: 19.500 Thread 0x0000020617d20eb0 Exception <a 'java/lang/ClassNotFoundException'{0x0000000089cea0e0}: com/google/gms/googleservices/GoogleServicesTaskCustomizer> (0x0000000089cea0e0) 
thrown [e:\jenkins\tmp\workspace\build\src\src\hotspot\share\classfile\systemDictionary.cpp, line 256]
Event: 19.502 Thread 0x0000020617d20eb0 Exception <a 'java/lang/NoSuchMethodError'{0x000000008961ab40}: 'long java.lang.invoke.DirectMethodHandle$Holder.invokeStatic(java.lang.Object, java.lang.Object)'> (0x000000008961ab40) 
thrown [e:\jenkins\tmp\workspace\build\src\src\hotspot\share\interpreter\linkResolver.cpp, line 766]

VM Operations (20 events):
Event: 17.190 Executing VM operation: HandshakeAllThreads done
Event: 17.592 Executing VM operation: ICBufferFull
Event: 17.593 Executing VM operation: ICBufferFull done
Event: 17.758 Executing VM operation: G1CollectForAllocation
Event: 17.762 Executing VM operation: G1CollectForAllocation done
Event: 17.938 Executing VM operation: HandshakeAllThreads
Event: 17.939 Executing VM operation: HandshakeAllThreads done
Event: 18.051 Executing VM operation: ICBufferFull
Event: 18.052 Executing VM operation: ICBufferFull done
Event: 18.309 Executing VM operation: G1CollectForAllocation
Event: 18.316 Executing VM operation: G1CollectForAllocation done
Event: 18.407 Executing VM operation: G1Concurrent
Event: 18.415 Executing VM operation: G1Concurrent done
Event: 18.456 Executing VM operation: G1Concurrent
Event: 18.457 Executing VM operation: G1Concurrent done
Event: 18.577 Executing VM operation: HandshakeAllThreads
Event: 18.577 Executing VM operation: HandshakeAllThreads done
Event: 18.910 Executing VM operation: G1CollectForAllocation
Event: 18.918 Executing VM operation: G1CollectForAllocation done
Event: 19.510 Executing VM operation: G1CollectForAllocation

Events (20 events):
Event: 17.765 loading class java/util/ArrayListCustomizer
Event: 17.765 loading class java/util/ArrayListCustomizer done
Event: 18.218 loading class java/beans/IntrospectionException
Event: 18.218 loading class java/beans/IntrospectionException done
Event: 18.525 loading class java/util/AbstractSetBeanInfo
Event: 18.525 loading class java/util/AbstractSetBeanInfo done
Event: 18.526 loading class java/util/AbstractSetBeanInfo
Event: 18.526 loading class java/util/AbstractSetBeanInfo done
Event: 18.526 loading class java/util/AbstractSetCustomizer
Event: 18.526 loading class java/util/AbstractSetCustomizer done
Event: 18.526 loading class java/util/AbstractSetCustomizer
Event: 18.526 loading class java/util/AbstractSetCustomizer done
Event: 19.120 Thread 0x000002061bded260 Thread exited: 0x000002061bded260
Event: 19.482 Thread 0x000002061bde8b80 Thread added: 0x000002061bde8b80
Event: 19.503 loading class java/util/stream/SortedOps$OfRef
Event: 19.503 loading class java/util/stream/SortedOps$OfRef done
Event: 19.504 loading class java/util/stream/SortedOps$RefSortingSink
Event: 19.504 loading class java/util/stream/SortedOps$AbstractRefSortingSink
Event: 19.504 loading class java/util/stream/SortedOps$AbstractRefSortingSink done
Event: 19.504 loading class java/util/stream/SortedOps$RefSortingSink done


Dynamic libraries:
0x00007ff6c3d80000 - 0x00007ff6c3d8e000 	C:\Program Files\Eclipse Adoptium\jdk-17.0.3.7-hotspot\bin\java.exe
0x00007ffe07b20000 - 0x00007ffe07d29000 	C:\WINDOWS\SYSTEM32\ntdll.dll
0x00007ffe06c40000 - 0x00007ffe06cfe000 	C:\WINDOWS\System32\KERNEL32.DLL
0x00007ffe05410000 - 0x00007ffe0578b000 	C:\WINDOWS\System32\KERNELBASE.dll
0x00007ffe05810000 - 0x00007ffe05921000 	C:\WINDOWS\System32\ucrtbase.dll
0x00007ffdd20b0000 - 0x00007ffdd20c8000 	C:\Program Files\Eclipse Adoptium\jdk-17.0.3.7-hotspot\bin\jli.dll
0x00007ffdca710000 - 0x00007ffdca729000 	C:\Program Files\Eclipse Adoptium\jdk-17.0.3.7-hotspot\bin\VCRUNTIME140.dll
0x00007ffe06010000 - 0x00007ffe061bd000 	C:\WINDOWS\System32\USER32.dll
0x00007ffe05220000 - 0x00007ffe05246000 	C:\WINDOWS\System32\win32u.dll
0x00007ffddd750000 - 0x00007ffddd9f5000 	C:\WINDOWS\WinSxS\amd64_microsoft.windows.common-controls_6595b64144ccf1df_6.0.22000.120_none_9d947278b86cc467\COMCTL32.dll
0x00007ffe079d0000 - 0x00007ffe079f9000 	C:\WINDOWS\System32\GDI32.dll
0x00007ffe06f20000 - 0x00007ffe06fc3000 	C:\WINDOWS\System32\msvcrt.dll
0x00007ffe05250000 - 0x00007ffe05368000 	C:\WINDOWS\System32\gdi32full.dll
0x00007ffe05370000 - 0x00007ffe0540d000 	C:\WINDOWS\System32\msvcp_win.dll
0x00007ffe06ee0000 - 0x00007ffe06f12000 	C:\WINDOWS\System32\IMM32.DLL
0x00007ffde5630000 - 0x00007ffde563c000 	C:\Program Files\Eclipse Adoptium\jdk-17.0.3.7-hotspot\bin\vcruntime140_1.dll
0x00007ffdc2db0000 - 0x00007ffdc2e41000 	C:\Program Files\Eclipse Adoptium\jdk-17.0.3.7-hotspot\bin\msvcp140.dll
0x00007ffd6b340000 - 0x00007ffd6bf88000 	C:\Program Files\Eclipse Adoptium\jdk-17.0.3.7-hotspot\bin\server\jvm.dll
0x00007ffe05ee0000 - 0x00007ffe05f8e000 	C:\WINDOWS\System32\ADVAPI32.dll
0x00007ffe07930000 - 0x00007ffe079ce000 	C:\WINDOWS\System32\sechost.dll
0x00007ffe06b20000 - 0x00007ffe06c40000 	C:\WINDOWS\System32\RPCRT4.dll
0x00007ffe059b0000 - 0x00007ffe059b8000 	C:\WINDOWS\System32\PSAPI.DLL
0x00007ffdfea20000 - 0x00007ffdfea53000 	C:\WINDOWS\SYSTEM32\WINMM.dll
0x00007ffdfe250000 - 0x00007ffdfe25a000 	C:\WINDOWS\SYSTEM32\VERSION.dll
0x00007ffddf560000 - 0x00007ffddf569000 	C:\WINDOWS\SYSTEM32\WSOCK32.dll
0x00007ffe06ab0000 - 0x00007ffe06b1f000 	C:\WINDOWS\System32\ws2_32.DLL
0x00007ffe04030000 - 0x00007ffe04048000 	C:\WINDOWS\SYSTEM32\kernel.appcore.dll
0x00007ffde34c0000 - 0x00007ffde34ca000 	C:\Program Files\Eclipse Adoptium\jdk-17.0.3.7-hotspot\bin\jimage.dll
0x00007ffe02ab0000 - 0x00007ffe02cd1000 	C:\WINDOWS\SYSTEM32\DBGHELP.DLL
0x00007ffde5920000 - 0x00007ffde5951000 	C:\WINDOWS\SYSTEM32\dbgcore.DLL
0x00007ffe05790000 - 0x00007ffe0580f000 	C:\WINDOWS\System32\bcryptPrimitives.dll
0x00007ffdc9f90000 - 0x00007ffdc9fb5000 	C:\Program Files\Eclipse Adoptium\jdk-17.0.3.7-hotspot\bin\java.dll
0x00007ffdc21a0000 - 0x00007ffdc2276000 	C:\Program Files\Eclipse Adoptium\jdk-17.0.3.7-hotspot\bin\jsvml.dll
0x00007ffe062f0000 - 0x00007ffe06aa8000 	C:\WINDOWS\System32\SHELL32.dll
0x00007ffe030a0000 - 0x00007ffe03905000 	C:\WINDOWS\SYSTEM32\windows.storage.dll
0x00007ffe059c0000 - 0x00007ffe05d38000 	C:\WINDOWS\System32\combase.dll
0x00007ffe02f30000 - 0x00007ffe03096000 	C:\WINDOWS\SYSTEM32\wintypes.dll
0x00007ffe07620000 - 0x00007ffe0770a000 	C:\WINDOWS\System32\SHCORE.dll
0x00007ffe078d0000 - 0x00007ffe0792d000 	C:\WINDOWS\System32\shlwapi.dll
0x00007ffe04f20000 - 0x00007ffe04f41000 	C:\WINDOWS\SYSTEM32\profapi.dll
0x00007ffdca310000 - 0x00007ffdca329000 	C:\Program Files\Eclipse Adoptium\jdk-17.0.3.7-hotspot\bin\net.dll
0x00007ffdfe840000 - 0x00007ffdfe954000 	C:\WINDOWS\SYSTEM32\WINHTTP.dll
0x00007ffe04530000 - 0x00007ffe04597000 	C:\WINDOWS\system32\mswsock.dll
0x00007ffdc9f70000 - 0x00007ffdc9f85000 	C:\Program Files\Eclipse Adoptium\jdk-17.0.3.7-hotspot\bin\nio.dll
0x00007ffdc9f50000 - 0x00007ffdc9f68000 	C:\Program Files\Eclipse Adoptium\jdk-17.0.3.7-hotspot\bin\zip.dll
0x00007ffde3490000 - 0x00007ffde34a0000 	C:\Program Files\Eclipse Adoptium\jdk-17.0.3.7-hotspot\bin\verify.dll
0x00007ffdc9fc0000 - 0x00007ffdc9fe7000 	C:\Users\Hp\.gradle\native\e1d6ef7f7dcc3fd88c89a11ec53ec762bb8ba0a96d01ffa2cd45eb1d1d8dd5c5\windows-amd64\native-platform.dll
0x00007ffdbf270000 - 0x00007ffdbf3b4000 	C:\Users\Hp\.gradle\native\0d407fdbe67a94daf76414ababcb853783967236a71b16ec16e742cd7a986fd3\windows-amd64\native-platform-file-events.dll
0x00007ffde31f0000 - 0x00007ffde31f9000 	C:\Program Files\Eclipse Adoptium\jdk-17.0.3.7-hotspot\bin\management.dll
0x00007ffde3070000 - 0x00007ffde307b000 	C:\Program Files\Eclipse Adoptium\jdk-17.0.3.7-hotspot\bin\management_ext.dll
0x00007ffe04890000 - 0x00007ffe048a8000 	C:\WINDOWS\SYSTEM32\CRYPTSP.dll
0x00007ffe03f90000 - 0x00007ffe03fc5000 	C:\WINDOWS\system32\rsaenh.dll
0x00007ffe045d0000 - 0x00007ffe045f9000 	C:\WINDOWS\SYSTEM32\USERENV.dll
0x00007ffe049d0000 - 0x00007ffe049f7000 	C:\WINDOWS\SYSTEM32\bcrypt.dll
0x00007ffe04730000 - 0x00007ffe0473c000 	C:\WINDOWS\SYSTEM32\CRYPTBASE.dll
0x00007ffe03b60000 - 0x00007ffe03b8d000 	C:\WINDOWS\SYSTEM32\IPHLPAPI.DLL
0x00007ffe07560000 - 0x00007ffe07569000 	C:\WINDOWS\System32\NSI.dll
0x00007ffdfe7a0000 - 0x00007ffdfe7b9000 	C:\WINDOWS\SYSTEM32\dhcpcsvc6.DLL
0x00007ffdff0d0000 - 0x00007ffdff0ee000 	C:\WINDOWS\SYSTEM32\dhcpcsvc.DLL
0x00007ffe03bd0000 - 0x00007ffe03cb8000 	C:\WINDOWS\SYSTEM32\DNSAPI.dll
0x00007ffde2ee0000 - 0x00007ffde2eee000 	C:\Program Files\Eclipse Adoptium\jdk-17.0.3.7-hotspot\bin\sunmscapi.dll
0x00007ffe04ff0000 - 0x00007ffe05152000 	C:\WINDOWS\System32\CRYPT32.dll
0x00007ffe049a0000 - 0x00007ffe049c8000 	C:\WINDOWS\SYSTEM32\ncrypt.dll
0x00007ffe04960000 - 0x00007ffe04997000 	C:\WINDOWS\SYSTEM32\NTASN1.dll
0x00007ffe01320000 - 0x00007ffe01328000 	C:\WINDOWS\system32\wshunix.dll

dbghelp: loaded successfully - version: 4.0.5 - missing functions: none
symbol engine: initialized successfully - sym options: 0x614 - pdb path: .;C:\Program Files\Eclipse Adoptium\jdk-17.0.3.7-hotspot\bin;C:\WINDOWS\SYSTEM32;C:\WINDOWS\WinSxS\amd64_microsoft.windows.common-controls_6595b64144ccf1df_6.0.22000.120_none_9d947278b86cc467;C:\Program Files\Eclipse Adoptium\jdk-17.0.3.7-hotspot\bin\server;C:\Users\Hp\.gradle\native\e1d6ef7f7dcc3fd88c89a11ec53ec762bb8ba0a96d01ffa2cd45eb1d1d8dd5c5\windows-amd64;C:\Users\Hp\.gradle\native\0d407fdbe67a94daf76414ababcb853783967236a71b16ec16e742cd7a986fd3\windows-amd64

VM Arguments:
jvm_args: --add-opens=java.base/java.util=ALL-UNNAMED --add-opens=java.base/java.lang=ALL-UNNAMED --add-opens=java.base/java.lang.invoke=ALL-UNNAMED --add-opens=java.base/java.util=ALL-UNNAMED --add-opens=java.prefs/java.util.prefs=ALL-UNNAMED --add-opens=java.prefs/java.util.prefs=ALL-UNNAMED --add-opens=java.base/java.nio.charset=ALL-UNNAMED --add-opens=java.base/java.net=ALL-UNNAMED --add-opens=java.base/java.util.concurrent.atomic=ALL-UNNAMED -Xmx2048m -Dfile.encoding=UTF-8 -Duser.country=US -Duser.language=en -Duser.variant 
java_command: org.gradle.launcher.daemon.bootstrap.GradleDaemon 7.4
java_class_path (initial): C:\Users\Hp\.gradle\wrapper\dists\gradle-7.4-bin\c0gwcg53nkjbqw7r0h0umtfvt\gradle-7.4\lib\gradle-launcher-7.4.jar
Launcher Type: SUN_STANDARD

[Global flags]
     intx CICompilerCount                          = 4                                         {product} {ergonomic}
     uint ConcGCThreads                            = 2                                         {product} {ergonomic}
     uint G1ConcRefinementThreads                  = 8                                         {product} {ergonomic}
   size_t G1HeapRegionSize                         = 1048576                                   {product} {ergonomic}
    uintx GCDrainStackTargetSize                   = 64                                        {product} {ergonomic}
   size_t InitialHeapSize                          = 266338304                                 {product} {ergonomic}
   size_t MarkStackSize                            = 4194304                                   {product} {ergonomic}
   size_t MaxHeapSize                              = 2147483648                                {product} {command line}
   size_t MaxNewSize                               = 1287651328                                {product} {ergonomic}
   size_t MinHeapDeltaBytes                        = 1048576                                   {product} {ergonomic}
   size_t MinHeapSize                              = 8388608                                   {product} {ergonomic}
    uintx NonNMethodCodeHeapSize                   = 5839372                                {pd product} {ergonomic}
    uintx NonProfiledCodeHeapSize                  = 122909434                              {pd product} {ergonomic}
    uintx ProfiledCodeHeapSize                     = 122909434                              {pd product} {ergonomic}
    uintx ReservedCodeCacheSize                    = 251658240                              {pd product} {ergonomic}
     bool SegmentedCodeCache                       = true                                      {product} {ergonomic}
   size_t SoftMaxHeapSize                          = 2147483648                             {manageable} {ergonomic}
     bool UseCompressedClassPointers               = true                           {product lp64_product} {ergonomic}
     bool UseCompressedOops                        = true                           {product lp64_product} {ergonomic}
     bool UseG1GC                                  = true                                      {product} {ergonomic}
     bool UseLargePagesIndividualAllocation        = false                                  {pd product} {ergonomic}

Logging:
Log output configuration:
 #0: stdout all=warning uptime,level,tags
 #1: stderr all=off uptime,level,tags

Environment Variables:
JAVA_HOME=C:\Program Files\Eclipse Adoptium\jdk-17.0.3.7-hotspot\
PATH=C:\Program Files (x86)\NVIDIA Corporation\PhysX\Common;C:\Program Files (x86)\VMware\VMware Workstation\bin\;C:\Program Files\Eclipse Adoptium\jdk-17.0.3.7-hotspot\bin;C:\Program Files\Common Files\Oracle\Java\javapath;C:\WINDOWS\system32;C:\WINDOWS;C:\WINDOWS\System32\Wbem;C:\WINDOWS\System32\WindowsPowerShell\v1.0\;C:\WINDOWS\System32\OpenSSH\;C:\Program Files\nodejs\;C:\ProgramData\chocolatey\bin;C:\Program Files\Git\cmd;C:\Program Files\Docker\Docker\resources\bin;C:\ProgramData\DockerDesktop\version-bin;C:\Program Files (x86)\BaseX\bin;C:\Users\Hp\AppData\Local\Programs\Python\Python310\Scripts\;C:\Users\Hp\AppData\Local\Programs\Python\Python310\;C:\Users\Hp\AppData\Local\Microsoft\WindowsApps;C:\Users\Hp\AppData\Roaming\npm;C:\Users\Hp\AppData\Local\Programs\Microsoft VS Code\bin;;C:\Program Files\JetBrains\CLion 2022.1.3\bin;;C:\Program Files\JetBrains\PyCharm Community Edition 2022.1.3\bin;;C:\Program Files\JetBrains\IntelliJ IDEA Community Edition 2022.2.2\bin;
USERNAME=Hp
OS=Windows_NT
PROCESSOR_IDENTIFIER=Intel64 Family 6 Model 142 Stepping 12, GenuineIntel



---------------  S Y S T E M  ---------------

OS:
 Windows 11 , 64 bit Build 22000 (10.0.22000.1219)
OS uptime: 0 days 3:04 hours
Hyper-V role detected

CPU: total 8 (initial active 8) (4 cores per cpu, 2 threads per core) family 6 model 142 stepping 12 microcode 0xf0, cx8, cmov, fxsr, ht, mmx, 3dnowpref, sse, sse2, sse3, ssse3, sse4.1, sse4.2, popcnt, lzcnt, tsc, tscinvbit, avx, avx2, aes, erms, clmul, bmi1, bmi2, adx, fma, vzeroupper, clflush, clflushopt, hv

Memory: 4k page, system-wide physical 16221M (2353M free)
TotalPageFile size 16221M (AvailPageFile size 12M)
current process WorkingSet (physical memory assigned to process): 435M, peak: 437M
current process commit charge ("private bytes"): 480M, peak: 519M

vm_info: OpenJDK 64-Bit Server VM (17.0.3+7) for windows-amd64 JRE (17.0.3+7), built on Apr 19 2022 16:55:35 by "" with MS VC++ 16.7 (VS2019)

END.
